[2026-02-10T11:40:33.481+0000] {local_task_job_runner.py:120} INFO - ::group::Pre task execution logs
[2026-02-10T11:40:33.523+0000] {taskinstance.py:2076} INFO - Dependencies all met for dep_context=non-requeueable deps ti=<TaskInstance: flights_ops_medallions_pipeline.gold_agg scheduled__2026-02-10T11:35:00+00:00 [queued]>
[2026-02-10T11:40:33.534+0000] {taskinstance.py:2076} INFO - Dependencies all met for dep_context=requeueable deps ti=<TaskInstance: flights_ops_medallions_pipeline.gold_agg scheduled__2026-02-10T11:35:00+00:00 [queued]>
[2026-02-10T11:40:33.536+0000] {taskinstance.py:2306} INFO - Starting attempt 1 of 1
[2026-02-10T11:40:33.551+0000] {taskinstance.py:2330} INFO - Executing <Task(PythonOperator): gold_agg> on 2026-02-10 11:35:00+00:00
[2026-02-10T11:40:33.557+0000] {standard_task_runner.py:64} INFO - Started process 4433 to run task
[2026-02-10T11:40:33.560+0000] {standard_task_runner.py:90} INFO - Running: ['airflow', 'tasks', 'run', '***_ops_medallions_pipeline', 'gold_agg', 'scheduled__2026-02-10T11:35:00+00:00', '--job-id', '295', '--raw', '--subdir', 'DAGS_FOLDER/flight_pipeline.py', '--cfg-path', '/tmp/tmpjpiwbfkk']
[2026-02-10T11:40:33.563+0000] {standard_task_runner.py:91} INFO - Job 295: Subtask gold_agg
[2026-02-10T11:40:33.641+0000] {task_command.py:426} INFO - Running <TaskInstance: flights_ops_medallions_pipeline.gold_agg scheduled__2026-02-10T11:35:00+00:00 [running]> on host 7d9a94309692
[2026-02-10T11:40:33.778+0000] {taskinstance.py:2648} INFO - Exporting env vars: AIRFLOW_CTX_DAG_OWNER='airflow' AIRFLOW_CTX_DAG_ID='***_ops_medallions_pipeline' AIRFLOW_CTX_TASK_ID='gold_agg' AIRFLOW_CTX_EXECUTION_DATE='2026-02-10T11:35:00+00:00' AIRFLOW_CTX_TRY_NUMBER='1' AIRFLOW_CTX_DAG_RUN_ID='scheduled__2026-02-10T11:35:00+00:00'
[2026-02-10T11:40:33.779+0000] {taskinstance.py:430} INFO - ::endgroup::
[2026-02-10T11:40:33.816+0000] {logging_mixin.py:188} INFO - [gold] Lecture du fichier : /opt/airflow/data/silver/***_silver_20260210.csv
[2026-02-10T11:40:33.887+0000] {logging_mixin.py:188} INFO - [gold] Sauvegarde vers : /opt/airflow/data/gold/***_gold_20260210.csv
[2026-02-10T11:40:33.927+0000] {logging_mixin.py:188} INFO - [gold] Succès – fichier créé et poussé : /opt/airflow/data/gold/***_gold_20260210.csv
[2026-02-10T11:40:33.928+0000] {python.py:237} INFO - Done. Returned value was: None
[2026-02-10T11:40:33.929+0000] {taskinstance.py:441} INFO - ::group::Post task execution logs
[2026-02-10T11:40:33.946+0000] {taskinstance.py:1206} INFO - Marking task as SUCCESS. dag_id=***_ops_medallions_pipeline, task_id=gold_agg, run_id=scheduled__2026-02-10T11:35:00+00:00, execution_date=20260210T113500, start_date=20260210T114033, end_date=20260210T114033
[2026-02-10T11:40:33.974+0000] {local_task_job_runner.py:243} INFO - Task exited with return code 0
[2026-02-10T11:40:34.003+0000] {taskinstance.py:3503} INFO - 0 downstream tasks scheduled from follow-on schedule check
[2026-02-10T11:40:34.006+0000] {local_task_job_runner.py:222} INFO - ::endgroup::
