[2026-02-10T13:20:18.940+0000] {local_task_job_runner.py:120} INFO - ::group::Pre task execution logs
[2026-02-10T13:20:19.119+0000] {taskinstance.py:2076} INFO - Dependencies all met for dep_context=non-requeueable deps ti=<TaskInstance: flights_ops_medallions_pipeline.bronze_ingest scheduled__2026-02-10T13:15:00+00:00 [queued]>
[2026-02-10T13:20:19.145+0000] {taskinstance.py:2076} INFO - Dependencies all met for dep_context=requeueable deps ti=<TaskInstance: flights_ops_medallions_pipeline.bronze_ingest scheduled__2026-02-10T13:15:00+00:00 [queued]>
[2026-02-10T13:20:19.147+0000] {taskinstance.py:2306} INFO - Starting attempt 1 of 1
[2026-02-10T13:20:19.192+0000] {taskinstance.py:2330} INFO - Executing <Task(PythonOperator): bronze_ingest> on 2026-02-10 13:15:00+00:00
[2026-02-10T13:20:19.220+0000] {standard_task_runner.py:64} INFO - Started process 5866 to run task
[2026-02-10T13:20:19.254+0000] {standard_task_runner.py:90} INFO - Running: ['airflow', 'tasks', 'run', '***_ops_medallions_pipeline', 'bronze_ingest', 'scheduled__2026-02-10T13:15:00+00:00', '--job-id', '382', '--raw', '--subdir', 'DAGS_FOLDER/flight_pipeline.py', '--cfg-path', '/tmp/tmpppb4j7p2']
[2026-02-10T13:20:19.320+0000] {standard_task_runner.py:91} INFO - Job 382: Subtask bronze_ingest
[2026-02-10T13:20:19.698+0000] {task_command.py:426} INFO - Running <TaskInstance: flights_ops_medallions_pipeline.bronze_ingest scheduled__2026-02-10T13:15:00+00:00 [running]> on host 7d9a94309692
[2026-02-10T13:20:20.089+0000] {taskinstance.py:2648} INFO - Exporting env vars: AIRFLOW_CTX_DAG_OWNER='airflow' AIRFLOW_CTX_DAG_ID='***_ops_medallions_pipeline' AIRFLOW_CTX_TASK_ID='bronze_ingest' AIRFLOW_CTX_EXECUTION_DATE='2026-02-10T13:15:00+00:00' AIRFLOW_CTX_TRY_NUMBER='1' AIRFLOW_CTX_DAG_RUN_ID='scheduled__2026-02-10T13:15:00+00:00'
[2026-02-10T13:20:20.092+0000] {taskinstance.py:430} INFO - ::endgroup::
[2026-02-10T13:20:20.982+0000] {taskinstance.py:441} INFO - ::group::Post task execution logs
[2026-02-10T13:20:20.986+0000] {taskinstance.py:2905} ERROR - Task failed with exception
Traceback (most recent call last):
  File "/home/airflow/.local/lib/python3.12/site-packages/airflow/models/taskinstance.py", line 465, in _execute_task
    result = _execute_callable(context=context, **execute_callable_kwargs)
             ^^^^^^^^^^^^^^^^^^^^^^^^^^^^^^^^^^^^^^^^^^^^^^^^^^^^^^^^^^^^^
  File "/home/airflow/.local/lib/python3.12/site-packages/airflow/models/taskinstance.py", line 432, in _execute_callable
    return execute_callable(context=context, **execute_callable_kwargs)
           ^^^^^^^^^^^^^^^^^^^^^^^^^^^^^^^^^^^^^^^^^^^^^^^^^^^^^^^^^^^^
  File "/home/airflow/.local/lib/python3.12/site-packages/airflow/models/baseoperator.py", line 401, in wrapper
    return func(self, *args, **kwargs)
           ^^^^^^^^^^^^^^^^^^^^^^^^^^^
  File "/home/airflow/.local/lib/python3.12/site-packages/airflow/operators/python.py", line 235, in execute
    return_value = self.execute_callable()
                   ^^^^^^^^^^^^^^^^^^^^^^^
  File "/home/airflow/.local/lib/python3.12/site-packages/airflow/operators/python.py", line 252, in execute_callable
    return self.python_callable(*self.op_args, **self.op_kwargs)
           ^^^^^^^^^^^^^^^^^^^^^^^^^^^^^^^^^^^^^^^^^^^^^^^^^^^^^
  File "/opt/airflow/scripts/bronze_ingested.py", line 10, in run_bronze_ingestion
    response.raise_for_status()
  File "/home/airflow/.local/lib/python3.12/site-packages/requests/models.py", line 1024, in raise_for_status
    raise HTTPError(http_error_msg, response=self)
requests.exceptions.HTTPError: 429 Client Error:  for url: https://opensky-network.org/api/states/all
[2026-02-10T13:20:21.080+0000] {taskinstance.py:1206} INFO - Marking task as FAILED. dag_id=***_ops_medallions_pipeline, task_id=bronze_ingest, run_id=scheduled__2026-02-10T13:15:00+00:00, execution_date=20260210T131500, start_date=20260210T132019, end_date=20260210T132021
[2026-02-10T13:20:21.135+0000] {standard_task_runner.py:110} ERROR - Failed to execute job 382 for task bronze_ingest (429 Client Error:  for url: https://opensky-network.org/api/states/all; 5866)
[2026-02-10T13:20:21.195+0000] {local_task_job_runner.py:243} INFO - Task exited with return code 1
[2026-02-10T13:20:21.307+0000] {taskinstance.py:3503} INFO - 0 downstream tasks scheduled from follow-on schedule check
[2026-02-10T13:20:21.324+0000] {local_task_job_runner.py:222} INFO - ::endgroup::
