[2026-02-10T12:30:52.472+0000] {local_task_job_runner.py:120} INFO - ::group::Pre task execution logs
[2026-02-10T12:30:52.537+0000] {taskinstance.py:2076} INFO - Dependencies all met for dep_context=non-requeueable deps ti=<TaskInstance: flights_ops_medallions_pipeline.load_tosnowflake scheduled__2026-02-10T12:25:00+00:00 [queued]>
[2026-02-10T12:30:52.552+0000] {taskinstance.py:2076} INFO - Dependencies all met for dep_context=requeueable deps ti=<TaskInstance: flights_ops_medallions_pipeline.load_tosnowflake scheduled__2026-02-10T12:25:00+00:00 [queued]>
[2026-02-10T12:30:52.553+0000] {taskinstance.py:2306} INFO - Starting attempt 1 of 1
[2026-02-10T12:30:52.573+0000] {taskinstance.py:2330} INFO - Executing <Task(PythonOperator): load_tosnowflake> on 2026-02-10 12:25:00+00:00
[2026-02-10T12:30:52.596+0000] {standard_task_runner.py:64} INFO - Started process 5291 to run task
[2026-02-10T12:30:52.602+0000] {standard_task_runner.py:90} INFO - Running: ['airflow', 'tasks', 'run', '***_ops_medallions_pipeline', 'load_tosnowflake', 'scheduled__2026-02-10T12:25:00+00:00', '--job-id', '354', '--raw', '--subdir', 'DAGS_FOLDER/flight_pipeline.py', '--cfg-path', '/tmp/tmppj5j17yt']
[2026-02-10T12:30:52.611+0000] {standard_task_runner.py:91} INFO - Job 354: Subtask load_tosnowflake
[2026-02-10T12:30:52.747+0000] {task_command.py:426} INFO - Running <TaskInstance: flights_ops_medallions_pipeline.load_tosnowflake scheduled__2026-02-10T12:25:00+00:00 [running]> on host 7d9a94309692
[2026-02-10T12:30:52.964+0000] {taskinstance.py:2648} INFO - Exporting env vars: AIRFLOW_CTX_DAG_OWNER='airflow' AIRFLOW_CTX_DAG_ID='***_ops_medallions_pipeline' AIRFLOW_CTX_TASK_ID='load_tosnowflake' AIRFLOW_CTX_EXECUTION_DATE='2026-02-10T12:25:00+00:00' AIRFLOW_CTX_TRY_NUMBER='1' AIRFLOW_CTX_DAG_RUN_ID='scheduled__2026-02-10T12:25:00+00:00'
[2026-02-10T12:30:52.966+0000] {taskinstance.py:430} INFO - ::endgroup::
[2026-02-10T12:30:53.055+0000] {base.py:84} INFO - Using connection ID 'flight_snowflake' for task execution.
[2026-02-10T12:30:53.057+0000] {connection.py:408} INFO - Snowflake Connector for Python Version: 3.11.0, Python Version: 3.12.4, Platform: Linux-5.15.153.1-microsoft-standard-WSL2-x86_64-with-glibc2.36
[2026-02-10T12:30:53.060+0000] {connection.py:1258} INFO - This connection is in OCSP Fail Open Mode. TLS Certificates would be checked for validity and revocation status. Any other Certificate Revocation related exceptions or OCSP Responder failures would be disregarded in favor of connectivity.
[2026-02-10T12:31:58.092+0000] {connection.py:773} INFO - closed
[2026-02-10T12:31:58.216+0000] {connection.py:779} INFO - No async queries seem to be running, deleting session
[2026-02-10T12:31:58.357+0000] {python.py:237} INFO - Done. Returned value was: None
[2026-02-10T12:31:58.361+0000] {taskinstance.py:441} INFO - ::group::Post task execution logs
[2026-02-10T12:31:58.384+0000] {taskinstance.py:1206} INFO - Marking task as SUCCESS. dag_id=***_ops_medallions_pipeline, task_id=load_tosnowflake, run_id=scheduled__2026-02-10T12:25:00+00:00, execution_date=20260210T122500, start_date=20260210T123052, end_date=20260210T123158
[2026-02-10T12:31:58.439+0000] {local_task_job_runner.py:243} INFO - Task exited with return code 0
[2026-02-10T12:31:58.461+0000] {taskinstance.py:3503} INFO - 0 downstream tasks scheduled from follow-on schedule check
[2026-02-10T12:31:58.463+0000] {local_task_job_runner.py:222} INFO - ::endgroup::
