[2026-02-09T22:15:36.733+0000] {local_task_job_runner.py:120} INFO - ::group::Pre task execution logs
[2026-02-09T22:15:36.795+0000] {taskinstance.py:2076} INFO - Dependencies all met for dep_context=non-requeueable deps ti=<TaskInstance: flights_ops_medallions_pipeline.gold_agg scheduled__2026-02-09T22:10:00+00:00 [queued]>
[2026-02-09T22:15:36.810+0000] {taskinstance.py:2076} INFO - Dependencies all met for dep_context=requeueable deps ti=<TaskInstance: flights_ops_medallions_pipeline.gold_agg scheduled__2026-02-09T22:10:00+00:00 [queued]>
[2026-02-09T22:15:36.812+0000] {taskinstance.py:2306} INFO - Starting attempt 1 of 1
[2026-02-09T22:15:36.838+0000] {taskinstance.py:2330} INFO - Executing <Task(PythonOperator): gold_agg> on 2026-02-09 22:10:00+00:00
[2026-02-09T22:15:36.847+0000] {standard_task_runner.py:64} INFO - Started process 2498 to run task
[2026-02-09T22:15:36.853+0000] {standard_task_runner.py:90} INFO - Running: ['airflow', 'tasks', 'run', '***_ops_medallions_pipeline', 'gold_agg', 'scheduled__2026-02-09T22:10:00+00:00', '--job-id', '168', '--raw', '--subdir', 'DAGS_FOLDER/flight_pipeline.py', '--cfg-path', '/tmp/tmp4a69cyif']
[2026-02-09T22:15:36.857+0000] {standard_task_runner.py:91} INFO - Job 168: Subtask gold_agg
[2026-02-09T22:15:37.016+0000] {task_command.py:426} INFO - Running <TaskInstance: flights_ops_medallions_pipeline.gold_agg scheduled__2026-02-09T22:10:00+00:00 [running]> on host 7d9a94309692
[2026-02-09T22:15:37.268+0000] {taskinstance.py:2648} INFO - Exporting env vars: AIRFLOW_CTX_DAG_OWNER='airflow' AIRFLOW_CTX_DAG_ID='***_ops_medallions_pipeline' AIRFLOW_CTX_TASK_ID='gold_agg' AIRFLOW_CTX_EXECUTION_DATE='2026-02-09T22:10:00+00:00' AIRFLOW_CTX_TRY_NUMBER='1' AIRFLOW_CTX_DAG_RUN_ID='scheduled__2026-02-09T22:10:00+00:00'
[2026-02-09T22:15:37.270+0000] {taskinstance.py:430} INFO - ::endgroup::
[2026-02-09T22:15:37.370+0000] {logging_mixin.py:188} INFO - [gold] Lecture du fichier : /opt/airflow/data/silver/***_silver_20260209.csv
[2026-02-09T22:15:37.459+0000] {logging_mixin.py:188} INFO - [gold] Sauvegarde vers : /opt/airflow/data/gold/***_gold_20260209.csv
[2026-02-09T22:15:37.510+0000] {logging_mixin.py:188} INFO - [gold] Succès – fichier créé et poussé : /opt/airflow/data/gold/***_gold_20260209.csv
[2026-02-09T22:15:37.512+0000] {python.py:237} INFO - Done. Returned value was: None
[2026-02-09T22:15:37.513+0000] {taskinstance.py:441} INFO - ::group::Post task execution logs
[2026-02-09T22:15:37.558+0000] {taskinstance.py:1206} INFO - Marking task as SUCCESS. dag_id=***_ops_medallions_pipeline, task_id=gold_agg, run_id=scheduled__2026-02-09T22:10:00+00:00, execution_date=20260209T221000, start_date=20260209T221536, end_date=20260209T221537
[2026-02-09T22:15:37.630+0000] {local_task_job_runner.py:243} INFO - Task exited with return code 0
[2026-02-09T22:15:37.708+0000] {taskinstance.py:3503} INFO - 0 downstream tasks scheduled from follow-on schedule check
[2026-02-09T22:15:37.714+0000] {local_task_job_runner.py:222} INFO - ::endgroup::
