[2026-02-10T12:16:06.839+0000] {local_task_job_runner.py:120} INFO - ::group::Pre task execution logs
[2026-02-10T12:16:06.881+0000] {taskinstance.py:2076} INFO - Dependencies all met for dep_context=non-requeueable deps ti=<TaskInstance: flights_ops_medallions_pipeline.load_tosnowflake scheduled__2026-02-10T12:10:00+00:00 [queued]>
[2026-02-10T12:16:06.891+0000] {taskinstance.py:2076} INFO - Dependencies all met for dep_context=requeueable deps ti=<TaskInstance: flights_ops_medallions_pipeline.load_tosnowflake scheduled__2026-02-10T12:10:00+00:00 [queued]>
[2026-02-10T12:16:06.892+0000] {taskinstance.py:2306} INFO - Starting attempt 1 of 1
[2026-02-10T12:16:06.909+0000] {taskinstance.py:2330} INFO - Executing <Task(PythonOperator): load_tosnowflake> on 2026-02-10 12:10:00+00:00
[2026-02-10T12:16:06.917+0000] {standard_task_runner.py:64} INFO - Started process 4861 to run task
[2026-02-10T12:16:06.920+0000] {standard_task_runner.py:90} INFO - Running: ['airflow', 'tasks', 'run', '***_ops_medallions_pipeline', 'load_tosnowflake', 'scheduled__2026-02-10T12:10:00+00:00', '--job-id', '322', '--raw', '--subdir', 'DAGS_FOLDER/flight_pipeline.py', '--cfg-path', '/tmp/tmp8vkzsedb']
[2026-02-10T12:16:06.923+0000] {standard_task_runner.py:91} INFO - Job 322: Subtask load_tosnowflake
[2026-02-10T12:16:07.000+0000] {task_command.py:426} INFO - Running <TaskInstance: flights_ops_medallions_pipeline.load_tosnowflake scheduled__2026-02-10T12:10:00+00:00 [running]> on host 7d9a94309692
[2026-02-10T12:16:07.132+0000] {taskinstance.py:2648} INFO - Exporting env vars: AIRFLOW_CTX_DAG_OWNER='airflow' AIRFLOW_CTX_DAG_ID='***_ops_medallions_pipeline' AIRFLOW_CTX_TASK_ID='load_tosnowflake' AIRFLOW_CTX_EXECUTION_DATE='2026-02-10T12:10:00+00:00' AIRFLOW_CTX_TRY_NUMBER='1' AIRFLOW_CTX_DAG_RUN_ID='scheduled__2026-02-10T12:10:00+00:00'
[2026-02-10T12:16:07.133+0000] {taskinstance.py:430} INFO - ::endgroup::
[2026-02-10T12:16:07.167+0000] {taskinstance.py:441} INFO - ::group::Post task execution logs
[2026-02-10T12:16:07.168+0000] {taskinstance.py:2905} ERROR - Task failed with exception
Traceback (most recent call last):
  File "/home/airflow/.local/lib/python3.12/site-packages/airflow/models/taskinstance.py", line 465, in _execute_task
    result = _execute_callable(context=context, **execute_callable_kwargs)
             ^^^^^^^^^^^^^^^^^^^^^^^^^^^^^^^^^^^^^^^^^^^^^^^^^^^^^^^^^^^^^
  File "/home/airflow/.local/lib/python3.12/site-packages/airflow/models/taskinstance.py", line 432, in _execute_callable
    return execute_callable(context=context, **execute_callable_kwargs)
           ^^^^^^^^^^^^^^^^^^^^^^^^^^^^^^^^^^^^^^^^^^^^^^^^^^^^^^^^^^^^
  File "/home/airflow/.local/lib/python3.12/site-packages/airflow/models/baseoperator.py", line 401, in wrapper
    return func(self, *args, **kwargs)
           ^^^^^^^^^^^^^^^^^^^^^^^^^^^
  File "/home/airflow/.local/lib/python3.12/site-packages/airflow/operators/python.py", line 235, in execute
    return_value = self.execute_callable()
                   ^^^^^^^^^^^^^^^^^^^^^^^
  File "/home/airflow/.local/lib/python3.12/site-packages/airflow/operators/python.py", line 252, in execute_callable
    return self.python_callable(*self.op_args, **self.op_kwargs)
           ^^^^^^^^^^^^^^^^^^^^^^^^^^^^^^^^^^^^^^^^^^^^^^^^^^^^^
  File "/opt/airflow/scripts/load_gold_to_snowflake.py", line 13, in load_gold_to_snowflake
    df = df.read_csv(gold_file)
         ^^
UnboundLocalError: cannot access local variable 'df' where it is not associated with a value
[2026-02-10T12:16:07.193+0000] {taskinstance.py:1206} INFO - Marking task as FAILED. dag_id=***_ops_medallions_pipeline, task_id=load_tosnowflake, run_id=scheduled__2026-02-10T12:10:00+00:00, execution_date=20260210T121000, start_date=20260210T121606, end_date=20260210T121607
[2026-02-10T12:16:07.211+0000] {standard_task_runner.py:110} ERROR - Failed to execute job 322 for task load_tosnowflake (cannot access local variable 'df' where it is not associated with a value; 4861)
[2026-02-10T12:16:07.254+0000] {local_task_job_runner.py:243} INFO - Task exited with return code 1
[2026-02-10T12:16:07.281+0000] {taskinstance.py:3503} INFO - 0 downstream tasks scheduled from follow-on schedule check
[2026-02-10T12:16:07.284+0000] {local_task_job_runner.py:222} INFO - ::endgroup::
