[2026-02-10T13:15:13.691+0000] {local_task_job_runner.py:120} INFO - ::group::Pre task execution logs
[2026-02-10T13:15:13.824+0000] {taskinstance.py:2076} INFO - Dependencies all met for dep_context=non-requeueable deps ti=<TaskInstance: flights_ops_medallions_pipeline.bronze_ingest scheduled__2026-02-10T13:10:00+00:00 [queued]>
[2026-02-10T13:15:13.846+0000] {taskinstance.py:2076} INFO - Dependencies all met for dep_context=requeueable deps ti=<TaskInstance: flights_ops_medallions_pipeline.bronze_ingest scheduled__2026-02-10T13:10:00+00:00 [queued]>
[2026-02-10T13:15:13.848+0000] {taskinstance.py:2306} INFO - Starting attempt 1 of 1
[2026-02-10T13:15:13.892+0000] {taskinstance.py:2330} INFO - Executing <Task(PythonOperator): bronze_ingest> on 2026-02-10 13:10:00+00:00
[2026-02-10T13:15:13.955+0000] {standard_task_runner.py:64} INFO - Started process 5828 to run task
[2026-02-10T13:15:13.989+0000] {standard_task_runner.py:90} INFO - Running: ['airflow', 'tasks', 'run', '***_ops_medallions_pipeline', 'bronze_ingest', 'scheduled__2026-02-10T13:10:00+00:00', '--job-id', '381', '--raw', '--subdir', 'DAGS_FOLDER/flight_pipeline.py', '--cfg-path', '/tmp/tmp1vaa2jqz']
[2026-02-10T13:15:14.033+0000] {standard_task_runner.py:91} INFO - Job 381: Subtask bronze_ingest
[2026-02-10T13:15:14.226+0000] {task_command.py:426} INFO - Running <TaskInstance: flights_ops_medallions_pipeline.bronze_ingest scheduled__2026-02-10T13:10:00+00:00 [running]> on host 7d9a94309692
[2026-02-10T13:15:14.619+0000] {taskinstance.py:2648} INFO - Exporting env vars: AIRFLOW_CTX_DAG_OWNER='airflow' AIRFLOW_CTX_DAG_ID='***_ops_medallions_pipeline' AIRFLOW_CTX_TASK_ID='bronze_ingest' AIRFLOW_CTX_EXECUTION_DATE='2026-02-10T13:10:00+00:00' AIRFLOW_CTX_TRY_NUMBER='1' AIRFLOW_CTX_DAG_RUN_ID='scheduled__2026-02-10T13:10:00+00:00'
[2026-02-10T13:15:14.626+0000] {taskinstance.py:430} INFO - ::endgroup::
[2026-02-10T13:15:15.087+0000] {taskinstance.py:441} INFO - ::group::Post task execution logs
[2026-02-10T13:15:15.090+0000] {taskinstance.py:2905} ERROR - Task failed with exception
Traceback (most recent call last):
  File "/home/airflow/.local/lib/python3.12/site-packages/airflow/models/taskinstance.py", line 465, in _execute_task
    result = _execute_callable(context=context, **execute_callable_kwargs)
             ^^^^^^^^^^^^^^^^^^^^^^^^^^^^^^^^^^^^^^^^^^^^^^^^^^^^^^^^^^^^^
  File "/home/airflow/.local/lib/python3.12/site-packages/airflow/models/taskinstance.py", line 432, in _execute_callable
    return execute_callable(context=context, **execute_callable_kwargs)
           ^^^^^^^^^^^^^^^^^^^^^^^^^^^^^^^^^^^^^^^^^^^^^^^^^^^^^^^^^^^^
  File "/home/airflow/.local/lib/python3.12/site-packages/airflow/models/baseoperator.py", line 401, in wrapper
    return func(self, *args, **kwargs)
           ^^^^^^^^^^^^^^^^^^^^^^^^^^^
  File "/home/airflow/.local/lib/python3.12/site-packages/airflow/operators/python.py", line 235, in execute
    return_value = self.execute_callable()
                   ^^^^^^^^^^^^^^^^^^^^^^^
  File "/home/airflow/.local/lib/python3.12/site-packages/airflow/operators/python.py", line 252, in execute_callable
    return self.python_callable(*self.op_args, **self.op_kwargs)
           ^^^^^^^^^^^^^^^^^^^^^^^^^^^^^^^^^^^^^^^^^^^^^^^^^^^^^
  File "/opt/airflow/scripts/bronze_ingested.py", line 10, in run_bronze_ingestion
    response.raise_for_status()
  File "/home/airflow/.local/lib/python3.12/site-packages/requests/models.py", line 1024, in raise_for_status
    raise HTTPError(http_error_msg, response=self)
requests.exceptions.HTTPError: 429 Client Error:  for url: https://opensky-network.org/api/states/all
[2026-02-10T13:15:15.170+0000] {taskinstance.py:1206} INFO - Marking task as FAILED. dag_id=***_ops_medallions_pipeline, task_id=bronze_ingest, run_id=scheduled__2026-02-10T13:10:00+00:00, execution_date=20260210T131000, start_date=20260210T131513, end_date=20260210T131515
[2026-02-10T13:15:15.221+0000] {standard_task_runner.py:110} ERROR - Failed to execute job 381 for task bronze_ingest (429 Client Error:  for url: https://opensky-network.org/api/states/all; 5828)
[2026-02-10T13:15:15.293+0000] {local_task_job_runner.py:243} INFO - Task exited with return code 1
[2026-02-10T13:15:15.360+0000] {taskinstance.py:3503} INFO - 0 downstream tasks scheduled from follow-on schedule check
[2026-02-10T13:15:15.369+0000] {local_task_job_runner.py:222} INFO - ::endgroup::
