[2026-02-10T13:30:22.475+0000] {local_task_job_runner.py:120} INFO - ::group::Pre task execution logs
[2026-02-10T13:30:22.629+0000] {taskinstance.py:2076} INFO - Dependencies all met for dep_context=non-requeueable deps ti=<TaskInstance: flights_ops_medallions_pipeline.bronze_ingest scheduled__2026-02-10T13:25:00+00:00 [queued]>
[2026-02-10T13:30:22.648+0000] {taskinstance.py:2076} INFO - Dependencies all met for dep_context=requeueable deps ti=<TaskInstance: flights_ops_medallions_pipeline.bronze_ingest scheduled__2026-02-10T13:25:00+00:00 [queued]>
[2026-02-10T13:30:22.649+0000] {taskinstance.py:2306} INFO - Starting attempt 1 of 1
[2026-02-10T13:30:22.686+0000] {taskinstance.py:2330} INFO - Executing <Task(PythonOperator): bronze_ingest> on 2026-02-10 13:25:00+00:00
[2026-02-10T13:30:22.704+0000] {standard_task_runner.py:90} INFO - Running: ['airflow', 'tasks', 'run', '***_ops_medallions_pipeline', 'bronze_ingest', 'scheduled__2026-02-10T13:25:00+00:00', '--job-id', '384', '--raw', '--subdir', 'DAGS_FOLDER/flight_pipeline.py', '--cfg-path', '/tmp/tmpwpcr12nf']
[2026-02-10T13:30:22.699+0000] {standard_task_runner.py:64} INFO - Started process 5942 to run task
[2026-02-10T13:30:22.712+0000] {standard_task_runner.py:91} INFO - Job 384: Subtask bronze_ingest
[2026-02-10T13:30:22.986+0000] {task_command.py:426} INFO - Running <TaskInstance: flights_ops_medallions_pipeline.bronze_ingest scheduled__2026-02-10T13:25:00+00:00 [running]> on host 7d9a94309692
[2026-02-10T13:30:23.593+0000] {taskinstance.py:2648} INFO - Exporting env vars: AIRFLOW_CTX_DAG_OWNER='airflow' AIRFLOW_CTX_DAG_ID='***_ops_medallions_pipeline' AIRFLOW_CTX_TASK_ID='bronze_ingest' AIRFLOW_CTX_EXECUTION_DATE='2026-02-10T13:25:00+00:00' AIRFLOW_CTX_TRY_NUMBER='1' AIRFLOW_CTX_DAG_RUN_ID='scheduled__2026-02-10T13:25:00+00:00'
[2026-02-10T13:30:23.596+0000] {taskinstance.py:430} INFO - ::endgroup::
[2026-02-10T13:30:24.695+0000] {taskinstance.py:441} INFO - ::group::Post task execution logs
[2026-02-10T13:30:24.697+0000] {taskinstance.py:2905} ERROR - Task failed with exception
Traceback (most recent call last):
  File "/home/airflow/.local/lib/python3.12/site-packages/airflow/models/taskinstance.py", line 465, in _execute_task
    result = _execute_callable(context=context, **execute_callable_kwargs)
             ^^^^^^^^^^^^^^^^^^^^^^^^^^^^^^^^^^^^^^^^^^^^^^^^^^^^^^^^^^^^^
  File "/home/airflow/.local/lib/python3.12/site-packages/airflow/models/taskinstance.py", line 432, in _execute_callable
    return execute_callable(context=context, **execute_callable_kwargs)
           ^^^^^^^^^^^^^^^^^^^^^^^^^^^^^^^^^^^^^^^^^^^^^^^^^^^^^^^^^^^^
  File "/home/airflow/.local/lib/python3.12/site-packages/airflow/models/baseoperator.py", line 401, in wrapper
    return func(self, *args, **kwargs)
           ^^^^^^^^^^^^^^^^^^^^^^^^^^^
  File "/home/airflow/.local/lib/python3.12/site-packages/airflow/operators/python.py", line 235, in execute
    return_value = self.execute_callable()
                   ^^^^^^^^^^^^^^^^^^^^^^^
  File "/home/airflow/.local/lib/python3.12/site-packages/airflow/operators/python.py", line 252, in execute_callable
    return self.python_callable(*self.op_args, **self.op_kwargs)
           ^^^^^^^^^^^^^^^^^^^^^^^^^^^^^^^^^^^^^^^^^^^^^^^^^^^^^
  File "/opt/airflow/scripts/bronze_ingested.py", line 10, in run_bronze_ingestion
    response.raise_for_status()
  File "/home/airflow/.local/lib/python3.12/site-packages/requests/models.py", line 1024, in raise_for_status
    raise HTTPError(http_error_msg, response=self)
requests.exceptions.HTTPError: 429 Client Error:  for url: https://opensky-network.org/api/states/all
[2026-02-10T13:30:24.799+0000] {taskinstance.py:1206} INFO - Marking task as FAILED. dag_id=***_ops_medallions_pipeline, task_id=bronze_ingest, run_id=scheduled__2026-02-10T13:25:00+00:00, execution_date=20260210T132500, start_date=20260210T133022, end_date=20260210T133024
[2026-02-10T13:30:24.840+0000] {standard_task_runner.py:110} ERROR - Failed to execute job 384 for task bronze_ingest (429 Client Error:  for url: https://opensky-network.org/api/states/all; 5942)
[2026-02-10T13:30:24.869+0000] {local_task_job_runner.py:243} INFO - Task exited with return code 1
[2026-02-10T13:30:24.932+0000] {taskinstance.py:3503} INFO - 0 downstream tasks scheduled from follow-on schedule check
[2026-02-10T13:30:24.942+0000] {local_task_job_runner.py:222} INFO - ::endgroup::
