[2026-02-10T12:13:15.561+0000] {local_task_job_runner.py:120} INFO - ::group::Pre task execution logs
[2026-02-10T12:13:15.603+0000] {taskinstance.py:2076} INFO - Dependencies all met for dep_context=non-requeueable deps ti=<TaskInstance: flights_ops_medallions_pipeline.load_tosnowflake scheduled__2026-02-10T12:05:00+00:00 [queued]>
[2026-02-10T12:13:15.615+0000] {taskinstance.py:2076} INFO - Dependencies all met for dep_context=requeueable deps ti=<TaskInstance: flights_ops_medallions_pipeline.load_tosnowflake scheduled__2026-02-10T12:05:00+00:00 [queued]>
[2026-02-10T12:13:15.616+0000] {taskinstance.py:2306} INFO - Starting attempt 1 of 1
[2026-02-10T12:13:15.633+0000] {taskinstance.py:2330} INFO - Executing <Task(PythonOperator): load_tosnowflake> on 2026-02-10 12:05:00+00:00
[2026-02-10T12:13:15.642+0000] {standard_task_runner.py:64} INFO - Started process 4758 to run task
[2026-02-10T12:13:15.645+0000] {standard_task_runner.py:90} INFO - Running: ['airflow', 'tasks', 'run', '***_ops_medallions_pipeline', 'load_tosnowflake', 'scheduled__2026-02-10T12:05:00+00:00', '--job-id', '314', '--raw', '--subdir', 'DAGS_FOLDER/flight_pipeline.py', '--cfg-path', '/tmp/tmpfzf20ze7']
[2026-02-10T12:13:15.648+0000] {standard_task_runner.py:91} INFO - Job 314: Subtask load_tosnowflake
[2026-02-10T12:13:15.722+0000] {task_command.py:426} INFO - Running <TaskInstance: flights_ops_medallions_pipeline.load_tosnowflake scheduled__2026-02-10T12:05:00+00:00 [running]> on host 7d9a94309692
[2026-02-10T12:13:15.849+0000] {taskinstance.py:2648} INFO - Exporting env vars: AIRFLOW_CTX_DAG_OWNER='airflow' AIRFLOW_CTX_DAG_ID='***_ops_medallions_pipeline' AIRFLOW_CTX_TASK_ID='load_tosnowflake' AIRFLOW_CTX_EXECUTION_DATE='2026-02-10T12:05:00+00:00' AIRFLOW_CTX_TRY_NUMBER='1' AIRFLOW_CTX_DAG_RUN_ID='scheduled__2026-02-10T12:05:00+00:00'
[2026-02-10T12:13:15.850+0000] {taskinstance.py:430} INFO - ::endgroup::
[2026-02-10T12:13:15.884+0000] {taskinstance.py:441} INFO - ::group::Post task execution logs
[2026-02-10T12:13:15.885+0000] {taskinstance.py:2905} ERROR - Task failed with exception
Traceback (most recent call last):
  File "/home/airflow/.local/lib/python3.12/site-packages/airflow/models/taskinstance.py", line 465, in _execute_task
    result = _execute_callable(context=context, **execute_callable_kwargs)
             ^^^^^^^^^^^^^^^^^^^^^^^^^^^^^^^^^^^^^^^^^^^^^^^^^^^^^^^^^^^^^
  File "/home/airflow/.local/lib/python3.12/site-packages/airflow/models/taskinstance.py", line 432, in _execute_callable
    return execute_callable(context=context, **execute_callable_kwargs)
           ^^^^^^^^^^^^^^^^^^^^^^^^^^^^^^^^^^^^^^^^^^^^^^^^^^^^^^^^^^^^
  File "/home/airflow/.local/lib/python3.12/site-packages/airflow/models/baseoperator.py", line 401, in wrapper
    return func(self, *args, **kwargs)
           ^^^^^^^^^^^^^^^^^^^^^^^^^^^
  File "/home/airflow/.local/lib/python3.12/site-packages/airflow/operators/python.py", line 235, in execute
    return_value = self.execute_callable()
                   ^^^^^^^^^^^^^^^^^^^^^^^
  File "/home/airflow/.local/lib/python3.12/site-packages/airflow/operators/python.py", line 252, in execute_callable
    return self.python_callable(*self.op_args, **self.op_kwargs)
           ^^^^^^^^^^^^^^^^^^^^^^^^^^^^^^^^^^^^^^^^^^^^^^^^^^^^^
  File "/opt/airflow/scripts/load_gold_to_snowflake.py", line 11, in load_gold_to_snowflake
    execution_date =context["date_interval_start"].strtime("%Y-%m-%d-%H:%M:%S")
                    ~~~~~~~^^^^^^^^^^^^^^^^^^^^^^^
KeyError: 'date_interval_start'
[2026-02-10T12:13:15.921+0000] {taskinstance.py:1206} INFO - Marking task as FAILED. dag_id=***_ops_medallions_pipeline, task_id=load_tosnowflake, run_id=scheduled__2026-02-10T12:05:00+00:00, execution_date=20260210T120500, start_date=20260210T121315, end_date=20260210T121315
[2026-02-10T12:13:15.939+0000] {standard_task_runner.py:110} ERROR - Failed to execute job 314 for task load_tosnowflake ('date_interval_start'; 4758)
[2026-02-10T12:13:15.980+0000] {local_task_job_runner.py:243} INFO - Task exited with return code 1
[2026-02-10T12:13:16.012+0000] {taskinstance.py:3503} INFO - 0 downstream tasks scheduled from follow-on schedule check
[2026-02-10T12:13:16.016+0000] {local_task_job_runner.py:222} INFO - ::endgroup::
