[2026-02-09T17:50:20.524+0000] {local_task_job_runner.py:120} INFO - ::group::Pre task execution logs
[2026-02-09T17:50:20.920+0000] {taskinstance.py:2076} INFO - Dependencies all met for dep_context=non-requeueable deps ti=<TaskInstance: flights_ops_medallions_pipeline.bronze_ingest scheduled__2026-02-09T17:45:00+00:00 [queued]>
[2026-02-09T17:50:20.968+0000] {taskinstance.py:2076} INFO - Dependencies all met for dep_context=requeueable deps ti=<TaskInstance: flights_ops_medallions_pipeline.bronze_ingest scheduled__2026-02-09T17:45:00+00:00 [queued]>
[2026-02-09T17:50:20.970+0000] {taskinstance.py:2306} INFO - Starting attempt 1 of 1
[2026-02-09T17:50:21.017+0000] {taskinstance.py:2330} INFO - Executing <Task(PythonOperator): bronze_ingest> on 2026-02-09 17:45:00+00:00
[2026-02-09T17:50:21.052+0000] {standard_task_runner.py:90} INFO - Running: ['airflow', 'tasks', 'run', '***_ops_medallions_pipeline', 'bronze_ingest', 'scheduled__2026-02-09T17:45:00+00:00', '--job-id', '31', '--raw', '--subdir', 'DAGS_FOLDER/flight_pipeline.py', '--cfg-path', '/tmp/tmplj4f1n5k']
[2026-02-09T17:50:21.062+0000] {standard_task_runner.py:91} INFO - Job 31: Subtask bronze_ingest
[2026-02-09T17:50:21.088+0000] {logging_mixin.py:188} WARNING - /home/airflow/.local/lib/python3.12/site-packages/airflow/task/task_runner/standard_task_runner.py:62 DeprecationWarning: This process (pid=500) is multi-threaded, use of fork() may lead to deadlocks in the child.
[2026-02-09T17:50:21.096+0000] {standard_task_runner.py:64} INFO - Started process 509 to run task
[2026-02-09T17:50:21.914+0000] {task_command.py:426} INFO - Running <TaskInstance: flights_ops_medallions_pipeline.bronze_ingest scheduled__2026-02-09T17:45:00+00:00 [running]> on host 4aef9b1b5369
[2026-02-09T17:50:22.305+0000] {taskinstance.py:2648} INFO - Exporting env vars: AIRFLOW_CTX_DAG_OWNER='airflow' AIRFLOW_CTX_DAG_ID='***_ops_medallions_pipeline' AIRFLOW_CTX_TASK_ID='bronze_ingest' AIRFLOW_CTX_EXECUTION_DATE='2026-02-09T17:45:00+00:00' AIRFLOW_CTX_TRY_NUMBER='1' AIRFLOW_CTX_DAG_RUN_ID='scheduled__2026-02-09T17:45:00+00:00'
[2026-02-09T17:50:22.308+0000] {taskinstance.py:430} INFO - ::endgroup::
[2026-02-09T17:50:27.317+0000] {python.py:237} INFO - Done. Returned value was: None
[2026-02-09T17:50:27.319+0000] {taskinstance.py:441} INFO - ::group::Post task execution logs
[2026-02-09T17:50:27.353+0000] {taskinstance.py:1206} INFO - Marking task as SUCCESS. dag_id=***_ops_medallions_pipeline, task_id=bronze_ingest, run_id=scheduled__2026-02-09T17:45:00+00:00, execution_date=20260209T174500, start_date=20260209T175020, end_date=20260209T175027
[2026-02-09T17:50:27.432+0000] {local_task_job_runner.py:243} INFO - Task exited with return code 0
[2026-02-09T17:50:27.479+0000] {taskinstance.py:3503} INFO - 1 downstream tasks scheduled from follow-on schedule check
[2026-02-09T17:50:27.484+0000] {local_task_job_runner.py:222} INFO - ::endgroup::
[2026-02-09T17:55:38.402+0000] {local_task_job_runner.py:120} INFO - ::group::Pre task execution logs
[2026-02-09T17:55:38.566+0000] {taskinstance.py:2076} INFO - Dependencies all met for dep_context=non-requeueable deps ti=<TaskInstance: flights_ops_medallions_pipeline.bronze_ingest scheduled__2026-02-09T17:45:00+00:00 [queued]>
[2026-02-09T17:55:38.590+0000] {taskinstance.py:2076} INFO - Dependencies all met for dep_context=requeueable deps ti=<TaskInstance: flights_ops_medallions_pipeline.bronze_ingest scheduled__2026-02-09T17:45:00+00:00 [queued]>
[2026-02-09T17:55:38.591+0000] {taskinstance.py:2306} INFO - Starting attempt 1 of 1
[2026-02-09T17:55:38.618+0000] {taskinstance.py:2330} INFO - Executing <Task(PythonOperator): bronze_ingest> on 2026-02-09 17:45:00+00:00
[2026-02-09T17:55:38.676+0000] {logging_mixin.py:188} WARNING - /home/airflow/.local/lib/python3.12/site-packages/airflow/task/task_runner/standard_task_runner.py:62 DeprecationWarning: This process (pid=31) is multi-threaded, use of fork() may lead to deadlocks in the child.
[2026-02-09T17:55:38.725+0000] {standard_task_runner.py:64} INFO - Started process 40 to run task
[2026-02-09T17:55:38.655+0000] {standard_task_runner.py:90} INFO - Running: ['airflow', 'tasks', 'run', '***_ops_medallions_pipeline', 'bronze_ingest', 'scheduled__2026-02-09T17:45:00+00:00', '--job-id', '2', '--raw', '--subdir', 'DAGS_FOLDER/flight_pipeline.py', '--cfg-path', '/tmp/tmpa1qooy8x']
[2026-02-09T17:55:38.740+0000] {standard_task_runner.py:91} INFO - Job 2: Subtask bronze_ingest
[2026-02-09T17:55:39.593+0000] {task_command.py:426} INFO - Running <TaskInstance: flights_ops_medallions_pipeline.bronze_ingest scheduled__2026-02-09T17:45:00+00:00 [running]> on host 7d9a94309692
[2026-02-09T17:55:40.142+0000] {taskinstance.py:2648} INFO - Exporting env vars: AIRFLOW_CTX_DAG_OWNER='airflow' AIRFLOW_CTX_DAG_ID='***_ops_medallions_pipeline' AIRFLOW_CTX_TASK_ID='bronze_ingest' AIRFLOW_CTX_EXECUTION_DATE='2026-02-09T17:45:00+00:00' AIRFLOW_CTX_TRY_NUMBER='1' AIRFLOW_CTX_DAG_RUN_ID='scheduled__2026-02-09T17:45:00+00:00'
[2026-02-09T17:55:40.155+0000] {taskinstance.py:430} INFO - ::endgroup::
[2026-02-09T17:55:45.296+0000] {python.py:237} INFO - Done. Returned value was: None
[2026-02-09T17:55:45.298+0000] {taskinstance.py:441} INFO - ::group::Post task execution logs
[2026-02-09T17:55:45.344+0000] {taskinstance.py:1206} INFO - Marking task as SUCCESS. dag_id=***_ops_medallions_pipeline, task_id=bronze_ingest, run_id=scheduled__2026-02-09T17:45:00+00:00, execution_date=20260209T174500, start_date=20260209T175538, end_date=20260209T175545
[2026-02-09T17:55:45.450+0000] {local_task_job_runner.py:243} INFO - Task exited with return code 0
[2026-02-09T17:55:45.524+0000] {taskinstance.py:3503} INFO - 1 downstream tasks scheduled from follow-on schedule check
[2026-02-09T17:55:45.533+0000] {local_task_job_runner.py:222} INFO - ::endgroup::
