[2026-02-10T12:21:51.560+0000] {local_task_job_runner.py:120} INFO - ::group::Pre task execution logs
[2026-02-10T12:21:51.599+0000] {taskinstance.py:2076} INFO - Dependencies all met for dep_context=non-requeueable deps ti=<TaskInstance: flights_ops_medallions_pipeline.load_tosnowflake manual__2026-02-10T12:20:53.228982+00:00 [queued]>
[2026-02-10T12:21:51.611+0000] {taskinstance.py:2076} INFO - Dependencies all met for dep_context=requeueable deps ti=<TaskInstance: flights_ops_medallions_pipeline.load_tosnowflake manual__2026-02-10T12:20:53.228982+00:00 [queued]>
[2026-02-10T12:21:51.613+0000] {taskinstance.py:2306} INFO - Starting attempt 1 of 1
[2026-02-10T12:21:51.628+0000] {taskinstance.py:2330} INFO - Executing <Task(PythonOperator): load_tosnowflake> on 2026-02-10 12:20:53.228982+00:00
[2026-02-10T12:21:51.635+0000] {standard_task_runner.py:64} INFO - Started process 5100 to run task
[2026-02-10T12:21:51.638+0000] {standard_task_runner.py:90} INFO - Running: ['airflow', 'tasks', 'run', '***_ops_medallions_pipeline', 'load_tosnowflake', 'manual__2026-02-10T12:20:53.228982+00:00', '--job-id', '341', '--raw', '--subdir', 'DAGS_FOLDER/flight_pipeline.py', '--cfg-path', '/tmp/tmp5p2gu3rr']
[2026-02-10T12:21:51.642+0000] {standard_task_runner.py:91} INFO - Job 341: Subtask load_tosnowflake
[2026-02-10T12:21:51.713+0000] {task_command.py:426} INFO - Running <TaskInstance: flights_ops_medallions_pipeline.load_tosnowflake manual__2026-02-10T12:20:53.228982+00:00 [running]> on host 7d9a94309692
[2026-02-10T12:21:51.841+0000] {taskinstance.py:2648} INFO - Exporting env vars: AIRFLOW_CTX_DAG_OWNER='airflow' AIRFLOW_CTX_DAG_ID='***_ops_medallions_pipeline' AIRFLOW_CTX_TASK_ID='load_tosnowflake' AIRFLOW_CTX_EXECUTION_DATE='2026-02-10T12:20:53.228982+00:00' AIRFLOW_CTX_TRY_NUMBER='1' AIRFLOW_CTX_DAG_RUN_ID='manual__2026-02-10T12:20:53.228982+00:00'
[2026-02-10T12:21:51.843+0000] {taskinstance.py:430} INFO - ::endgroup::
[2026-02-10T12:21:51.905+0000] {base.py:84} INFO - Using connection ID 'flight_snowflake' for task execution.
[2026-02-10T12:21:51.907+0000] {connection.py:408} INFO - Snowflake Connector for Python Version: 3.11.0, Python Version: 3.12.4, Platform: Linux-5.15.153.1-microsoft-standard-WSL2-x86_64-with-glibc2.36
[2026-02-10T12:21:51.909+0000] {connection.py:1258} INFO - This connection is in OCSP Fail Open Mode. TLS Certificates would be checked for validity and revocation status. Any other Certificate Revocation related exceptions or OCSP Responder failures would be disregarded in favor of connectivity.
[2026-02-10T12:21:53.994+0000] {taskinstance.py:441} INFO - ::group::Post task execution logs
[2026-02-10T12:21:53.996+0000] {taskinstance.py:2905} ERROR - Task failed with exception
Traceback (most recent call last):
  File "/home/airflow/.local/lib/python3.12/site-packages/airflow/models/taskinstance.py", line 465, in _execute_task
    result = _execute_callable(context=context, **execute_callable_kwargs)
             ^^^^^^^^^^^^^^^^^^^^^^^^^^^^^^^^^^^^^^^^^^^^^^^^^^^^^^^^^^^^^
  File "/home/airflow/.local/lib/python3.12/site-packages/airflow/models/taskinstance.py", line 432, in _execute_callable
    return execute_callable(context=context, **execute_callable_kwargs)
           ^^^^^^^^^^^^^^^^^^^^^^^^^^^^^^^^^^^^^^^^^^^^^^^^^^^^^^^^^^^^
  File "/home/airflow/.local/lib/python3.12/site-packages/airflow/models/baseoperator.py", line 401, in wrapper
    return func(self, *args, **kwargs)
           ^^^^^^^^^^^^^^^^^^^^^^^^^^^
  File "/home/airflow/.local/lib/python3.12/site-packages/airflow/operators/python.py", line 235, in execute
    return_value = self.execute_callable()
                   ^^^^^^^^^^^^^^^^^^^^^^^
  File "/home/airflow/.local/lib/python3.12/site-packages/airflow/operators/python.py", line 252, in execute_callable
    return self.python_callable(*self.op_args, **self.op_kwargs)
           ^^^^^^^^^^^^^^^^^^^^^^^^^^^^^^^^^^^^^^^^^^^^^^^^^^^^^
  File "/opt/airflow/scripts/load_gold_to_snowflake.py", line 52, in load_gold_to_snowflake
    cursor.execute(
  File "/home/airflow/.local/lib/python3.12/site-packages/snowflake/connector/cursor.py", line 1080, in execute
    Error.errorhandler_wrapper(self.connection, self, error_class, errvalue)
  File "/home/airflow/.local/lib/python3.12/site-packages/snowflake/connector/errors.py", line 290, in errorhandler_wrapper
    handed_over = Error.hand_to_other_handler(
                  ^^^^^^^^^^^^^^^^^^^^^^^^^^^^
  File "/home/airflow/.local/lib/python3.12/site-packages/snowflake/connector/errors.py", line 345, in hand_to_other_handler
    cursor.errorhandler(connection, cursor, error_class, error_value)
  File "/home/airflow/.local/lib/python3.12/site-packages/snowflake/connector/errors.py", line 221, in default_errorhandler
    raise error_class(
snowflake.connector.errors.ProgrammingError: 100035 (22007): 01c251a5-0001-8fdd-0001-f35e0005d65a: Timestamp '2026-02-10-12:15:00' is not recognized
[2026-02-10T12:21:54.024+0000] {taskinstance.py:1206} INFO - Marking task as FAILED. dag_id=***_ops_medallions_pipeline, task_id=load_tosnowflake, run_id=manual__2026-02-10T12:20:53.228982+00:00, execution_date=20260210T122053, start_date=20260210T122151, end_date=20260210T122154
[2026-02-10T12:21:54.041+0000] {standard_task_runner.py:110} ERROR - Failed to execute job 341 for task load_tosnowflake (100035 (22007): 01c251a5-0001-8fdd-0001-f35e0005d65a: Timestamp '2026-02-10-12:15:00' is not recognized; 5100)
[2026-02-10T12:21:54.069+0000] {local_task_job_runner.py:243} INFO - Task exited with return code 1
[2026-02-10T12:21:54.096+0000] {taskinstance.py:3503} INFO - 0 downstream tasks scheduled from follow-on schedule check
[2026-02-10T12:21:54.098+0000] {local_task_job_runner.py:222} INFO - ::endgroup::
