[2026-02-09T18:00:47.613+0000] {local_task_job_runner.py:120} INFO - ::group::Pre task execution logs
[2026-02-09T18:00:47.705+0000] {taskinstance.py:2076} INFO - Dependencies all met for dep_context=non-requeueable deps ti=<TaskInstance: flights_ops_medallions_pipeline.sliver_transform scheduled__2026-02-09T17:55:00+00:00 [queued]>
[2026-02-09T18:00:47.730+0000] {taskinstance.py:2076} INFO - Dependencies all met for dep_context=requeueable deps ti=<TaskInstance: flights_ops_medallions_pipeline.sliver_transform scheduled__2026-02-09T17:55:00+00:00 [queued]>
[2026-02-09T18:00:47.731+0000] {taskinstance.py:2306} INFO - Starting attempt 1 of 1
[2026-02-09T18:00:47.760+0000] {taskinstance.py:2330} INFO - Executing <Task(PythonOperator): sliver_transform> on 2026-02-09 17:55:00+00:00
[2026-02-09T18:00:47.770+0000] {standard_task_runner.py:64} INFO - Started process 148 to run task
[2026-02-09T18:00:47.776+0000] {standard_task_runner.py:90} INFO - Running: ['airflow', 'tasks', 'run', '***_ops_medallions_pipeline', 'sliver_transform', 'scheduled__2026-02-09T17:55:00+00:00', '--job-id', '11', '--raw', '--subdir', 'DAGS_FOLDER/flight_pipeline.py', '--cfg-path', '/tmp/tmpdytc9kc0']
[2026-02-09T18:00:47.781+0000] {standard_task_runner.py:91} INFO - Job 11: Subtask sliver_transform
[2026-02-09T18:00:47.897+0000] {task_command.py:426} INFO - Running <TaskInstance: flights_ops_medallions_pipeline.sliver_transform scheduled__2026-02-09T17:55:00+00:00 [running]> on host 7d9a94309692
[2026-02-09T18:00:48.111+0000] {taskinstance.py:2648} INFO - Exporting env vars: AIRFLOW_CTX_DAG_OWNER='airflow' AIRFLOW_CTX_DAG_ID='***_ops_medallions_pipeline' AIRFLOW_CTX_TASK_ID='sliver_transform' AIRFLOW_CTX_EXECUTION_DATE='2026-02-09T17:55:00+00:00' AIRFLOW_CTX_TRY_NUMBER='1' AIRFLOW_CTX_DAG_RUN_ID='scheduled__2026-02-09T17:55:00+00:00'
[2026-02-09T18:00:48.118+0000] {taskinstance.py:430} INFO - ::endgroup::
[2026-02-09T18:00:48.153+0000] {taskinstance.py:441} INFO - ::group::Post task execution logs
[2026-02-09T18:00:48.154+0000] {taskinstance.py:2905} ERROR - Task failed with exception
Traceback (most recent call last):
  File "/home/airflow/.local/lib/python3.12/site-packages/airflow/models/taskinstance.py", line 465, in _execute_task
    result = _execute_callable(context=context, **execute_callable_kwargs)
             ^^^^^^^^^^^^^^^^^^^^^^^^^^^^^^^^^^^^^^^^^^^^^^^^^^^^^^^^^^^^^
  File "/home/airflow/.local/lib/python3.12/site-packages/airflow/models/taskinstance.py", line 432, in _execute_callable
    return execute_callable(context=context, **execute_callable_kwargs)
           ^^^^^^^^^^^^^^^^^^^^^^^^^^^^^^^^^^^^^^^^^^^^^^^^^^^^^^^^^^^^
  File "/home/airflow/.local/lib/python3.12/site-packages/airflow/models/baseoperator.py", line 401, in wrapper
    return func(self, *args, **kwargs)
           ^^^^^^^^^^^^^^^^^^^^^^^^^^^
  File "/home/airflow/.local/lib/python3.12/site-packages/airflow/operators/python.py", line 235, in execute
    return_value = self.execute_callable()
                   ^^^^^^^^^^^^^^^^^^^^^^^
  File "/home/airflow/.local/lib/python3.12/site-packages/airflow/operators/python.py", line 252, in execute_callable
    return self.python_callable(*self.op_args, **self.op_kwargs)
           ^^^^^^^^^^^^^^^^^^^^^^^^^^^^^^^^^^^^^^^^^^^^^^^^^^^^^
  File "/opt/airflow/scripts/sliver_transform.py", line 6, in run_silver_transform
    bronze_file = context["ti"].xcom_pull(key="bronze_file", task_id="bronze_ingest")
                  ^^^^^^^^^^^^^^^^^^^^^^^^^^^^^^^^^^^^^^^^^^^^^^^^^^^^^^^^^^^^^^^^^^^
  File "/home/airflow/.local/lib/python3.12/site-packages/airflow/utils/session.py", line 79, in wrapper
    return func(*args, session=session, **kwargs)
           ^^^^^^^^^^^^^^^^^^^^^^^^^^^^^^^^^^^^^^
TypeError: TaskInstance.xcom_pull() got an unexpected keyword argument 'task_id'
[2026-02-09T18:00:48.188+0000] {taskinstance.py:1206} INFO - Marking task as FAILED. dag_id=***_ops_medallions_pipeline, task_id=sliver_transform, run_id=scheduled__2026-02-09T17:55:00+00:00, execution_date=20260209T175500, start_date=20260209T180047, end_date=20260209T180048
[2026-02-09T18:00:48.206+0000] {standard_task_runner.py:110} ERROR - Failed to execute job 11 for task sliver_transform (TaskInstance.xcom_pull() got an unexpected keyword argument 'task_id'; 148)
[2026-02-09T18:00:48.231+0000] {local_task_job_runner.py:243} INFO - Task exited with return code 1
[2026-02-09T18:00:48.262+0000] {taskinstance.py:3503} INFO - 0 downstream tasks scheduled from follow-on schedule check
[2026-02-09T18:00:48.265+0000] {local_task_job_runner.py:222} INFO - ::endgroup::
