[2026-02-09T16:35:03.216+0000] {processor.py:161} INFO - Started process (PID=25) to work on /opt/airflow/dags/bronze.py
[2026-02-09T16:35:03.224+0000] {processor.py:830} INFO - Processing file /opt/airflow/dags/bronze.py for tasks to queue
[2026-02-09T16:35:03.324+0000] {logging_mixin.py:188} INFO - [2026-02-09T16:35:03.306+0000] {dagbag.py:545} INFO - Filling up the DagBag from /opt/airflow/dags/bronze.py
[2026-02-09T16:35:03.449+0000] {processor.py:842} WARNING - No viable dags retrieved from /opt/airflow/dags/bronze.py
[2026-02-09T16:35:03.712+0000] {processor.py:183} INFO - Processing /opt/airflow/dags/bronze.py took 0.687 seconds
[2026-02-09T16:35:34.266+0000] {processor.py:161} INFO - Started process (PID=26) to work on /opt/airflow/dags/bronze.py
[2026-02-09T16:35:34.267+0000] {processor.py:830} INFO - Processing file /opt/airflow/dags/bronze.py for tasks to queue
[2026-02-09T16:35:34.270+0000] {logging_mixin.py:188} INFO - [2026-02-09T16:35:34.270+0000] {dagbag.py:545} INFO - Filling up the DagBag from /opt/airflow/dags/bronze.py
[2026-02-09T16:35:34.317+0000] {processor.py:842} WARNING - No viable dags retrieved from /opt/airflow/dags/bronze.py
[2026-02-09T16:35:34.551+0000] {processor.py:183} INFO - Processing /opt/airflow/dags/bronze.py took 0.294 seconds
[2026-02-09T16:35:40.593+0000] {processor.py:161} INFO - Started process (PID=27) to work on /opt/airflow/dags/bronze.py
[2026-02-09T16:35:40.596+0000] {processor.py:830} INFO - Processing file /opt/airflow/dags/bronze.py for tasks to queue
[2026-02-09T16:35:40.599+0000] {logging_mixin.py:188} INFO - [2026-02-09T16:35:40.598+0000] {dagbag.py:545} INFO - Filling up the DagBag from /opt/airflow/dags/bronze.py
[2026-02-09T16:35:40.641+0000] {processor.py:842} WARNING - No viable dags retrieved from /opt/airflow/dags/bronze.py
[2026-02-09T16:35:40.665+0000] {processor.py:183} INFO - Processing /opt/airflow/dags/bronze.py took 0.084 seconds
[2026-02-09T16:36:10.987+0000] {processor.py:161} INFO - Started process (PID=28) to work on /opt/airflow/dags/bronze.py
[2026-02-09T16:36:10.990+0000] {processor.py:830} INFO - Processing file /opt/airflow/dags/bronze.py for tasks to queue
[2026-02-09T16:36:10.994+0000] {logging_mixin.py:188} INFO - [2026-02-09T16:36:10.993+0000] {dagbag.py:545} INFO - Filling up the DagBag from /opt/airflow/dags/bronze.py
[2026-02-09T16:36:11.019+0000] {processor.py:842} WARNING - No viable dags retrieved from /opt/airflow/dags/bronze.py
[2026-02-09T16:36:11.041+0000] {processor.py:183} INFO - Processing /opt/airflow/dags/bronze.py took 0.063 seconds
[2026-02-09T16:36:41.413+0000] {processor.py:161} INFO - Started process (PID=29) to work on /opt/airflow/dags/bronze.py
[2026-02-09T16:36:41.417+0000] {processor.py:830} INFO - Processing file /opt/airflow/dags/bronze.py for tasks to queue
[2026-02-09T16:36:41.424+0000] {logging_mixin.py:188} INFO - [2026-02-09T16:36:41.423+0000] {dagbag.py:545} INFO - Filling up the DagBag from /opt/airflow/dags/bronze.py
[2026-02-09T16:36:41.439+0000] {processor.py:842} WARNING - No viable dags retrieved from /opt/airflow/dags/bronze.py
[2026-02-09T16:36:41.468+0000] {processor.py:183} INFO - Processing /opt/airflow/dags/bronze.py took 0.069 seconds
[2026-02-09T16:36:48.531+0000] {processor.py:161} INFO - Started process (PID=30) to work on /opt/airflow/dags/bronze.py
[2026-02-09T16:36:48.532+0000] {processor.py:830} INFO - Processing file /opt/airflow/dags/bronze.py for tasks to queue
[2026-02-09T16:36:48.538+0000] {logging_mixin.py:188} INFO - [2026-02-09T16:36:48.537+0000] {dagbag.py:545} INFO - Filling up the DagBag from /opt/airflow/dags/bronze.py
[2026-02-09T16:36:48.656+0000] {processor.py:842} WARNING - No viable dags retrieved from /opt/airflow/dags/bronze.py
[2026-02-09T16:36:48.687+0000] {processor.py:183} INFO - Processing /opt/airflow/dags/bronze.py took 0.163 seconds
[2026-02-09T16:37:18.946+0000] {processor.py:161} INFO - Started process (PID=31) to work on /opt/airflow/dags/bronze.py
[2026-02-09T16:37:18.949+0000] {processor.py:830} INFO - Processing file /opt/airflow/dags/bronze.py for tasks to queue
[2026-02-09T16:37:18.956+0000] {logging_mixin.py:188} INFO - [2026-02-09T16:37:18.955+0000] {dagbag.py:545} INFO - Filling up the DagBag from /opt/airflow/dags/bronze.py
[2026-02-09T16:37:19.013+0000] {processor.py:842} WARNING - No viable dags retrieved from /opt/airflow/dags/bronze.py
[2026-02-09T16:37:19.036+0000] {processor.py:183} INFO - Processing /opt/airflow/dags/bronze.py took 0.102 seconds
[2026-02-09T16:37:49.444+0000] {processor.py:161} INFO - Started process (PID=32) to work on /opt/airflow/dags/bronze.py
[2026-02-09T16:37:49.446+0000] {processor.py:830} INFO - Processing file /opt/airflow/dags/bronze.py for tasks to queue
[2026-02-09T16:37:49.451+0000] {logging_mixin.py:188} INFO - [2026-02-09T16:37:49.449+0000] {dagbag.py:545} INFO - Filling up the DagBag from /opt/airflow/dags/bronze.py
[2026-02-09T16:37:49.491+0000] {processor.py:842} WARNING - No viable dags retrieved from /opt/airflow/dags/bronze.py
[2026-02-09T16:37:49.515+0000] {processor.py:183} INFO - Processing /opt/airflow/dags/bronze.py took 0.079 seconds
[2026-02-09T16:38:19.774+0000] {processor.py:161} INFO - Started process (PID=33) to work on /opt/airflow/dags/bronze.py
[2026-02-09T16:38:19.779+0000] {processor.py:830} INFO - Processing file /opt/airflow/dags/bronze.py for tasks to queue
[2026-02-09T16:38:19.785+0000] {logging_mixin.py:188} INFO - [2026-02-09T16:38:19.784+0000] {dagbag.py:545} INFO - Filling up the DagBag from /opt/airflow/dags/bronze.py
[2026-02-09T16:38:19.981+0000] {processor.py:842} WARNING - No viable dags retrieved from /opt/airflow/dags/bronze.py
[2026-02-09T16:38:20.032+0000] {processor.py:183} INFO - Processing /opt/airflow/dags/bronze.py took 0.276 seconds
[2026-02-09T16:38:50.231+0000] {processor.py:161} INFO - Started process (PID=34) to work on /opt/airflow/dags/bronze.py
[2026-02-09T16:38:50.234+0000] {processor.py:830} INFO - Processing file /opt/airflow/dags/bronze.py for tasks to queue
[2026-02-09T16:38:50.240+0000] {logging_mixin.py:188} INFO - [2026-02-09T16:38:50.239+0000] {dagbag.py:545} INFO - Filling up the DagBag from /opt/airflow/dags/bronze.py
[2026-02-09T16:38:50.279+0000] {processor.py:842} WARNING - No viable dags retrieved from /opt/airflow/dags/bronze.py
[2026-02-09T16:38:50.314+0000] {processor.py:183} INFO - Processing /opt/airflow/dags/bronze.py took 0.092 seconds
[2026-02-09T16:39:20.531+0000] {processor.py:161} INFO - Started process (PID=35) to work on /opt/airflow/dags/bronze.py
[2026-02-09T16:39:20.536+0000] {processor.py:830} INFO - Processing file /opt/airflow/dags/bronze.py for tasks to queue
[2026-02-09T16:39:20.539+0000] {logging_mixin.py:188} INFO - [2026-02-09T16:39:20.539+0000] {dagbag.py:545} INFO - Filling up the DagBag from /opt/airflow/dags/bronze.py
[2026-02-09T16:39:20.590+0000] {processor.py:842} WARNING - No viable dags retrieved from /opt/airflow/dags/bronze.py
[2026-02-09T16:39:20.633+0000] {processor.py:183} INFO - Processing /opt/airflow/dags/bronze.py took 0.115 seconds
[2026-02-09T16:39:30.767+0000] {processor.py:161} INFO - Started process (PID=36) to work on /opt/airflow/dags/bronze.py
[2026-02-09T16:39:30.769+0000] {processor.py:830} INFO - Processing file /opt/airflow/dags/bronze.py for tasks to queue
[2026-02-09T16:39:30.774+0000] {logging_mixin.py:188} INFO - [2026-02-09T16:39:30.773+0000] {dagbag.py:545} INFO - Filling up the DagBag from /opt/airflow/dags/bronze.py
[2026-02-09T16:39:30.837+0000] {processor.py:842} WARNING - No viable dags retrieved from /opt/airflow/dags/bronze.py
[2026-02-09T16:39:30.870+0000] {processor.py:183} INFO - Processing /opt/airflow/dags/bronze.py took 0.116 seconds
[2026-02-09T16:39:32.833+0000] {processor.py:161} INFO - Started process (PID=37) to work on /opt/airflow/dags/bronze.py
[2026-02-09T16:39:32.835+0000] {processor.py:830} INFO - Processing file /opt/airflow/dags/bronze.py for tasks to queue
[2026-02-09T16:39:32.837+0000] {logging_mixin.py:188} INFO - [2026-02-09T16:39:32.837+0000] {dagbag.py:545} INFO - Filling up the DagBag from /opt/airflow/dags/bronze.py
[2026-02-09T16:39:32.885+0000] {processor.py:842} WARNING - No viable dags retrieved from /opt/airflow/dags/bronze.py
[2026-02-09T16:39:32.911+0000] {processor.py:183} INFO - Processing /opt/airflow/dags/bronze.py took 0.085 seconds
[2026-02-09T16:40:03.475+0000] {processor.py:161} INFO - Started process (PID=38) to work on /opt/airflow/dags/bronze.py
[2026-02-09T16:40:03.477+0000] {processor.py:830} INFO - Processing file /opt/airflow/dags/bronze.py for tasks to queue
[2026-02-09T16:40:03.481+0000] {logging_mixin.py:188} INFO - [2026-02-09T16:40:03.481+0000] {dagbag.py:545} INFO - Filling up the DagBag from /opt/airflow/dags/bronze.py
[2026-02-09T16:40:03.513+0000] {processor.py:842} WARNING - No viable dags retrieved from /opt/airflow/dags/bronze.py
[2026-02-09T16:40:03.548+0000] {processor.py:183} INFO - Processing /opt/airflow/dags/bronze.py took 0.085 seconds
[2026-02-09T16:40:10.602+0000] {processor.py:161} INFO - Started process (PID=39) to work on /opt/airflow/dags/bronze.py
[2026-02-09T16:40:10.603+0000] {processor.py:830} INFO - Processing file /opt/airflow/dags/bronze.py for tasks to queue
[2026-02-09T16:40:10.606+0000] {logging_mixin.py:188} INFO - [2026-02-09T16:40:10.605+0000] {dagbag.py:545} INFO - Filling up the DagBag from /opt/airflow/dags/bronze.py
[2026-02-09T16:40:10.674+0000] {logging_mixin.py:188} INFO - [2026-02-09T16:40:10.652+0000] {dagbag.py:355} ERROR - Failed to import: /opt/airflow/dags/bronze.py
Traceback (most recent call last):
  File "/home/airflow/.local/lib/python3.12/site-packages/airflow/models/dagbag.py", line 351, in parse
    loader.exec_module(new_module)
  File "<frozen importlib._bootstrap_external>", line 991, in exec_module
  File "<frozen importlib._bootstrap_external>", line 1129, in get_code
  File "<frozen importlib._bootstrap_external>", line 1059, in source_to_code
  File "<frozen importlib._bootstrap>", line 488, in _call_with_frames_removed
  File "/opt/airflow/dags/bronze.py", line 22
    )
     ^
SyntaxError: expected ':'
[2026-02-09T16:40:10.676+0000] {processor.py:842} WARNING - No viable dags retrieved from /opt/airflow/dags/bronze.py
[2026-02-09T16:40:10.853+0000] {processor.py:183} INFO - Processing /opt/airflow/dags/bronze.py took 0.264 seconds
[2026-02-09T16:40:41.030+0000] {processor.py:161} INFO - Started process (PID=40) to work on /opt/airflow/dags/bronze.py
[2026-02-09T16:40:41.032+0000] {processor.py:830} INFO - Processing file /opt/airflow/dags/bronze.py for tasks to queue
[2026-02-09T16:40:41.034+0000] {logging_mixin.py:188} INFO - [2026-02-09T16:40:41.034+0000] {dagbag.py:545} INFO - Filling up the DagBag from /opt/airflow/dags/bronze.py
[2026-02-09T16:40:41.066+0000] {logging_mixin.py:188} INFO - [2026-02-09T16:40:41.064+0000] {dagbag.py:355} ERROR - Failed to import: /opt/airflow/dags/bronze.py
Traceback (most recent call last):
  File "/home/airflow/.local/lib/python3.12/site-packages/airflow/models/dagbag.py", line 351, in parse
    loader.exec_module(new_module)
  File "<frozen importlib._bootstrap_external>", line 991, in exec_module
  File "<frozen importlib._bootstrap_external>", line 1129, in get_code
  File "<frozen importlib._bootstrap_external>", line 1059, in source_to_code
  File "<frozen importlib._bootstrap>", line 488, in _call_with_frames_removed
  File "/opt/airflow/dags/bronze.py", line 22
    )
     ^
SyntaxError: expected ':'
[2026-02-09T16:40:41.067+0000] {processor.py:842} WARNING - No viable dags retrieved from /opt/airflow/dags/bronze.py
[2026-02-09T16:40:41.105+0000] {processor.py:183} INFO - Processing /opt/airflow/dags/bronze.py took 0.088 seconds
[2026-02-09T16:40:48.256+0000] {processor.py:161} INFO - Started process (PID=41) to work on /opt/airflow/dags/bronze.py
[2026-02-09T16:40:48.258+0000] {processor.py:830} INFO - Processing file /opt/airflow/dags/bronze.py for tasks to queue
[2026-02-09T16:40:48.263+0000] {logging_mixin.py:188} INFO - [2026-02-09T16:40:48.262+0000] {dagbag.py:545} INFO - Filling up the DagBag from /opt/airflow/dags/bronze.py
[2026-02-09T16:40:48.289+0000] {logging_mixin.py:188} INFO - [2026-02-09T16:40:48.287+0000] {dagbag.py:355} ERROR - Failed to import: /opt/airflow/dags/bronze.py
Traceback (most recent call last):
  File "/home/airflow/.local/lib/python3.12/site-packages/airflow/models/dagbag.py", line 351, in parse
    loader.exec_module(new_module)
  File "<frozen importlib._bootstrap_external>", line 991, in exec_module
  File "<frozen importlib._bootstrap_external>", line 1129, in get_code
  File "<frozen importlib._bootstrap_external>", line 1059, in source_to_code
  File "<frozen importlib._bootstrap>", line 488, in _call_with_frames_removed
  File "/opt/airflow/dags/bronze.py", line 23
    )
     ^
SyntaxError: expected ':'
[2026-02-09T16:40:48.290+0000] {processor.py:842} WARNING - No viable dags retrieved from /opt/airflow/dags/bronze.py
[2026-02-09T16:40:48.334+0000] {processor.py:183} INFO - Processing /opt/airflow/dags/bronze.py took 0.089 seconds
[2026-02-09T16:41:15.625+0000] {processor.py:161} INFO - Started process (PID=42) to work on /opt/airflow/dags/bronze.py
[2026-02-09T16:41:15.627+0000] {processor.py:830} INFO - Processing file /opt/airflow/dags/bronze.py for tasks to queue
[2026-02-09T16:41:15.634+0000] {logging_mixin.py:188} INFO - [2026-02-09T16:41:15.633+0000] {dagbag.py:545} INFO - Filling up the DagBag from /opt/airflow/dags/bronze.py
[2026-02-09T16:41:15.658+0000] {logging_mixin.py:188} INFO - [2026-02-09T16:41:15.656+0000] {dagbag.py:355} ERROR - Failed to import: /opt/airflow/dags/bronze.py
Traceback (most recent call last):
  File "/home/airflow/.local/lib/python3.12/site-packages/airflow/models/dagbag.py", line 351, in parse
    loader.exec_module(new_module)
  File "<frozen importlib._bootstrap_external>", line 991, in exec_module
  File "<frozen importlib._bootstrap_external>", line 1129, in get_code
  File "<frozen importlib._bootstrap_external>", line 1059, in source_to_code
  File "<frozen importlib._bootstrap>", line 488, in _call_with_frames_removed
  File "/opt/airflow/dags/bronze.py", line 25
    )
     ^
SyntaxError: expected ':'
[2026-02-09T16:41:15.659+0000] {processor.py:842} WARNING - No viable dags retrieved from /opt/airflow/dags/bronze.py
[2026-02-09T16:41:15.702+0000] {processor.py:183} INFO - Processing /opt/airflow/dags/bronze.py took 0.098 seconds
[2026-02-09T16:41:46.072+0000] {processor.py:161} INFO - Started process (PID=43) to work on /opt/airflow/dags/bronze.py
[2026-02-09T16:41:46.074+0000] {processor.py:830} INFO - Processing file /opt/airflow/dags/bronze.py for tasks to queue
[2026-02-09T16:41:46.077+0000] {logging_mixin.py:188} INFO - [2026-02-09T16:41:46.076+0000] {dagbag.py:545} INFO - Filling up the DagBag from /opt/airflow/dags/bronze.py
[2026-02-09T16:41:46.108+0000] {logging_mixin.py:188} INFO - [2026-02-09T16:41:46.107+0000] {dagbag.py:355} ERROR - Failed to import: /opt/airflow/dags/bronze.py
Traceback (most recent call last):
  File "/home/airflow/.local/lib/python3.12/site-packages/airflow/models/dagbag.py", line 351, in parse
    loader.exec_module(new_module)
  File "<frozen importlib._bootstrap_external>", line 991, in exec_module
  File "<frozen importlib._bootstrap_external>", line 1129, in get_code
  File "<frozen importlib._bootstrap_external>", line 1059, in source_to_code
  File "<frozen importlib._bootstrap>", line 488, in _call_with_frames_removed
  File "/opt/airflow/dags/bronze.py", line 25
    )
     ^
SyntaxError: expected ':'
[2026-02-09T16:41:46.109+0000] {processor.py:842} WARNING - No viable dags retrieved from /opt/airflow/dags/bronze.py
[2026-02-09T16:41:46.144+0000] {processor.py:183} INFO - Processing /opt/airflow/dags/bronze.py took 0.106 seconds
[2026-02-09T16:42:15.458+0000] {processor.py:161} INFO - Started process (PID=44) to work on /opt/airflow/dags/bronze.py
[2026-02-09T16:42:15.459+0000] {processor.py:830} INFO - Processing file /opt/airflow/dags/bronze.py for tasks to queue
[2026-02-09T16:42:15.466+0000] {logging_mixin.py:188} INFO - [2026-02-09T16:42:15.463+0000] {dagbag.py:545} INFO - Filling up the DagBag from /opt/airflow/dags/bronze.py
[2026-02-09T16:42:15.500+0000] {logging_mixin.py:188} INFO - [2026-02-09T16:42:15.494+0000] {dagbag.py:355} ERROR - Failed to import: /opt/airflow/dags/bronze.py
Traceback (most recent call last):
  File "/home/airflow/.local/lib/python3.12/site-packages/airflow/models/dagbag.py", line 351, in parse
    loader.exec_module(new_module)
  File "<frozen importlib._bootstrap_external>", line 991, in exec_module
  File "<frozen importlib._bootstrap_external>", line 1129, in get_code
  File "<frozen importlib._bootstrap_external>", line 1059, in source_to_code
  File "<frozen importlib._bootstrap>", line 488, in _call_with_frames_removed
  File "/opt/airflow/dags/bronze.py", line 26
    )
     ^
SyntaxError: expected ':'
[2026-02-09T16:42:15.502+0000] {processor.py:842} WARNING - No viable dags retrieved from /opt/airflow/dags/bronze.py
[2026-02-09T16:42:15.545+0000] {processor.py:183} INFO - Processing /opt/airflow/dags/bronze.py took 0.099 seconds
[2026-02-09T16:42:45.866+0000] {processor.py:161} INFO - Started process (PID=45) to work on /opt/airflow/dags/bronze.py
[2026-02-09T16:42:45.872+0000] {processor.py:830} INFO - Processing file /opt/airflow/dags/bronze.py for tasks to queue
[2026-02-09T16:42:45.881+0000] {logging_mixin.py:188} INFO - [2026-02-09T16:42:45.881+0000] {dagbag.py:545} INFO - Filling up the DagBag from /opt/airflow/dags/bronze.py
[2026-02-09T16:42:45.932+0000] {logging_mixin.py:188} INFO - [2026-02-09T16:42:45.930+0000] {dagbag.py:355} ERROR - Failed to import: /opt/airflow/dags/bronze.py
Traceback (most recent call last):
  File "/home/airflow/.local/lib/python3.12/site-packages/airflow/models/dagbag.py", line 351, in parse
    loader.exec_module(new_module)
  File "<frozen importlib._bootstrap_external>", line 991, in exec_module
  File "<frozen importlib._bootstrap_external>", line 1129, in get_code
  File "<frozen importlib._bootstrap_external>", line 1059, in source_to_code
  File "<frozen importlib._bootstrap>", line 488, in _call_with_frames_removed
  File "/opt/airflow/dags/bronze.py", line 26
    )
     ^
SyntaxError: expected ':'
[2026-02-09T16:42:45.933+0000] {processor.py:842} WARNING - No viable dags retrieved from /opt/airflow/dags/bronze.py
[2026-02-09T16:42:46.008+0000] {processor.py:183} INFO - Processing /opt/airflow/dags/bronze.py took 0.164 seconds
[2026-02-09T16:43:16.374+0000] {processor.py:161} INFO - Started process (PID=46) to work on /opt/airflow/dags/bronze.py
[2026-02-09T16:43:16.377+0000] {processor.py:830} INFO - Processing file /opt/airflow/dags/bronze.py for tasks to queue
[2026-02-09T16:43:16.385+0000] {logging_mixin.py:188} INFO - [2026-02-09T16:43:16.384+0000] {dagbag.py:545} INFO - Filling up the DagBag from /opt/airflow/dags/bronze.py
[2026-02-09T16:43:16.429+0000] {logging_mixin.py:188} INFO - [2026-02-09T16:43:16.423+0000] {dagbag.py:355} ERROR - Failed to import: /opt/airflow/dags/bronze.py
Traceback (most recent call last):
  File "/home/airflow/.local/lib/python3.12/site-packages/airflow/models/dagbag.py", line 351, in parse
    loader.exec_module(new_module)
  File "<frozen importlib._bootstrap_external>", line 991, in exec_module
  File "<frozen importlib._bootstrap_external>", line 1129, in get_code
  File "<frozen importlib._bootstrap_external>", line 1059, in source_to_code
  File "<frozen importlib._bootstrap>", line 488, in _call_with_frames_removed
  File "/opt/airflow/dags/bronze.py", line 26
    )
     ^
SyntaxError: expected ':'
[2026-02-09T16:43:16.432+0000] {processor.py:842} WARNING - No viable dags retrieved from /opt/airflow/dags/bronze.py
[2026-02-09T16:43:16.509+0000] {processor.py:183} INFO - Processing /opt/airflow/dags/bronze.py took 0.155 seconds
[2026-02-09T16:43:30.835+0000] {processor.py:161} INFO - Started process (PID=47) to work on /opt/airflow/dags/bronze.py
[2026-02-09T16:43:30.837+0000] {processor.py:830} INFO - Processing file /opt/airflow/dags/bronze.py for tasks to queue
[2026-02-09T16:43:30.842+0000] {logging_mixin.py:188} INFO - [2026-02-09T16:43:30.841+0000] {dagbag.py:545} INFO - Filling up the DagBag from /opt/airflow/dags/bronze.py
[2026-02-09T16:43:30.896+0000] {logging_mixin.py:188} INFO - [2026-02-09T16:43:30.891+0000] {dagbag.py:355} ERROR - Failed to import: /opt/airflow/dags/bronze.py
Traceback (most recent call last):
  File "/home/airflow/.local/lib/python3.12/site-packages/airflow/models/dagbag.py", line 351, in parse
    loader.exec_module(new_module)
  File "<frozen importlib._bootstrap_external>", line 991, in exec_module
  File "<frozen importlib._bootstrap_external>", line 1129, in get_code
  File "<frozen importlib._bootstrap_external>", line 1059, in source_to_code
  File "<frozen importlib._bootstrap>", line 488, in _call_with_frames_removed
  File "/opt/airflow/dags/bronze.py", line 27
    )
     ^
SyntaxError: expected ':'
[2026-02-09T16:43:30.898+0000] {processor.py:842} WARNING - No viable dags retrieved from /opt/airflow/dags/bronze.py
[2026-02-09T16:43:30.963+0000] {processor.py:183} INFO - Processing /opt/airflow/dags/bronze.py took 0.143 seconds
[2026-02-09T16:44:01.314+0000] {processor.py:161} INFO - Started process (PID=48) to work on /opt/airflow/dags/bronze.py
[2026-02-09T16:44:01.316+0000] {processor.py:830} INFO - Processing file /opt/airflow/dags/bronze.py for tasks to queue
[2026-02-09T16:44:01.321+0000] {logging_mixin.py:188} INFO - [2026-02-09T16:44:01.320+0000] {dagbag.py:545} INFO - Filling up the DagBag from /opt/airflow/dags/bronze.py
[2026-02-09T16:44:01.367+0000] {logging_mixin.py:188} INFO - [2026-02-09T16:44:01.365+0000] {dagbag.py:355} ERROR - Failed to import: /opt/airflow/dags/bronze.py
Traceback (most recent call last):
  File "/home/airflow/.local/lib/python3.12/site-packages/airflow/models/dagbag.py", line 351, in parse
    loader.exec_module(new_module)
  File "<frozen importlib._bootstrap_external>", line 991, in exec_module
  File "<frozen importlib._bootstrap_external>", line 1129, in get_code
  File "<frozen importlib._bootstrap_external>", line 1059, in source_to_code
  File "<frozen importlib._bootstrap>", line 488, in _call_with_frames_removed
  File "/opt/airflow/dags/bronze.py", line 27
    )
     ^
SyntaxError: expected ':'
[2026-02-09T16:44:01.369+0000] {processor.py:842} WARNING - No viable dags retrieved from /opt/airflow/dags/bronze.py
[2026-02-09T16:44:01.419+0000] {processor.py:183} INFO - Processing /opt/airflow/dags/bronze.py took 0.120 seconds
[2026-02-09T16:44:31.848+0000] {processor.py:161} INFO - Started process (PID=49) to work on /opt/airflow/dags/bronze.py
[2026-02-09T16:44:31.852+0000] {processor.py:830} INFO - Processing file /opt/airflow/dags/bronze.py for tasks to queue
[2026-02-09T16:44:31.859+0000] {logging_mixin.py:188} INFO - [2026-02-09T16:44:31.858+0000] {dagbag.py:545} INFO - Filling up the DagBag from /opt/airflow/dags/bronze.py
[2026-02-09T16:44:31.906+0000] {logging_mixin.py:188} INFO - [2026-02-09T16:44:31.902+0000] {dagbag.py:355} ERROR - Failed to import: /opt/airflow/dags/bronze.py
Traceback (most recent call last):
  File "/home/airflow/.local/lib/python3.12/site-packages/airflow/models/dagbag.py", line 351, in parse
    loader.exec_module(new_module)
  File "<frozen importlib._bootstrap_external>", line 991, in exec_module
  File "<frozen importlib._bootstrap_external>", line 1129, in get_code
  File "<frozen importlib._bootstrap_external>", line 1059, in source_to_code
  File "<frozen importlib._bootstrap>", line 488, in _call_with_frames_removed
  File "/opt/airflow/dags/bronze.py", line 27
    )
     ^
SyntaxError: expected ':'
[2026-02-09T16:44:31.908+0000] {processor.py:842} WARNING - No viable dags retrieved from /opt/airflow/dags/bronze.py
[2026-02-09T16:44:31.974+0000] {processor.py:183} INFO - Processing /opt/airflow/dags/bronze.py took 0.142 seconds
[2026-02-09T16:44:53.231+0000] {processor.py:161} INFO - Started process (PID=50) to work on /opt/airflow/dags/bronze.py
[2026-02-09T16:44:53.234+0000] {processor.py:830} INFO - Processing file /opt/airflow/dags/bronze.py for tasks to queue
[2026-02-09T16:44:53.239+0000] {logging_mixin.py:188} INFO - [2026-02-09T16:44:53.239+0000] {dagbag.py:545} INFO - Filling up the DagBag from /opt/airflow/dags/bronze.py
[2026-02-09T16:44:53.281+0000] {logging_mixin.py:188} INFO - [2026-02-09T16:44:53.279+0000] {dagbag.py:355} ERROR - Failed to import: /opt/airflow/dags/bronze.py
Traceback (most recent call last):
  File "/home/airflow/.local/lib/python3.12/site-packages/airflow/models/dagbag.py", line 351, in parse
    loader.exec_module(new_module)
  File "<frozen importlib._bootstrap_external>", line 991, in exec_module
  File "<frozen importlib._bootstrap_external>", line 1129, in get_code
  File "<frozen importlib._bootstrap_external>", line 1059, in source_to_code
  File "<frozen importlib._bootstrap>", line 488, in _call_with_frames_removed
  File "/opt/airflow/dags/bronze.py", line 27
    ) as dag
            ^
SyntaxError: expected ':'
[2026-02-09T16:44:53.283+0000] {processor.py:842} WARNING - No viable dags retrieved from /opt/airflow/dags/bronze.py
[2026-02-09T16:44:53.336+0000] {processor.py:183} INFO - Processing /opt/airflow/dags/bronze.py took 0.120 seconds
[2026-02-09T16:45:23.875+0000] {processor.py:161} INFO - Started process (PID=51) to work on /opt/airflow/dags/bronze.py
[2026-02-09T16:45:23.880+0000] {processor.py:830} INFO - Processing file /opt/airflow/dags/bronze.py for tasks to queue
[2026-02-09T16:45:23.889+0000] {logging_mixin.py:188} INFO - [2026-02-09T16:45:23.887+0000] {dagbag.py:545} INFO - Filling up the DagBag from /opt/airflow/dags/bronze.py
[2026-02-09T16:45:23.933+0000] {logging_mixin.py:188} INFO - [2026-02-09T16:45:23.930+0000] {dagbag.py:355} ERROR - Failed to import: /opt/airflow/dags/bronze.py
Traceback (most recent call last):
  File "/home/airflow/.local/lib/python3.12/site-packages/airflow/models/dagbag.py", line 351, in parse
    loader.exec_module(new_module)
  File "<frozen importlib._bootstrap_external>", line 991, in exec_module
  File "<frozen importlib._bootstrap_external>", line 1129, in get_code
  File "<frozen importlib._bootstrap_external>", line 1059, in source_to_code
  File "<frozen importlib._bootstrap>", line 488, in _call_with_frames_removed
  File "/opt/airflow/dags/bronze.py", line 27
    ) as dag
            ^
SyntaxError: expected ':'
[2026-02-09T16:45:23.936+0000] {processor.py:842} WARNING - No viable dags retrieved from /opt/airflow/dags/bronze.py
[2026-02-09T16:45:24.018+0000] {processor.py:183} INFO - Processing /opt/airflow/dags/bronze.py took 0.165 seconds
[2026-02-09T16:45:54.422+0000] {processor.py:161} INFO - Started process (PID=52) to work on /opt/airflow/dags/bronze.py
[2026-02-09T16:45:54.425+0000] {processor.py:830} INFO - Processing file /opt/airflow/dags/bronze.py for tasks to queue
[2026-02-09T16:45:54.431+0000] {logging_mixin.py:188} INFO - [2026-02-09T16:45:54.430+0000] {dagbag.py:545} INFO - Filling up the DagBag from /opt/airflow/dags/bronze.py
[2026-02-09T16:45:54.475+0000] {logging_mixin.py:188} INFO - [2026-02-09T16:45:54.473+0000] {dagbag.py:355} ERROR - Failed to import: /opt/airflow/dags/bronze.py
Traceback (most recent call last):
  File "/home/airflow/.local/lib/python3.12/site-packages/airflow/models/dagbag.py", line 351, in parse
    loader.exec_module(new_module)
  File "<frozen importlib._bootstrap_external>", line 991, in exec_module
  File "<frozen importlib._bootstrap_external>", line 1129, in get_code
  File "<frozen importlib._bootstrap_external>", line 1059, in source_to_code
  File "<frozen importlib._bootstrap>", line 488, in _call_with_frames_removed
  File "/opt/airflow/dags/bronze.py", line 27
    ) as dag
            ^
SyntaxError: expected ':'
[2026-02-09T16:45:54.477+0000] {processor.py:842} WARNING - No viable dags retrieved from /opt/airflow/dags/bronze.py
[2026-02-09T16:45:54.560+0000] {processor.py:183} INFO - Processing /opt/airflow/dags/bronze.py took 0.168 seconds
[2026-02-09T16:46:05.887+0000] {processor.py:161} INFO - Started process (PID=53) to work on /opt/airflow/dags/bronze.py
[2026-02-09T16:46:05.889+0000] {processor.py:830} INFO - Processing file /opt/airflow/dags/bronze.py for tasks to queue
[2026-02-09T16:46:05.895+0000] {logging_mixin.py:188} INFO - [2026-02-09T16:46:05.894+0000] {dagbag.py:545} INFO - Filling up the DagBag from /opt/airflow/dags/bronze.py
[2026-02-09T16:46:06.782+0000] {processor.py:840} INFO - DAG(s) 'flights_ops_medallions_pipeline' retrieved from /opt/airflow/dags/bronze.py
[2026-02-09T16:46:10.987+0000] {logging_mixin.py:188} INFO - [2026-02-09T16:46:10.984+0000] {override.py:1858} INFO - Created Permission View: can edit on DAG:flights_ops_medallions_pipeline
[2026-02-09T16:46:11.022+0000] {logging_mixin.py:188} INFO - [2026-02-09T16:46:11.022+0000] {override.py:1858} INFO - Created Permission View: can delete on DAG:flights_ops_medallions_pipeline
[2026-02-09T16:46:11.039+0000] {logging_mixin.py:188} INFO - [2026-02-09T16:46:11.038+0000] {override.py:1858} INFO - Created Permission View: can read on DAG:flights_ops_medallions_pipeline
[2026-02-09T16:46:11.041+0000] {logging_mixin.py:188} INFO - [2026-02-09T16:46:11.041+0000] {dag.py:3089} INFO - Sync 1 DAGs
[2026-02-09T16:46:11.127+0000] {logging_mixin.py:188} INFO - [2026-02-09T16:46:11.126+0000] {dag.py:3111} INFO - Creating ORM DAG for flights_ops_medallions_pipeline
[2026-02-09T16:46:11.328+0000] {logging_mixin.py:188} INFO - [2026-02-09T16:46:11.327+0000] {dag.py:3947} INFO - Setting next_dagrun for flights_ops_medallions_pipeline to 2026-02-09 16:40:00+00:00, run_after=2026-02-09 16:45:00+00:00
[2026-02-09T16:46:11.441+0000] {processor.py:183} INFO - Processing /opt/airflow/dags/bronze.py took 5.571 seconds
[2026-02-09T16:46:42.018+0000] {processor.py:161} INFO - Started process (PID=54) to work on /opt/airflow/dags/bronze.py
[2026-02-09T16:46:42.025+0000] {processor.py:830} INFO - Processing file /opt/airflow/dags/bronze.py for tasks to queue
[2026-02-09T16:46:42.036+0000] {logging_mixin.py:188} INFO - [2026-02-09T16:46:42.033+0000] {dagbag.py:545} INFO - Filling up the DagBag from /opt/airflow/dags/bronze.py
[2026-02-09T16:46:42.211+0000] {processor.py:840} INFO - DAG(s) 'flights_ops_medallions_pipeline' retrieved from /opt/airflow/dags/bronze.py
[2026-02-09T16:46:42.298+0000] {logging_mixin.py:188} INFO - [2026-02-09T16:46:42.298+0000] {dag.py:3089} INFO - Sync 1 DAGs
[2026-02-09T16:46:42.396+0000] {logging_mixin.py:188} INFO - [2026-02-09T16:46:42.395+0000] {dag.py:3947} INFO - Setting next_dagrun for flights_ops_medallions_pipeline to 2026-02-09 16:40:00+00:00, run_after=2026-02-09 16:45:00+00:00
[2026-02-09T16:46:42.469+0000] {processor.py:183} INFO - Processing /opt/airflow/dags/bronze.py took 0.486 seconds
[2026-02-09T16:47:12.950+0000] {processor.py:161} INFO - Started process (PID=55) to work on /opt/airflow/dags/bronze.py
[2026-02-09T16:47:12.953+0000] {processor.py:830} INFO - Processing file /opt/airflow/dags/bronze.py for tasks to queue
[2026-02-09T16:47:12.958+0000] {logging_mixin.py:188} INFO - [2026-02-09T16:47:12.957+0000] {dagbag.py:545} INFO - Filling up the DagBag from /opt/airflow/dags/bronze.py
[2026-02-09T16:47:13.095+0000] {processor.py:840} INFO - DAG(s) 'flights_ops_medallions_pipeline' retrieved from /opt/airflow/dags/bronze.py
[2026-02-09T16:47:13.423+0000] {logging_mixin.py:188} INFO - [2026-02-09T16:47:13.423+0000] {dag.py:3089} INFO - Sync 1 DAGs
[2026-02-09T16:47:13.694+0000] {logging_mixin.py:188} INFO - [2026-02-09T16:47:13.693+0000] {dag.py:3947} INFO - Setting next_dagrun for flights_ops_medallions_pipeline to 2026-02-09 16:40:00+00:00, run_after=2026-02-09 16:45:00+00:00
[2026-02-09T16:47:13.849+0000] {processor.py:183} INFO - Processing /opt/airflow/dags/bronze.py took 0.941 seconds
[2026-02-09T16:47:44.548+0000] {processor.py:161} INFO - Started process (PID=56) to work on /opt/airflow/dags/bronze.py
[2026-02-09T16:47:44.551+0000] {processor.py:830} INFO - Processing file /opt/airflow/dags/bronze.py for tasks to queue
[2026-02-09T16:47:44.557+0000] {logging_mixin.py:188} INFO - [2026-02-09T16:47:44.556+0000] {dagbag.py:545} INFO - Filling up the DagBag from /opt/airflow/dags/bronze.py
[2026-02-09T16:47:44.639+0000] {processor.py:840} INFO - DAG(s) 'flights_ops_medallions_pipeline' retrieved from /opt/airflow/dags/bronze.py
[2026-02-09T16:47:44.735+0000] {logging_mixin.py:188} INFO - [2026-02-09T16:47:44.735+0000] {dag.py:3089} INFO - Sync 1 DAGs
[2026-02-09T16:47:45.014+0000] {logging_mixin.py:188} INFO - [2026-02-09T16:47:45.013+0000] {dag.py:3947} INFO - Setting next_dagrun for flights_ops_medallions_pipeline to 2026-02-09 16:40:00+00:00, run_after=2026-02-09 16:45:00+00:00
[2026-02-09T16:47:45.057+0000] {processor.py:183} INFO - Processing /opt/airflow/dags/bronze.py took 0.531 seconds
[2026-02-09T16:48:15.974+0000] {processor.py:161} INFO - Started process (PID=66) to work on /opt/airflow/dags/bronze.py
[2026-02-09T16:48:16.001+0000] {processor.py:830} INFO - Processing file /opt/airflow/dags/bronze.py for tasks to queue
[2026-02-09T16:48:16.151+0000] {logging_mixin.py:188} INFO - [2026-02-09T16:48:16.131+0000] {dagbag.py:545} INFO - Filling up the DagBag from /opt/airflow/dags/bronze.py
[2026-02-09T16:48:16.682+0000] {processor.py:840} INFO - DAG(s) 'flights_ops_medallions_pipeline' retrieved from /opt/airflow/dags/bronze.py
[2026-02-09T16:48:17.415+0000] {logging_mixin.py:188} INFO - [2026-02-09T16:48:17.414+0000] {dag.py:3089} INFO - Sync 1 DAGs
[2026-02-09T16:48:18.083+0000] {logging_mixin.py:188} INFO - [2026-02-09T16:48:18.082+0000] {dag.py:3947} INFO - Setting next_dagrun for flights_ops_medallions_pipeline to 2026-02-09 16:45:00+00:00, run_after=2026-02-09 16:50:00+00:00
[2026-02-09T16:48:18.241+0000] {processor.py:183} INFO - Processing /opt/airflow/dags/bronze.py took 2.647 seconds
[2026-02-09T16:48:48.440+0000] {processor.py:161} INFO - Started process (PID=76) to work on /opt/airflow/dags/bronze.py
[2026-02-09T16:48:48.443+0000] {processor.py:830} INFO - Processing file /opt/airflow/dags/bronze.py for tasks to queue
[2026-02-09T16:48:48.448+0000] {logging_mixin.py:188} INFO - [2026-02-09T16:48:48.447+0000] {dagbag.py:545} INFO - Filling up the DagBag from /opt/airflow/dags/bronze.py
[2026-02-09T16:48:48.541+0000] {processor.py:840} INFO - DAG(s) 'flights_ops_medallions_pipeline' retrieved from /opt/airflow/dags/bronze.py
[2026-02-09T16:48:48.685+0000] {logging_mixin.py:188} INFO - [2026-02-09T16:48:48.684+0000] {dag.py:3089} INFO - Sync 1 DAGs
[2026-02-09T16:48:48.924+0000] {logging_mixin.py:188} INFO - [2026-02-09T16:48:48.924+0000] {dag.py:3947} INFO - Setting next_dagrun for flights_ops_medallions_pipeline to 2026-02-09 16:45:00+00:00, run_after=2026-02-09 16:50:00+00:00
[2026-02-09T16:48:49.051+0000] {processor.py:183} INFO - Processing /opt/airflow/dags/bronze.py took 0.643 seconds
[2026-02-09T16:49:19.227+0000] {processor.py:161} INFO - Started process (PID=77) to work on /opt/airflow/dags/bronze.py
[2026-02-09T16:49:19.229+0000] {processor.py:830} INFO - Processing file /opt/airflow/dags/bronze.py for tasks to queue
[2026-02-09T16:49:19.233+0000] {logging_mixin.py:188} INFO - [2026-02-09T16:49:19.233+0000] {dagbag.py:545} INFO - Filling up the DagBag from /opt/airflow/dags/bronze.py
[2026-02-09T16:49:19.357+0000] {processor.py:840} INFO - DAG(s) 'flights_ops_medallions_pipeline' retrieved from /opt/airflow/dags/bronze.py
[2026-02-09T16:49:19.445+0000] {logging_mixin.py:188} INFO - [2026-02-09T16:49:19.445+0000] {dag.py:3089} INFO - Sync 1 DAGs
[2026-02-09T16:49:19.505+0000] {logging_mixin.py:188} INFO - [2026-02-09T16:49:19.505+0000] {dag.py:3947} INFO - Setting next_dagrun for flights_ops_medallions_pipeline to 2026-02-09 16:45:00+00:00, run_after=2026-02-09 16:50:00+00:00
[2026-02-09T16:49:19.572+0000] {processor.py:183} INFO - Processing /opt/airflow/dags/bronze.py took 0.358 seconds
[2026-02-09T16:49:50.036+0000] {processor.py:161} INFO - Started process (PID=78) to work on /opt/airflow/dags/bronze.py
[2026-02-09T16:49:50.041+0000] {processor.py:830} INFO - Processing file /opt/airflow/dags/bronze.py for tasks to queue
[2026-02-09T16:49:50.046+0000] {logging_mixin.py:188} INFO - [2026-02-09T16:49:50.045+0000] {dagbag.py:545} INFO - Filling up the DagBag from /opt/airflow/dags/bronze.py
[2026-02-09T16:49:50.194+0000] {processor.py:840} INFO - DAG(s) 'flights_ops_medallions_pipeline' retrieved from /opt/airflow/dags/bronze.py
[2026-02-09T16:49:50.348+0000] {logging_mixin.py:188} INFO - [2026-02-09T16:49:50.347+0000] {dag.py:3089} INFO - Sync 1 DAGs
[2026-02-09T16:49:50.457+0000] {logging_mixin.py:188} INFO - [2026-02-09T16:49:50.457+0000] {dag.py:3947} INFO - Setting next_dagrun for flights_ops_medallions_pipeline to 2026-02-09 16:45:00+00:00, run_after=2026-02-09 16:50:00+00:00
[2026-02-09T16:49:50.526+0000] {processor.py:183} INFO - Processing /opt/airflow/dags/bronze.py took 0.512 seconds
[2026-02-09T16:50:21.204+0000] {processor.py:161} INFO - Started process (PID=88) to work on /opt/airflow/dags/bronze.py
[2026-02-09T16:50:21.206+0000] {processor.py:830} INFO - Processing file /opt/airflow/dags/bronze.py for tasks to queue
[2026-02-09T16:50:21.211+0000] {logging_mixin.py:188} INFO - [2026-02-09T16:50:21.210+0000] {dagbag.py:545} INFO - Filling up the DagBag from /opt/airflow/dags/bronze.py
[2026-02-09T16:50:21.305+0000] {processor.py:840} INFO - DAG(s) 'flights_ops_medallions_pipeline' retrieved from /opt/airflow/dags/bronze.py
[2026-02-09T16:50:21.403+0000] {logging_mixin.py:188} INFO - [2026-02-09T16:50:21.402+0000] {dag.py:3089} INFO - Sync 1 DAGs
[2026-02-09T16:50:21.484+0000] {logging_mixin.py:188} INFO - [2026-02-09T16:50:21.483+0000] {dag.py:3947} INFO - Setting next_dagrun for flights_ops_medallions_pipeline to 2026-02-09 16:50:00+00:00, run_after=2026-02-09 16:55:00+00:00
[2026-02-09T16:50:21.540+0000] {processor.py:183} INFO - Processing /opt/airflow/dags/bronze.py took 0.354 seconds
[2026-02-09T16:50:51.898+0000] {processor.py:161} INFO - Started process (PID=89) to work on /opt/airflow/dags/bronze.py
[2026-02-09T16:50:51.900+0000] {processor.py:830} INFO - Processing file /opt/airflow/dags/bronze.py for tasks to queue
[2026-02-09T16:50:51.908+0000] {logging_mixin.py:188} INFO - [2026-02-09T16:50:51.905+0000] {dagbag.py:545} INFO - Filling up the DagBag from /opt/airflow/dags/bronze.py
[2026-02-09T16:50:52.009+0000] {processor.py:840} INFO - DAG(s) 'flights_ops_medallions_pipeline' retrieved from /opt/airflow/dags/bronze.py
[2026-02-09T16:50:52.113+0000] {logging_mixin.py:188} INFO - [2026-02-09T16:50:52.112+0000] {dag.py:3089} INFO - Sync 1 DAGs
[2026-02-09T16:50:52.221+0000] {logging_mixin.py:188} INFO - [2026-02-09T16:50:52.220+0000] {dag.py:3947} INFO - Setting next_dagrun for flights_ops_medallions_pipeline to 2026-02-09 16:50:00+00:00, run_after=2026-02-09 16:55:00+00:00
[2026-02-09T16:50:52.292+0000] {processor.py:183} INFO - Processing /opt/airflow/dags/bronze.py took 0.412 seconds
[2026-02-09T16:51:22.539+0000] {processor.py:161} INFO - Started process (PID=90) to work on /opt/airflow/dags/bronze.py
[2026-02-09T16:51:22.542+0000] {processor.py:830} INFO - Processing file /opt/airflow/dags/bronze.py for tasks to queue
[2026-02-09T16:51:22.551+0000] {logging_mixin.py:188} INFO - [2026-02-09T16:51:22.550+0000] {dagbag.py:545} INFO - Filling up the DagBag from /opt/airflow/dags/bronze.py
[2026-02-09T16:51:22.658+0000] {processor.py:840} INFO - DAG(s) 'flights_ops_medallions_pipeline' retrieved from /opt/airflow/dags/bronze.py
[2026-02-09T16:51:22.776+0000] {logging_mixin.py:188} INFO - [2026-02-09T16:51:22.775+0000] {dag.py:3089} INFO - Sync 1 DAGs
[2026-02-09T16:51:22.869+0000] {logging_mixin.py:188} INFO - [2026-02-09T16:51:22.869+0000] {dag.py:3947} INFO - Setting next_dagrun for flights_ops_medallions_pipeline to 2026-02-09 16:50:00+00:00, run_after=2026-02-09 16:55:00+00:00
[2026-02-09T16:51:22.927+0000] {processor.py:183} INFO - Processing /opt/airflow/dags/bronze.py took 0.418 seconds
[2026-02-09T16:51:53.355+0000] {processor.py:161} INFO - Started process (PID=91) to work on /opt/airflow/dags/bronze.py
[2026-02-09T16:51:53.358+0000] {processor.py:830} INFO - Processing file /opt/airflow/dags/bronze.py for tasks to queue
[2026-02-09T16:51:53.363+0000] {logging_mixin.py:188} INFO - [2026-02-09T16:51:53.362+0000] {dagbag.py:545} INFO - Filling up the DagBag from /opt/airflow/dags/bronze.py
[2026-02-09T16:51:53.469+0000] {processor.py:840} INFO - DAG(s) 'flights_ops_medallions_pipeline' retrieved from /opt/airflow/dags/bronze.py
[2026-02-09T16:51:53.582+0000] {logging_mixin.py:188} INFO - [2026-02-09T16:51:53.582+0000] {dag.py:3089} INFO - Sync 1 DAGs
[2026-02-09T16:51:53.674+0000] {logging_mixin.py:188} INFO - [2026-02-09T16:51:53.674+0000] {dag.py:3947} INFO - Setting next_dagrun for flights_ops_medallions_pipeline to 2026-02-09 16:50:00+00:00, run_after=2026-02-09 16:55:00+00:00
[2026-02-09T16:51:53.747+0000] {processor.py:183} INFO - Processing /opt/airflow/dags/bronze.py took 0.408 seconds
[2026-02-09T16:52:24.001+0000] {processor.py:161} INFO - Started process (PID=92) to work on /opt/airflow/dags/bronze.py
[2026-02-09T16:52:24.005+0000] {processor.py:830} INFO - Processing file /opt/airflow/dags/bronze.py for tasks to queue
[2026-02-09T16:52:24.012+0000] {logging_mixin.py:188} INFO - [2026-02-09T16:52:24.011+0000] {dagbag.py:545} INFO - Filling up the DagBag from /opt/airflow/dags/bronze.py
[2026-02-09T16:52:24.120+0000] {processor.py:840} INFO - DAG(s) 'flights_ops_medallions_pipeline' retrieved from /opt/airflow/dags/bronze.py
[2026-02-09T16:52:24.252+0000] {logging_mixin.py:188} INFO - [2026-02-09T16:52:24.250+0000] {dag.py:3089} INFO - Sync 1 DAGs
[2026-02-09T16:52:24.410+0000] {logging_mixin.py:188} INFO - [2026-02-09T16:52:24.409+0000] {dag.py:3947} INFO - Setting next_dagrun for flights_ops_medallions_pipeline to 2026-02-09 16:50:00+00:00, run_after=2026-02-09 16:55:00+00:00
[2026-02-09T16:52:24.573+0000] {processor.py:183} INFO - Processing /opt/airflow/dags/bronze.py took 0.602 seconds
[2026-02-09T16:52:54.985+0000] {processor.py:161} INFO - Started process (PID=93) to work on /opt/airflow/dags/bronze.py
[2026-02-09T16:52:54.993+0000] {processor.py:830} INFO - Processing file /opt/airflow/dags/bronze.py for tasks to queue
[2026-02-09T16:52:55.002+0000] {logging_mixin.py:188} INFO - [2026-02-09T16:52:55.000+0000] {dagbag.py:545} INFO - Filling up the DagBag from /opt/airflow/dags/bronze.py
[2026-02-09T16:52:55.235+0000] {processor.py:840} INFO - DAG(s) 'flights_ops_medallions_pipeline' retrieved from /opt/airflow/dags/bronze.py
[2026-02-09T16:52:55.480+0000] {logging_mixin.py:188} INFO - [2026-02-09T16:52:55.480+0000] {dag.py:3089} INFO - Sync 1 DAGs
[2026-02-09T16:52:55.751+0000] {logging_mixin.py:188} INFO - [2026-02-09T16:52:55.750+0000] {dag.py:3947} INFO - Setting next_dagrun for flights_ops_medallions_pipeline to 2026-02-09 16:50:00+00:00, run_after=2026-02-09 16:55:00+00:00
[2026-02-09T16:52:55.845+0000] {processor.py:183} INFO - Processing /opt/airflow/dags/bronze.py took 0.902 seconds
[2026-02-09T16:53:26.583+0000] {processor.py:161} INFO - Started process (PID=94) to work on /opt/airflow/dags/bronze.py
[2026-02-09T16:53:26.585+0000] {processor.py:830} INFO - Processing file /opt/airflow/dags/bronze.py for tasks to queue
[2026-02-09T16:53:26.604+0000] {logging_mixin.py:188} INFO - [2026-02-09T16:53:26.592+0000] {dagbag.py:545} INFO - Filling up the DagBag from /opt/airflow/dags/bronze.py
[2026-02-09T16:53:26.725+0000] {processor.py:840} INFO - DAG(s) 'flights_ops_medallions_pipeline' retrieved from /opt/airflow/dags/bronze.py
[2026-02-09T16:53:26.848+0000] {logging_mixin.py:188} INFO - [2026-02-09T16:53:26.847+0000] {dag.py:3089} INFO - Sync 1 DAGs
[2026-02-09T16:53:27.000+0000] {logging_mixin.py:188} INFO - [2026-02-09T16:53:27.000+0000] {dag.py:3947} INFO - Setting next_dagrun for flights_ops_medallions_pipeline to 2026-02-09 16:50:00+00:00, run_after=2026-02-09 16:55:00+00:00
[2026-02-09T16:53:27.089+0000] {processor.py:183} INFO - Processing /opt/airflow/dags/bronze.py took 0.523 seconds
[2026-02-09T16:53:57.714+0000] {processor.py:161} INFO - Started process (PID=95) to work on /opt/airflow/dags/bronze.py
[2026-02-09T16:53:57.717+0000] {processor.py:830} INFO - Processing file /opt/airflow/dags/bronze.py for tasks to queue
[2026-02-09T16:53:57.728+0000] {logging_mixin.py:188} INFO - [2026-02-09T16:53:57.727+0000] {dagbag.py:545} INFO - Filling up the DagBag from /opt/airflow/dags/bronze.py
[2026-02-09T16:53:57.865+0000] {processor.py:840} INFO - DAG(s) 'flights_ops_medallions_pipeline' retrieved from /opt/airflow/dags/bronze.py
[2026-02-09T16:53:58.063+0000] {logging_mixin.py:188} INFO - [2026-02-09T16:53:58.062+0000] {dag.py:3089} INFO - Sync 1 DAGs
[2026-02-09T16:53:58.324+0000] {logging_mixin.py:188} INFO - [2026-02-09T16:53:58.323+0000] {dag.py:3947} INFO - Setting next_dagrun for flights_ops_medallions_pipeline to 2026-02-09 16:50:00+00:00, run_after=2026-02-09 16:55:00+00:00
[2026-02-09T16:53:58.434+0000] {processor.py:183} INFO - Processing /opt/airflow/dags/bronze.py took 0.742 seconds
[2026-02-09T16:54:28.719+0000] {processor.py:161} INFO - Started process (PID=96) to work on /opt/airflow/dags/bronze.py
[2026-02-09T16:54:28.721+0000] {processor.py:830} INFO - Processing file /opt/airflow/dags/bronze.py for tasks to queue
[2026-02-09T16:54:28.728+0000] {logging_mixin.py:188} INFO - [2026-02-09T16:54:28.727+0000] {dagbag.py:545} INFO - Filling up the DagBag from /opt/airflow/dags/bronze.py
[2026-02-09T16:54:28.812+0000] {processor.py:840} INFO - DAG(s) 'flights_ops_medallions_pipeline' retrieved from /opt/airflow/dags/bronze.py
[2026-02-09T16:54:28.933+0000] {logging_mixin.py:188} INFO - [2026-02-09T16:54:28.932+0000] {dag.py:3089} INFO - Sync 1 DAGs
[2026-02-09T16:54:29.008+0000] {logging_mixin.py:188} INFO - [2026-02-09T16:54:29.007+0000] {dag.py:3947} INFO - Setting next_dagrun for flights_ops_medallions_pipeline to 2026-02-09 16:50:00+00:00, run_after=2026-02-09 16:55:00+00:00
[2026-02-09T16:54:29.066+0000] {processor.py:183} INFO - Processing /opt/airflow/dags/bronze.py took 0.390 seconds
[2026-02-09T16:54:59.567+0000] {processor.py:161} INFO - Started process (PID=97) to work on /opt/airflow/dags/bronze.py
[2026-02-09T16:54:59.574+0000] {processor.py:830} INFO - Processing file /opt/airflow/dags/bronze.py for tasks to queue
[2026-02-09T16:54:59.589+0000] {logging_mixin.py:188} INFO - [2026-02-09T16:54:59.587+0000] {dagbag.py:545} INFO - Filling up the DagBag from /opt/airflow/dags/bronze.py
[2026-02-09T16:54:59.664+0000] {processor.py:840} INFO - DAG(s) 'flights_ops_medallions_pipeline' retrieved from /opt/airflow/dags/bronze.py
[2026-02-09T16:54:59.760+0000] {logging_mixin.py:188} INFO - [2026-02-09T16:54:59.759+0000] {dag.py:3089} INFO - Sync 1 DAGs
[2026-02-09T16:54:59.844+0000] {logging_mixin.py:188} INFO - [2026-02-09T16:54:59.843+0000] {dag.py:3947} INFO - Setting next_dagrun for flights_ops_medallions_pipeline to 2026-02-09 16:50:00+00:00, run_after=2026-02-09 16:55:00+00:00
[2026-02-09T16:54:59.926+0000] {processor.py:183} INFO - Processing /opt/airflow/dags/bronze.py took 0.384 seconds
[2026-02-09T16:55:30.093+0000] {processor.py:161} INFO - Started process (PID=107) to work on /opt/airflow/dags/bronze.py
[2026-02-09T16:55:30.097+0000] {processor.py:830} INFO - Processing file /opt/airflow/dags/bronze.py for tasks to queue
[2026-02-09T16:55:30.105+0000] {logging_mixin.py:188} INFO - [2026-02-09T16:55:30.103+0000] {dagbag.py:545} INFO - Filling up the DagBag from /opt/airflow/dags/bronze.py
[2026-02-09T16:55:30.234+0000] {processor.py:840} INFO - DAG(s) 'flights_ops_medallions_pipeline' retrieved from /opt/airflow/dags/bronze.py
[2026-02-09T16:55:30.345+0000] {logging_mixin.py:188} INFO - [2026-02-09T16:55:30.344+0000] {dag.py:3089} INFO - Sync 1 DAGs
[2026-02-09T16:55:30.433+0000] {logging_mixin.py:188} INFO - [2026-02-09T16:55:30.432+0000] {dag.py:3947} INFO - Setting next_dagrun for flights_ops_medallions_pipeline to 2026-02-09 16:55:00+00:00, run_after=2026-02-09 17:00:00+00:00
[2026-02-09T16:55:30.502+0000] {processor.py:183} INFO - Processing /opt/airflow/dags/bronze.py took 0.432 seconds
[2026-02-09T16:56:01.080+0000] {processor.py:161} INFO - Started process (PID=108) to work on /opt/airflow/dags/bronze.py
[2026-02-09T16:56:01.083+0000] {processor.py:830} INFO - Processing file /opt/airflow/dags/bronze.py for tasks to queue
[2026-02-09T16:56:01.091+0000] {logging_mixin.py:188} INFO - [2026-02-09T16:56:01.089+0000] {dagbag.py:545} INFO - Filling up the DagBag from /opt/airflow/dags/bronze.py
[2026-02-09T16:56:01.195+0000] {processor.py:840} INFO - DAG(s) 'flights_ops_medallions_pipeline' retrieved from /opt/airflow/dags/bronze.py
[2026-02-09T16:56:01.309+0000] {logging_mixin.py:188} INFO - [2026-02-09T16:56:01.308+0000] {dag.py:3089} INFO - Sync 1 DAGs
[2026-02-09T16:56:01.396+0000] {logging_mixin.py:188} INFO - [2026-02-09T16:56:01.395+0000] {dag.py:3947} INFO - Setting next_dagrun for flights_ops_medallions_pipeline to 2026-02-09 16:55:00+00:00, run_after=2026-02-09 17:00:00+00:00
[2026-02-09T16:56:01.460+0000] {processor.py:183} INFO - Processing /opt/airflow/dags/bronze.py took 0.402 seconds
[2026-02-09T16:56:32.127+0000] {processor.py:161} INFO - Started process (PID=109) to work on /opt/airflow/dags/bronze.py
[2026-02-09T16:56:32.131+0000] {processor.py:830} INFO - Processing file /opt/airflow/dags/bronze.py for tasks to queue
[2026-02-09T16:56:32.138+0000] {logging_mixin.py:188} INFO - [2026-02-09T16:56:32.137+0000] {dagbag.py:545} INFO - Filling up the DagBag from /opt/airflow/dags/bronze.py
[2026-02-09T16:56:32.287+0000] {processor.py:840} INFO - DAG(s) 'flights_ops_medallions_pipeline' retrieved from /opt/airflow/dags/bronze.py
[2026-02-09T16:56:32.445+0000] {logging_mixin.py:188} INFO - [2026-02-09T16:56:32.444+0000] {dag.py:3089} INFO - Sync 1 DAGs
[2026-02-09T16:56:32.546+0000] {logging_mixin.py:188} INFO - [2026-02-09T16:56:32.545+0000] {dag.py:3947} INFO - Setting next_dagrun for flights_ops_medallions_pipeline to 2026-02-09 16:55:00+00:00, run_after=2026-02-09 17:00:00+00:00
[2026-02-09T16:56:32.621+0000] {processor.py:183} INFO - Processing /opt/airflow/dags/bronze.py took 0.514 seconds
[2026-02-09T16:57:03.057+0000] {processor.py:161} INFO - Started process (PID=110) to work on /opt/airflow/dags/bronze.py
[2026-02-09T16:57:03.060+0000] {processor.py:830} INFO - Processing file /opt/airflow/dags/bronze.py for tasks to queue
[2026-02-09T16:57:03.068+0000] {logging_mixin.py:188} INFO - [2026-02-09T16:57:03.067+0000] {dagbag.py:545} INFO - Filling up the DagBag from /opt/airflow/dags/bronze.py
[2026-02-09T16:57:03.179+0000] {processor.py:840} INFO - DAG(s) 'flights_ops_medallions_pipeline' retrieved from /opt/airflow/dags/bronze.py
[2026-02-09T16:57:03.379+0000] {logging_mixin.py:188} INFO - [2026-02-09T16:57:03.378+0000] {dag.py:3089} INFO - Sync 1 DAGs
[2026-02-09T16:57:03.532+0000] {logging_mixin.py:188} INFO - [2026-02-09T16:57:03.530+0000] {dag.py:3947} INFO - Setting next_dagrun for flights_ops_medallions_pipeline to 2026-02-09 16:55:00+00:00, run_after=2026-02-09 17:00:00+00:00
[2026-02-09T16:57:03.631+0000] {processor.py:183} INFO - Processing /opt/airflow/dags/bronze.py took 0.599 seconds
[2026-02-09T16:57:34.330+0000] {processor.py:161} INFO - Started process (PID=111) to work on /opt/airflow/dags/bronze.py
[2026-02-09T16:57:34.337+0000] {processor.py:830} INFO - Processing file /opt/airflow/dags/bronze.py for tasks to queue
[2026-02-09T16:57:34.348+0000] {logging_mixin.py:188} INFO - [2026-02-09T16:57:34.346+0000] {dagbag.py:545} INFO - Filling up the DagBag from /opt/airflow/dags/bronze.py
[2026-02-09T16:57:34.460+0000] {processor.py:840} INFO - DAG(s) 'flights_ops_medallions_pipeline' retrieved from /opt/airflow/dags/bronze.py
[2026-02-09T16:57:34.568+0000] {logging_mixin.py:188} INFO - [2026-02-09T16:57:34.567+0000] {dag.py:3089} INFO - Sync 1 DAGs
[2026-02-09T16:57:34.672+0000] {logging_mixin.py:188} INFO - [2026-02-09T16:57:34.672+0000] {dag.py:3947} INFO - Setting next_dagrun for flights_ops_medallions_pipeline to 2026-02-09 16:55:00+00:00, run_after=2026-02-09 17:00:00+00:00
[2026-02-09T16:57:34.754+0000] {processor.py:183} INFO - Processing /opt/airflow/dags/bronze.py took 0.476 seconds
[2026-02-09T16:58:05.251+0000] {processor.py:161} INFO - Started process (PID=112) to work on /opt/airflow/dags/bronze.py
[2026-02-09T16:58:05.253+0000] {processor.py:830} INFO - Processing file /opt/airflow/dags/bronze.py for tasks to queue
[2026-02-09T16:58:05.264+0000] {logging_mixin.py:188} INFO - [2026-02-09T16:58:05.262+0000] {dagbag.py:545} INFO - Filling up the DagBag from /opt/airflow/dags/bronze.py
[2026-02-09T16:58:05.390+0000] {processor.py:840} INFO - DAG(s) 'flights_ops_medallions_pipeline' retrieved from /opt/airflow/dags/bronze.py
[2026-02-09T16:58:05.527+0000] {logging_mixin.py:188} INFO - [2026-02-09T16:58:05.526+0000] {dag.py:3089} INFO - Sync 1 DAGs
[2026-02-09T16:58:05.665+0000] {logging_mixin.py:188} INFO - [2026-02-09T16:58:05.665+0000] {dag.py:3947} INFO - Setting next_dagrun for flights_ops_medallions_pipeline to 2026-02-09 16:55:00+00:00, run_after=2026-02-09 17:00:00+00:00
[2026-02-09T16:58:05.785+0000] {processor.py:183} INFO - Processing /opt/airflow/dags/bronze.py took 0.570 seconds
[2026-02-09T16:58:36.502+0000] {processor.py:161} INFO - Started process (PID=113) to work on /opt/airflow/dags/bronze.py
[2026-02-09T16:58:36.506+0000] {processor.py:830} INFO - Processing file /opt/airflow/dags/bronze.py for tasks to queue
[2026-02-09T16:58:36.514+0000] {logging_mixin.py:188} INFO - [2026-02-09T16:58:36.513+0000] {dagbag.py:545} INFO - Filling up the DagBag from /opt/airflow/dags/bronze.py
[2026-02-09T16:58:36.599+0000] {processor.py:840} INFO - DAG(s) 'flights_ops_medallions_pipeline' retrieved from /opt/airflow/dags/bronze.py
[2026-02-09T16:58:36.696+0000] {logging_mixin.py:188} INFO - [2026-02-09T16:58:36.695+0000] {dag.py:3089} INFO - Sync 1 DAGs
[2026-02-09T16:58:36.787+0000] {logging_mixin.py:188} INFO - [2026-02-09T16:58:36.786+0000] {dag.py:3947} INFO - Setting next_dagrun for flights_ops_medallions_pipeline to 2026-02-09 16:55:00+00:00, run_after=2026-02-09 17:00:00+00:00
[2026-02-09T16:58:37.049+0000] {processor.py:183} INFO - Processing /opt/airflow/dags/bronze.py took 0.573 seconds
[2026-02-09T16:59:07.219+0000] {processor.py:161} INFO - Started process (PID=114) to work on /opt/airflow/dags/bronze.py
[2026-02-09T16:59:07.222+0000] {processor.py:830} INFO - Processing file /opt/airflow/dags/bronze.py for tasks to queue
[2026-02-09T16:59:07.226+0000] {logging_mixin.py:188} INFO - [2026-02-09T16:59:07.225+0000] {dagbag.py:545} INFO - Filling up the DagBag from /opt/airflow/dags/bronze.py
[2026-02-09T16:59:07.316+0000] {processor.py:840} INFO - DAG(s) 'flights_ops_medallions_pipeline' retrieved from /opt/airflow/dags/bronze.py
[2026-02-09T16:59:07.433+0000] {logging_mixin.py:188} INFO - [2026-02-09T16:59:07.430+0000] {dag.py:3089} INFO - Sync 1 DAGs
[2026-02-09T16:59:07.536+0000] {logging_mixin.py:188} INFO - [2026-02-09T16:59:07.535+0000] {dag.py:3947} INFO - Setting next_dagrun for flights_ops_medallions_pipeline to 2026-02-09 16:55:00+00:00, run_after=2026-02-09 17:00:00+00:00
[2026-02-09T16:59:07.620+0000] {processor.py:183} INFO - Processing /opt/airflow/dags/bronze.py took 0.425 seconds
[2026-02-09T16:59:38.238+0000] {processor.py:161} INFO - Started process (PID=115) to work on /opt/airflow/dags/bronze.py
[2026-02-09T16:59:38.245+0000] {processor.py:830} INFO - Processing file /opt/airflow/dags/bronze.py for tasks to queue
[2026-02-09T16:59:38.251+0000] {logging_mixin.py:188} INFO - [2026-02-09T16:59:38.250+0000] {dagbag.py:545} INFO - Filling up the DagBag from /opt/airflow/dags/bronze.py
[2026-02-09T16:59:38.415+0000] {processor.py:840} INFO - DAG(s) 'flights_ops_medallions_pipeline' retrieved from /opt/airflow/dags/bronze.py
[2026-02-09T16:59:38.684+0000] {logging_mixin.py:188} INFO - [2026-02-09T16:59:38.683+0000] {dag.py:3089} INFO - Sync 1 DAGs
[2026-02-09T16:59:38.896+0000] {logging_mixin.py:188} INFO - [2026-02-09T16:59:38.895+0000] {dag.py:3947} INFO - Setting next_dagrun for flights_ops_medallions_pipeline to 2026-02-09 16:55:00+00:00, run_after=2026-02-09 17:00:00+00:00
[2026-02-09T16:59:39.150+0000] {processor.py:183} INFO - Processing /opt/airflow/dags/bronze.py took 0.937 seconds
[2026-02-09T17:00:10.759+0000] {processor.py:161} INFO - Started process (PID=117) to work on /opt/airflow/dags/bronze.py
[2026-02-09T17:00:10.777+0000] {processor.py:830} INFO - Processing file /opt/airflow/dags/bronze.py for tasks to queue
[2026-02-09T17:00:10.880+0000] {logging_mixin.py:188} INFO - [2026-02-09T17:00:10.872+0000] {dagbag.py:545} INFO - Filling up the DagBag from /opt/airflow/dags/bronze.py
[2026-02-09T17:00:11.244+0000] {processor.py:840} INFO - DAG(s) 'flights_ops_medallions_pipeline' retrieved from /opt/airflow/dags/bronze.py
[2026-02-09T17:00:11.463+0000] {logging_mixin.py:188} INFO - [2026-02-09T17:00:11.462+0000] {dag.py:3089} INFO - Sync 1 DAGs
[2026-02-09T17:00:11.626+0000] {logging_mixin.py:188} INFO - [2026-02-09T17:00:11.625+0000] {dag.py:3947} INFO - Setting next_dagrun for flights_ops_medallions_pipeline to 2026-02-09 17:00:00+00:00, run_after=2026-02-09 17:05:00+00:00
[2026-02-09T17:00:11.722+0000] {processor.py:183} INFO - Processing /opt/airflow/dags/bronze.py took 1.098 seconds
[2026-02-09T17:00:42.171+0000] {processor.py:161} INFO - Started process (PID=126) to work on /opt/airflow/dags/bronze.py
[2026-02-09T17:00:42.173+0000] {processor.py:830} INFO - Processing file /opt/airflow/dags/bronze.py for tasks to queue
[2026-02-09T17:00:42.182+0000] {logging_mixin.py:188} INFO - [2026-02-09T17:00:42.181+0000] {dagbag.py:545} INFO - Filling up the DagBag from /opt/airflow/dags/bronze.py
[2026-02-09T17:00:42.297+0000] {processor.py:840} INFO - DAG(s) 'flights_ops_medallions_pipeline' retrieved from /opt/airflow/dags/bronze.py
[2026-02-09T17:00:42.389+0000] {logging_mixin.py:188} INFO - [2026-02-09T17:00:42.388+0000] {dag.py:3089} INFO - Sync 1 DAGs
[2026-02-09T17:00:42.487+0000] {logging_mixin.py:188} INFO - [2026-02-09T17:00:42.487+0000] {dag.py:3947} INFO - Setting next_dagrun for flights_ops_medallions_pipeline to 2026-02-09 17:00:00+00:00, run_after=2026-02-09 17:05:00+00:00
[2026-02-09T17:00:42.558+0000] {processor.py:183} INFO - Processing /opt/airflow/dags/bronze.py took 0.405 seconds
[2026-02-09T17:01:12.795+0000] {processor.py:161} INFO - Started process (PID=127) to work on /opt/airflow/dags/bronze.py
[2026-02-09T17:01:12.801+0000] {processor.py:830} INFO - Processing file /opt/airflow/dags/bronze.py for tasks to queue
[2026-02-09T17:01:12.812+0000] {logging_mixin.py:188} INFO - [2026-02-09T17:01:12.811+0000] {dagbag.py:545} INFO - Filling up the DagBag from /opt/airflow/dags/bronze.py
[2026-02-09T17:01:13.025+0000] {processor.py:840} INFO - DAG(s) 'flights_ops_medallions_pipeline' retrieved from /opt/airflow/dags/bronze.py
[2026-02-09T17:01:13.140+0000] {logging_mixin.py:188} INFO - [2026-02-09T17:01:13.140+0000] {dag.py:3089} INFO - Sync 1 DAGs
[2026-02-09T17:01:13.262+0000] {logging_mixin.py:188} INFO - [2026-02-09T17:01:13.261+0000] {dag.py:3947} INFO - Setting next_dagrun for flights_ops_medallions_pipeline to 2026-02-09 17:00:00+00:00, run_after=2026-02-09 17:05:00+00:00
[2026-02-09T17:01:13.348+0000] {processor.py:183} INFO - Processing /opt/airflow/dags/bronze.py took 0.594 seconds
[2026-02-09T17:01:43.718+0000] {processor.py:161} INFO - Started process (PID=128) to work on /opt/airflow/dags/bronze.py
[2026-02-09T17:01:43.721+0000] {processor.py:830} INFO - Processing file /opt/airflow/dags/bronze.py for tasks to queue
[2026-02-09T17:01:43.730+0000] {logging_mixin.py:188} INFO - [2026-02-09T17:01:43.728+0000] {dagbag.py:545} INFO - Filling up the DagBag from /opt/airflow/dags/bronze.py
[2026-02-09T17:01:43.843+0000] {processor.py:840} INFO - DAG(s) 'flights_ops_medallions_pipeline' retrieved from /opt/airflow/dags/bronze.py
[2026-02-09T17:01:43.945+0000] {logging_mixin.py:188} INFO - [2026-02-09T17:01:43.944+0000] {dag.py:3089} INFO - Sync 1 DAGs
[2026-02-09T17:01:44.084+0000] {logging_mixin.py:188} INFO - [2026-02-09T17:01:44.083+0000] {dag.py:3947} INFO - Setting next_dagrun for flights_ops_medallions_pipeline to 2026-02-09 17:00:00+00:00, run_after=2026-02-09 17:05:00+00:00
[2026-02-09T17:01:44.151+0000] {processor.py:183} INFO - Processing /opt/airflow/dags/bronze.py took 0.460 seconds
[2026-02-09T17:02:14.493+0000] {processor.py:161} INFO - Started process (PID=129) to work on /opt/airflow/dags/bronze.py
[2026-02-09T17:02:14.495+0000] {processor.py:830} INFO - Processing file /opt/airflow/dags/bronze.py for tasks to queue
[2026-02-09T17:02:14.500+0000] {logging_mixin.py:188} INFO - [2026-02-09T17:02:14.498+0000] {dagbag.py:545} INFO - Filling up the DagBag from /opt/airflow/dags/bronze.py
[2026-02-09T17:02:14.577+0000] {processor.py:840} INFO - DAG(s) 'flights_ops_medallions_pipeline' retrieved from /opt/airflow/dags/bronze.py
[2026-02-09T17:02:14.689+0000] {logging_mixin.py:188} INFO - [2026-02-09T17:02:14.688+0000] {dag.py:3089} INFO - Sync 1 DAGs
[2026-02-09T17:02:14.780+0000] {logging_mixin.py:188} INFO - [2026-02-09T17:02:14.779+0000] {dag.py:3947} INFO - Setting next_dagrun for flights_ops_medallions_pipeline to 2026-02-09 17:00:00+00:00, run_after=2026-02-09 17:05:00+00:00
[2026-02-09T17:02:14.861+0000] {processor.py:183} INFO - Processing /opt/airflow/dags/bronze.py took 0.383 seconds
[2026-02-09T17:02:45.431+0000] {processor.py:161} INFO - Started process (PID=130) to work on /opt/airflow/dags/bronze.py
[2026-02-09T17:02:45.433+0000] {processor.py:830} INFO - Processing file /opt/airflow/dags/bronze.py for tasks to queue
[2026-02-09T17:02:45.438+0000] {logging_mixin.py:188} INFO - [2026-02-09T17:02:45.437+0000] {dagbag.py:545} INFO - Filling up the DagBag from /opt/airflow/dags/bronze.py
[2026-02-09T17:02:45.716+0000] {processor.py:840} INFO - DAG(s) 'flights_ops_medallions_pipeline' retrieved from /opt/airflow/dags/bronze.py
[2026-02-09T17:02:45.906+0000] {logging_mixin.py:188} INFO - [2026-02-09T17:02:45.905+0000] {dag.py:3089} INFO - Sync 1 DAGs
[2026-02-09T17:02:45.983+0000] {logging_mixin.py:188} INFO - [2026-02-09T17:02:45.982+0000] {dag.py:3947} INFO - Setting next_dagrun for flights_ops_medallions_pipeline to 2026-02-09 17:00:00+00:00, run_after=2026-02-09 17:05:00+00:00
[2026-02-09T17:02:46.072+0000] {processor.py:183} INFO - Processing /opt/airflow/dags/bronze.py took 0.669 seconds
[2026-02-09T17:03:17.039+0000] {processor.py:161} INFO - Started process (PID=131) to work on /opt/airflow/dags/bronze.py
[2026-02-09T17:03:17.042+0000] {processor.py:830} INFO - Processing file /opt/airflow/dags/bronze.py for tasks to queue
[2026-02-09T17:03:17.047+0000] {logging_mixin.py:188} INFO - [2026-02-09T17:03:17.046+0000] {dagbag.py:545} INFO - Filling up the DagBag from /opt/airflow/dags/bronze.py
[2026-02-09T17:03:17.143+0000] {processor.py:840} INFO - DAG(s) 'flights_ops_medallions_pipeline' retrieved from /opt/airflow/dags/bronze.py
[2026-02-09T17:03:17.246+0000] {logging_mixin.py:188} INFO - [2026-02-09T17:03:17.245+0000] {dag.py:3089} INFO - Sync 1 DAGs
[2026-02-09T17:03:17.319+0000] {logging_mixin.py:188} INFO - [2026-02-09T17:03:17.319+0000] {dag.py:3947} INFO - Setting next_dagrun for flights_ops_medallions_pipeline to 2026-02-09 17:00:00+00:00, run_after=2026-02-09 17:05:00+00:00
[2026-02-09T17:03:17.381+0000] {processor.py:183} INFO - Processing /opt/airflow/dags/bronze.py took 0.359 seconds
[2026-02-09T17:03:47.624+0000] {processor.py:161} INFO - Started process (PID=132) to work on /opt/airflow/dags/bronze.py
[2026-02-09T17:03:47.631+0000] {processor.py:830} INFO - Processing file /opt/airflow/dags/bronze.py for tasks to queue
[2026-02-09T17:03:47.637+0000] {logging_mixin.py:188} INFO - [2026-02-09T17:03:47.636+0000] {dagbag.py:545} INFO - Filling up the DagBag from /opt/airflow/dags/bronze.py
[2026-02-09T17:03:47.724+0000] {processor.py:840} INFO - DAG(s) 'flights_ops_medallions_pipeline' retrieved from /opt/airflow/dags/bronze.py
[2026-02-09T17:03:47.838+0000] {logging_mixin.py:188} INFO - [2026-02-09T17:03:47.838+0000] {dag.py:3089} INFO - Sync 1 DAGs
[2026-02-09T17:03:47.951+0000] {logging_mixin.py:188} INFO - [2026-02-09T17:03:47.950+0000] {dag.py:3947} INFO - Setting next_dagrun for flights_ops_medallions_pipeline to 2026-02-09 17:00:00+00:00, run_after=2026-02-09 17:05:00+00:00
[2026-02-09T17:03:48.035+0000] {processor.py:183} INFO - Processing /opt/airflow/dags/bronze.py took 0.432 seconds
[2026-02-09T17:04:18.454+0000] {processor.py:161} INFO - Started process (PID=133) to work on /opt/airflow/dags/bronze.py
[2026-02-09T17:04:18.472+0000] {processor.py:830} INFO - Processing file /opt/airflow/dags/bronze.py for tasks to queue
[2026-02-09T17:04:18.491+0000] {logging_mixin.py:188} INFO - [2026-02-09T17:04:18.489+0000] {dagbag.py:545} INFO - Filling up the DagBag from /opt/airflow/dags/bronze.py
[2026-02-09T17:04:18.633+0000] {processor.py:840} INFO - DAG(s) 'flights_ops_medallions_pipeline' retrieved from /opt/airflow/dags/bronze.py
[2026-02-09T17:04:18.807+0000] {logging_mixin.py:188} INFO - [2026-02-09T17:04:18.807+0000] {dag.py:3089} INFO - Sync 1 DAGs
[2026-02-09T17:04:18.907+0000] {logging_mixin.py:188} INFO - [2026-02-09T17:04:18.907+0000] {dag.py:3947} INFO - Setting next_dagrun for flights_ops_medallions_pipeline to 2026-02-09 17:00:00+00:00, run_after=2026-02-09 17:05:00+00:00
[2026-02-09T17:04:18.972+0000] {processor.py:183} INFO - Processing /opt/airflow/dags/bronze.py took 0.547 seconds
[2026-02-09T17:04:49.357+0000] {processor.py:161} INFO - Started process (PID=134) to work on /opt/airflow/dags/bronze.py
[2026-02-09T17:04:49.366+0000] {processor.py:830} INFO - Processing file /opt/airflow/dags/bronze.py for tasks to queue
[2026-02-09T17:04:49.371+0000] {logging_mixin.py:188} INFO - [2026-02-09T17:04:49.370+0000] {dagbag.py:545} INFO - Filling up the DagBag from /opt/airflow/dags/bronze.py
[2026-02-09T17:04:49.515+0000] {processor.py:840} INFO - DAG(s) 'flights_ops_medallions_pipeline' retrieved from /opt/airflow/dags/bronze.py
[2026-02-09T17:04:49.635+0000] {logging_mixin.py:188} INFO - [2026-02-09T17:04:49.634+0000] {dag.py:3089} INFO - Sync 1 DAGs
[2026-02-09T17:04:49.746+0000] {logging_mixin.py:188} INFO - [2026-02-09T17:04:49.745+0000] {dag.py:3947} INFO - Setting next_dagrun for flights_ops_medallions_pipeline to 2026-02-09 17:00:00+00:00, run_after=2026-02-09 17:05:00+00:00
[2026-02-09T17:04:49.822+0000] {processor.py:183} INFO - Processing /opt/airflow/dags/bronze.py took 0.489 seconds
[2026-02-09T17:05:20.375+0000] {processor.py:161} INFO - Started process (PID=144) to work on /opt/airflow/dags/bronze.py
[2026-02-09T17:05:20.377+0000] {processor.py:830} INFO - Processing file /opt/airflow/dags/bronze.py for tasks to queue
[2026-02-09T17:05:20.382+0000] {logging_mixin.py:188} INFO - [2026-02-09T17:05:20.382+0000] {dagbag.py:545} INFO - Filling up the DagBag from /opt/airflow/dags/bronze.py
[2026-02-09T17:05:20.477+0000] {processor.py:840} INFO - DAG(s) 'flights_ops_medallions_pipeline' retrieved from /opt/airflow/dags/bronze.py
[2026-02-09T17:05:20.589+0000] {logging_mixin.py:188} INFO - [2026-02-09T17:05:20.589+0000] {dag.py:3089} INFO - Sync 1 DAGs
[2026-02-09T17:05:20.753+0000] {logging_mixin.py:188} INFO - [2026-02-09T17:05:20.740+0000] {dag.py:3947} INFO - Setting next_dagrun for flights_ops_medallions_pipeline to 2026-02-09 17:05:00+00:00, run_after=2026-02-09 17:10:00+00:00
[2026-02-09T17:05:20.860+0000] {processor.py:183} INFO - Processing /opt/airflow/dags/bronze.py took 0.509 seconds
[2026-02-09T17:05:51.062+0000] {processor.py:161} INFO - Started process (PID=145) to work on /opt/airflow/dags/bronze.py
[2026-02-09T17:05:51.067+0000] {processor.py:830} INFO - Processing file /opt/airflow/dags/bronze.py for tasks to queue
[2026-02-09T17:05:51.077+0000] {logging_mixin.py:188} INFO - [2026-02-09T17:05:51.074+0000] {dagbag.py:545} INFO - Filling up the DagBag from /opt/airflow/dags/bronze.py
[2026-02-09T17:05:51.160+0000] {processor.py:840} INFO - DAG(s) 'flights_ops_medallions_pipeline' retrieved from /opt/airflow/dags/bronze.py
[2026-02-09T17:05:51.287+0000] {logging_mixin.py:188} INFO - [2026-02-09T17:05:51.287+0000] {dag.py:3089} INFO - Sync 1 DAGs
[2026-02-09T17:05:51.437+0000] {logging_mixin.py:188} INFO - [2026-02-09T17:05:51.436+0000] {dag.py:3947} INFO - Setting next_dagrun for flights_ops_medallions_pipeline to 2026-02-09 17:05:00+00:00, run_after=2026-02-09 17:10:00+00:00
[2026-02-09T17:05:51.595+0000] {processor.py:183} INFO - Processing /opt/airflow/dags/bronze.py took 0.551 seconds
[2026-02-09T17:06:21.842+0000] {processor.py:161} INFO - Started process (PID=146) to work on /opt/airflow/dags/bronze.py
[2026-02-09T17:06:21.845+0000] {processor.py:830} INFO - Processing file /opt/airflow/dags/bronze.py for tasks to queue
[2026-02-09T17:06:21.857+0000] {logging_mixin.py:188} INFO - [2026-02-09T17:06:21.856+0000] {dagbag.py:545} INFO - Filling up the DagBag from /opt/airflow/dags/bronze.py
[2026-02-09T17:06:21.971+0000] {processor.py:840} INFO - DAG(s) 'flights_ops_medallions_pipeline' retrieved from /opt/airflow/dags/bronze.py
[2026-02-09T17:06:22.063+0000] {logging_mixin.py:188} INFO - [2026-02-09T17:06:22.062+0000] {dag.py:3089} INFO - Sync 1 DAGs
[2026-02-09T17:06:22.138+0000] {logging_mixin.py:188} INFO - [2026-02-09T17:06:22.137+0000] {dag.py:3947} INFO - Setting next_dagrun for flights_ops_medallions_pipeline to 2026-02-09 17:05:00+00:00, run_after=2026-02-09 17:10:00+00:00
[2026-02-09T17:06:22.201+0000] {processor.py:183} INFO - Processing /opt/airflow/dags/bronze.py took 0.385 seconds
[2026-02-09T17:06:52.594+0000] {processor.py:161} INFO - Started process (PID=147) to work on /opt/airflow/dags/bronze.py
[2026-02-09T17:06:52.596+0000] {processor.py:830} INFO - Processing file /opt/airflow/dags/bronze.py for tasks to queue
[2026-02-09T17:06:52.604+0000] {logging_mixin.py:188} INFO - [2026-02-09T17:06:52.603+0000] {dagbag.py:545} INFO - Filling up the DagBag from /opt/airflow/dags/bronze.py
[2026-02-09T17:06:52.699+0000] {processor.py:840} INFO - DAG(s) 'flights_ops_medallions_pipeline' retrieved from /opt/airflow/dags/bronze.py
[2026-02-09T17:06:52.824+0000] {logging_mixin.py:188} INFO - [2026-02-09T17:06:52.823+0000] {dag.py:3089} INFO - Sync 1 DAGs
[2026-02-09T17:06:52.929+0000] {logging_mixin.py:188} INFO - [2026-02-09T17:06:52.929+0000] {dag.py:3947} INFO - Setting next_dagrun for flights_ops_medallions_pipeline to 2026-02-09 17:05:00+00:00, run_after=2026-02-09 17:10:00+00:00
[2026-02-09T17:06:53.002+0000] {processor.py:183} INFO - Processing /opt/airflow/dags/bronze.py took 0.426 seconds
[2026-02-09T17:07:23.264+0000] {processor.py:161} INFO - Started process (PID=148) to work on /opt/airflow/dags/bronze.py
[2026-02-09T17:07:23.269+0000] {processor.py:830} INFO - Processing file /opt/airflow/dags/bronze.py for tasks to queue
[2026-02-09T17:07:23.276+0000] {logging_mixin.py:188} INFO - [2026-02-09T17:07:23.275+0000] {dagbag.py:545} INFO - Filling up the DagBag from /opt/airflow/dags/bronze.py
[2026-02-09T17:07:23.377+0000] {processor.py:840} INFO - DAG(s) 'flights_ops_medallions_pipeline' retrieved from /opt/airflow/dags/bronze.py
[2026-02-09T17:07:23.509+0000] {logging_mixin.py:188} INFO - [2026-02-09T17:07:23.508+0000] {dag.py:3089} INFO - Sync 1 DAGs
[2026-02-09T17:07:23.632+0000] {logging_mixin.py:188} INFO - [2026-02-09T17:07:23.631+0000] {dag.py:3947} INFO - Setting next_dagrun for flights_ops_medallions_pipeline to 2026-02-09 17:05:00+00:00, run_after=2026-02-09 17:10:00+00:00
[2026-02-09T17:07:23.687+0000] {processor.py:183} INFO - Processing /opt/airflow/dags/bronze.py took 0.445 seconds
[2026-02-09T17:07:54.074+0000] {processor.py:161} INFO - Started process (PID=149) to work on /opt/airflow/dags/bronze.py
[2026-02-09T17:07:54.078+0000] {processor.py:830} INFO - Processing file /opt/airflow/dags/bronze.py for tasks to queue
[2026-02-09T17:07:54.089+0000] {logging_mixin.py:188} INFO - [2026-02-09T17:07:54.088+0000] {dagbag.py:545} INFO - Filling up the DagBag from /opt/airflow/dags/bronze.py
[2026-02-09T17:07:54.203+0000] {processor.py:840} INFO - DAG(s) 'flights_ops_medallions_pipeline' retrieved from /opt/airflow/dags/bronze.py
[2026-02-09T17:07:54.356+0000] {logging_mixin.py:188} INFO - [2026-02-09T17:07:54.355+0000] {dag.py:3089} INFO - Sync 1 DAGs
[2026-02-09T17:07:54.516+0000] {logging_mixin.py:188} INFO - [2026-02-09T17:07:54.516+0000] {dag.py:3947} INFO - Setting next_dagrun for flights_ops_medallions_pipeline to 2026-02-09 17:05:00+00:00, run_after=2026-02-09 17:10:00+00:00
[2026-02-09T17:07:54.646+0000] {processor.py:183} INFO - Processing /opt/airflow/dags/bronze.py took 0.602 seconds
[2026-02-09T17:08:25.235+0000] {processor.py:161} INFO - Started process (PID=150) to work on /opt/airflow/dags/bronze.py
[2026-02-09T17:08:25.238+0000] {processor.py:830} INFO - Processing file /opt/airflow/dags/bronze.py for tasks to queue
[2026-02-09T17:08:25.242+0000] {logging_mixin.py:188} INFO - [2026-02-09T17:08:25.241+0000] {dagbag.py:545} INFO - Filling up the DagBag from /opt/airflow/dags/bronze.py
[2026-02-09T17:08:25.313+0000] {processor.py:840} INFO - DAG(s) 'flights_ops_medallions_pipeline' retrieved from /opt/airflow/dags/bronze.py
[2026-02-09T17:08:25.398+0000] {logging_mixin.py:188} INFO - [2026-02-09T17:08:25.396+0000] {dag.py:3089} INFO - Sync 1 DAGs
[2026-02-09T17:08:25.482+0000] {logging_mixin.py:188} INFO - [2026-02-09T17:08:25.481+0000] {dag.py:3947} INFO - Setting next_dagrun for flights_ops_medallions_pipeline to 2026-02-09 17:05:00+00:00, run_after=2026-02-09 17:10:00+00:00
[2026-02-09T17:08:25.547+0000] {processor.py:183} INFO - Processing /opt/airflow/dags/bronze.py took 0.327 seconds
[2026-02-09T17:08:55.959+0000] {processor.py:161} INFO - Started process (PID=151) to work on /opt/airflow/dags/bronze.py
[2026-02-09T17:08:55.961+0000] {processor.py:830} INFO - Processing file /opt/airflow/dags/bronze.py for tasks to queue
[2026-02-09T17:08:55.966+0000] {logging_mixin.py:188} INFO - [2026-02-09T17:08:55.966+0000] {dagbag.py:545} INFO - Filling up the DagBag from /opt/airflow/dags/bronze.py
[2026-02-09T17:08:56.051+0000] {processor.py:840} INFO - DAG(s) 'flights_ops_medallions_pipeline' retrieved from /opt/airflow/dags/bronze.py
[2026-02-09T17:08:56.160+0000] {logging_mixin.py:188} INFO - [2026-02-09T17:08:56.160+0000] {dag.py:3089} INFO - Sync 1 DAGs
[2026-02-09T17:08:56.274+0000] {logging_mixin.py:188} INFO - [2026-02-09T17:08:56.273+0000] {dag.py:3947} INFO - Setting next_dagrun for flights_ops_medallions_pipeline to 2026-02-09 17:05:00+00:00, run_after=2026-02-09 17:10:00+00:00
[2026-02-09T17:08:56.396+0000] {processor.py:183} INFO - Processing /opt/airflow/dags/bronze.py took 0.455 seconds
[2026-02-09T17:09:26.972+0000] {processor.py:161} INFO - Started process (PID=152) to work on /opt/airflow/dags/bronze.py
[2026-02-09T17:09:26.975+0000] {processor.py:830} INFO - Processing file /opt/airflow/dags/bronze.py for tasks to queue
[2026-02-09T17:09:26.983+0000] {logging_mixin.py:188} INFO - [2026-02-09T17:09:26.980+0000] {dagbag.py:545} INFO - Filling up the DagBag from /opt/airflow/dags/bronze.py
[2026-02-09T17:09:27.086+0000] {processor.py:840} INFO - DAG(s) 'flights_ops_medallions_pipeline' retrieved from /opt/airflow/dags/bronze.py
[2026-02-09T17:09:27.264+0000] {logging_mixin.py:188} INFO - [2026-02-09T17:09:27.263+0000] {dag.py:3089} INFO - Sync 1 DAGs
[2026-02-09T17:09:27.373+0000] {logging_mixin.py:188} INFO - [2026-02-09T17:09:27.373+0000] {dag.py:3947} INFO - Setting next_dagrun for flights_ops_medallions_pipeline to 2026-02-09 17:05:00+00:00, run_after=2026-02-09 17:10:00+00:00
[2026-02-09T17:09:27.454+0000] {processor.py:183} INFO - Processing /opt/airflow/dags/bronze.py took 0.505 seconds
[2026-02-09T17:09:57.899+0000] {processor.py:161} INFO - Started process (PID=153) to work on /opt/airflow/dags/bronze.py
[2026-02-09T17:09:57.900+0000] {processor.py:830} INFO - Processing file /opt/airflow/dags/bronze.py for tasks to queue
[2026-02-09T17:09:57.905+0000] {logging_mixin.py:188} INFO - [2026-02-09T17:09:57.904+0000] {dagbag.py:545} INFO - Filling up the DagBag from /opt/airflow/dags/bronze.py
[2026-02-09T17:09:57.994+0000] {processor.py:840} INFO - DAG(s) 'flights_ops_medallions_pipeline' retrieved from /opt/airflow/dags/bronze.py
[2026-02-09T17:09:58.097+0000] {logging_mixin.py:188} INFO - [2026-02-09T17:09:58.095+0000] {dag.py:3089} INFO - Sync 1 DAGs
[2026-02-09T17:09:58.203+0000] {logging_mixin.py:188} INFO - [2026-02-09T17:09:58.202+0000] {dag.py:3947} INFO - Setting next_dagrun for flights_ops_medallions_pipeline to 2026-02-09 17:05:00+00:00, run_after=2026-02-09 17:10:00+00:00
[2026-02-09T17:09:58.287+0000] {processor.py:183} INFO - Processing /opt/airflow/dags/bronze.py took 0.402 seconds
[2026-02-09T17:10:28.440+0000] {processor.py:161} INFO - Started process (PID=163) to work on /opt/airflow/dags/bronze.py
[2026-02-09T17:10:28.443+0000] {processor.py:830} INFO - Processing file /opt/airflow/dags/bronze.py for tasks to queue
[2026-02-09T17:10:28.449+0000] {logging_mixin.py:188} INFO - [2026-02-09T17:10:28.447+0000] {dagbag.py:545} INFO - Filling up the DagBag from /opt/airflow/dags/bronze.py
[2026-02-09T17:10:28.579+0000] {processor.py:840} INFO - DAG(s) 'flights_ops_medallions_pipeline' retrieved from /opt/airflow/dags/bronze.py
[2026-02-09T17:10:28.783+0000] {logging_mixin.py:188} INFO - [2026-02-09T17:10:28.783+0000] {dag.py:3089} INFO - Sync 1 DAGs
[2026-02-09T17:10:28.846+0000] {logging_mixin.py:188} INFO - [2026-02-09T17:10:28.845+0000] {dag.py:3947} INFO - Setting next_dagrun for flights_ops_medallions_pipeline to 2026-02-09 17:10:00+00:00, run_after=2026-02-09 17:15:00+00:00
[2026-02-09T17:10:28.901+0000] {processor.py:183} INFO - Processing /opt/airflow/dags/bronze.py took 0.487 seconds
[2026-02-09T17:10:59.178+0000] {processor.py:161} INFO - Started process (PID=164) to work on /opt/airflow/dags/bronze.py
[2026-02-09T17:10:59.181+0000] {processor.py:830} INFO - Processing file /opt/airflow/dags/bronze.py for tasks to queue
[2026-02-09T17:10:59.191+0000] {logging_mixin.py:188} INFO - [2026-02-09T17:10:59.190+0000] {dagbag.py:545} INFO - Filling up the DagBag from /opt/airflow/dags/bronze.py
[2026-02-09T17:10:59.372+0000] {processor.py:840} INFO - DAG(s) 'flights_ops_medallions_pipeline' retrieved from /opt/airflow/dags/bronze.py
[2026-02-09T17:10:59.440+0000] {logging_mixin.py:188} INFO - [2026-02-09T17:10:59.440+0000] {dag.py:3089} INFO - Sync 1 DAGs
[2026-02-09T17:10:59.519+0000] {logging_mixin.py:188} INFO - [2026-02-09T17:10:59.518+0000] {dag.py:3947} INFO - Setting next_dagrun for flights_ops_medallions_pipeline to 2026-02-09 17:10:00+00:00, run_after=2026-02-09 17:15:00+00:00
[2026-02-09T17:10:59.580+0000] {processor.py:183} INFO - Processing /opt/airflow/dags/bronze.py took 0.443 seconds
[2026-02-09T17:11:29.786+0000] {processor.py:161} INFO - Started process (PID=165) to work on /opt/airflow/dags/bronze.py
[2026-02-09T17:11:29.789+0000] {processor.py:830} INFO - Processing file /opt/airflow/dags/bronze.py for tasks to queue
[2026-02-09T17:11:29.832+0000] {logging_mixin.py:188} INFO - [2026-02-09T17:11:29.831+0000] {dagbag.py:545} INFO - Filling up the DagBag from /opt/airflow/dags/bronze.py
[2026-02-09T17:11:29.918+0000] {processor.py:840} INFO - DAG(s) 'flights_ops_medallions_pipeline' retrieved from /opt/airflow/dags/bronze.py
[2026-02-09T17:11:30.009+0000] {logging_mixin.py:188} INFO - [2026-02-09T17:11:30.009+0000] {dag.py:3089} INFO - Sync 1 DAGs
[2026-02-09T17:11:30.085+0000] {logging_mixin.py:188} INFO - [2026-02-09T17:11:30.085+0000] {dag.py:3947} INFO - Setting next_dagrun for flights_ops_medallions_pipeline to 2026-02-09 17:10:00+00:00, run_after=2026-02-09 17:15:00+00:00
[2026-02-09T17:11:30.135+0000] {processor.py:183} INFO - Processing /opt/airflow/dags/bronze.py took 0.369 seconds
[2026-02-09T17:12:00.925+0000] {processor.py:161} INFO - Started process (PID=166) to work on /opt/airflow/dags/bronze.py
[2026-02-09T17:12:00.928+0000] {processor.py:830} INFO - Processing file /opt/airflow/dags/bronze.py for tasks to queue
[2026-02-09T17:12:00.936+0000] {logging_mixin.py:188} INFO - [2026-02-09T17:12:00.935+0000] {dagbag.py:545} INFO - Filling up the DagBag from /opt/airflow/dags/bronze.py
[2026-02-09T17:12:01.048+0000] {processor.py:840} INFO - DAG(s) 'flights_ops_medallions_pipeline' retrieved from /opt/airflow/dags/bronze.py
[2026-02-09T17:12:01.163+0000] {logging_mixin.py:188} INFO - [2026-02-09T17:12:01.162+0000] {dag.py:3089} INFO - Sync 1 DAGs
[2026-02-09T17:12:01.247+0000] {logging_mixin.py:188} INFO - [2026-02-09T17:12:01.246+0000] {dag.py:3947} INFO - Setting next_dagrun for flights_ops_medallions_pipeline to 2026-02-09 17:10:00+00:00, run_after=2026-02-09 17:15:00+00:00
[2026-02-09T17:12:01.319+0000] {processor.py:183} INFO - Processing /opt/airflow/dags/bronze.py took 0.415 seconds
[2026-02-09T17:12:31.845+0000] {processor.py:161} INFO - Started process (PID=167) to work on /opt/airflow/dags/bronze.py
[2026-02-09T17:12:31.854+0000] {processor.py:830} INFO - Processing file /opt/airflow/dags/bronze.py for tasks to queue
[2026-02-09T17:12:31.862+0000] {logging_mixin.py:188} INFO - [2026-02-09T17:12:31.860+0000] {dagbag.py:545} INFO - Filling up the DagBag from /opt/airflow/dags/bronze.py
[2026-02-09T17:12:32.022+0000] {processor.py:840} INFO - DAG(s) 'flights_ops_medallions_pipeline' retrieved from /opt/airflow/dags/bronze.py
[2026-02-09T17:12:32.191+0000] {logging_mixin.py:188} INFO - [2026-02-09T17:12:32.189+0000] {dag.py:3089} INFO - Sync 1 DAGs
[2026-02-09T17:12:32.378+0000] {logging_mixin.py:188} INFO - [2026-02-09T17:12:32.376+0000] {dag.py:3947} INFO - Setting next_dagrun for flights_ops_medallions_pipeline to 2026-02-09 17:10:00+00:00, run_after=2026-02-09 17:15:00+00:00
[2026-02-09T17:12:32.500+0000] {processor.py:183} INFO - Processing /opt/airflow/dags/bronze.py took 0.707 seconds
[2026-02-09T17:13:03.122+0000] {processor.py:161} INFO - Started process (PID=168) to work on /opt/airflow/dags/bronze.py
[2026-02-09T17:13:03.128+0000] {processor.py:830} INFO - Processing file /opt/airflow/dags/bronze.py for tasks to queue
[2026-02-09T17:13:03.136+0000] {logging_mixin.py:188} INFO - [2026-02-09T17:13:03.134+0000] {dagbag.py:545} INFO - Filling up the DagBag from /opt/airflow/dags/bronze.py
[2026-02-09T17:13:03.307+0000] {processor.py:840} INFO - DAG(s) 'flights_ops_medallions_pipeline' retrieved from /opt/airflow/dags/bronze.py
[2026-02-09T17:13:03.423+0000] {logging_mixin.py:188} INFO - [2026-02-09T17:13:03.422+0000] {dag.py:3089} INFO - Sync 1 DAGs
[2026-02-09T17:13:03.564+0000] {logging_mixin.py:188} INFO - [2026-02-09T17:13:03.563+0000] {dag.py:3947} INFO - Setting next_dagrun for flights_ops_medallions_pipeline to 2026-02-09 17:10:00+00:00, run_after=2026-02-09 17:15:00+00:00
[2026-02-09T17:13:03.695+0000] {processor.py:183} INFO - Processing /opt/airflow/dags/bronze.py took 0.617 seconds
[2026-02-09T17:13:34.389+0000] {processor.py:161} INFO - Started process (PID=169) to work on /opt/airflow/dags/bronze.py
[2026-02-09T17:13:34.392+0000] {processor.py:830} INFO - Processing file /opt/airflow/dags/bronze.py for tasks to queue
[2026-02-09T17:13:34.396+0000] {logging_mixin.py:188} INFO - [2026-02-09T17:13:34.395+0000] {dagbag.py:545} INFO - Filling up the DagBag from /opt/airflow/dags/bronze.py
[2026-02-09T17:13:34.480+0000] {processor.py:840} INFO - DAG(s) 'flights_ops_medallions_pipeline' retrieved from /opt/airflow/dags/bronze.py
[2026-02-09T17:13:34.586+0000] {logging_mixin.py:188} INFO - [2026-02-09T17:13:34.585+0000] {dag.py:3089} INFO - Sync 1 DAGs
[2026-02-09T17:13:34.655+0000] {logging_mixin.py:188} INFO - [2026-02-09T17:13:34.655+0000] {dag.py:3947} INFO - Setting next_dagrun for flights_ops_medallions_pipeline to 2026-02-09 17:10:00+00:00, run_after=2026-02-09 17:15:00+00:00
[2026-02-09T17:13:34.715+0000] {processor.py:183} INFO - Processing /opt/airflow/dags/bronze.py took 0.341 seconds
[2026-02-09T17:14:05.223+0000] {processor.py:161} INFO - Started process (PID=170) to work on /opt/airflow/dags/bronze.py
[2026-02-09T17:14:05.225+0000] {processor.py:830} INFO - Processing file /opt/airflow/dags/bronze.py for tasks to queue
[2026-02-09T17:14:05.231+0000] {logging_mixin.py:188} INFO - [2026-02-09T17:14:05.230+0000] {dagbag.py:545} INFO - Filling up the DagBag from /opt/airflow/dags/bronze.py
[2026-02-09T17:14:05.333+0000] {processor.py:840} INFO - DAG(s) 'flights_ops_medallions_pipeline' retrieved from /opt/airflow/dags/bronze.py
[2026-02-09T17:14:05.427+0000] {logging_mixin.py:188} INFO - [2026-02-09T17:14:05.426+0000] {dag.py:3089} INFO - Sync 1 DAGs
[2026-02-09T17:14:05.510+0000] {logging_mixin.py:188} INFO - [2026-02-09T17:14:05.509+0000] {dag.py:3947} INFO - Setting next_dagrun for flights_ops_medallions_pipeline to 2026-02-09 17:10:00+00:00, run_after=2026-02-09 17:15:00+00:00
[2026-02-09T17:14:05.560+0000] {processor.py:183} INFO - Processing /opt/airflow/dags/bronze.py took 0.356 seconds
[2026-02-09T17:14:35.964+0000] {processor.py:161} INFO - Started process (PID=171) to work on /opt/airflow/dags/bronze.py
[2026-02-09T17:14:35.967+0000] {processor.py:830} INFO - Processing file /opt/airflow/dags/bronze.py for tasks to queue
[2026-02-09T17:14:35.972+0000] {logging_mixin.py:188} INFO - [2026-02-09T17:14:35.972+0000] {dagbag.py:545} INFO - Filling up the DagBag from /opt/airflow/dags/bronze.py
[2026-02-09T17:14:36.065+0000] {processor.py:840} INFO - DAG(s) 'flights_ops_medallions_pipeline' retrieved from /opt/airflow/dags/bronze.py
[2026-02-09T17:14:36.171+0000] {logging_mixin.py:188} INFO - [2026-02-09T17:14:36.170+0000] {dag.py:3089} INFO - Sync 1 DAGs
[2026-02-09T17:14:36.250+0000] {logging_mixin.py:188} INFO - [2026-02-09T17:14:36.250+0000] {dag.py:3947} INFO - Setting next_dagrun for flights_ops_medallions_pipeline to 2026-02-09 17:10:00+00:00, run_after=2026-02-09 17:15:00+00:00
[2026-02-09T17:14:36.316+0000] {processor.py:183} INFO - Processing /opt/airflow/dags/bronze.py took 0.371 seconds
[2026-02-09T17:15:06.556+0000] {processor.py:161} INFO - Started process (PID=173) to work on /opt/airflow/dags/bronze.py
[2026-02-09T17:15:06.560+0000] {processor.py:830} INFO - Processing file /opt/airflow/dags/bronze.py for tasks to queue
[2026-02-09T17:15:06.574+0000] {logging_mixin.py:188} INFO - [2026-02-09T17:15:06.572+0000] {dagbag.py:545} INFO - Filling up the DagBag from /opt/airflow/dags/bronze.py
[2026-02-09T17:15:06.811+0000] {processor.py:840} INFO - DAG(s) 'flights_ops_medallions_pipeline' retrieved from /opt/airflow/dags/bronze.py
[2026-02-09T17:15:07.119+0000] {logging_mixin.py:188} INFO - [2026-02-09T17:15:07.118+0000] {dag.py:3089} INFO - Sync 1 DAGs
[2026-02-09T17:15:07.428+0000] {logging_mixin.py:188} INFO - [2026-02-09T17:15:07.428+0000] {dag.py:3947} INFO - Setting next_dagrun for flights_ops_medallions_pipeline to 2026-02-09 17:15:00+00:00, run_after=2026-02-09 17:20:00+00:00
[2026-02-09T17:15:07.665+0000] {processor.py:183} INFO - Processing /opt/airflow/dags/bronze.py took 1.172 seconds
[2026-02-09T17:15:38.662+0000] {processor.py:161} INFO - Started process (PID=182) to work on /opt/airflow/dags/bronze.py
[2026-02-09T17:15:38.672+0000] {processor.py:830} INFO - Processing file /opt/airflow/dags/bronze.py for tasks to queue
[2026-02-09T17:15:38.679+0000] {logging_mixin.py:188} INFO - [2026-02-09T17:15:38.678+0000] {dagbag.py:545} INFO - Filling up the DagBag from /opt/airflow/dags/bronze.py
[2026-02-09T17:15:39.087+0000] {processor.py:840} INFO - DAG(s) 'flights_ops_medallions_pipeline' retrieved from /opt/airflow/dags/bronze.py
[2026-02-09T17:15:39.873+0000] {logging_mixin.py:188} INFO - [2026-02-09T17:15:39.872+0000] {dag.py:3089} INFO - Sync 1 DAGs
[2026-02-09T17:15:40.209+0000] {logging_mixin.py:188} INFO - [2026-02-09T17:15:40.208+0000] {dag.py:3947} INFO - Setting next_dagrun for flights_ops_medallions_pipeline to 2026-02-09 17:15:00+00:00, run_after=2026-02-09 17:20:00+00:00
[2026-02-09T17:15:40.658+0000] {processor.py:183} INFO - Processing /opt/airflow/dags/bronze.py took 2.157 seconds
[2026-02-09T17:16:11.029+0000] {processor.py:161} INFO - Started process (PID=183) to work on /opt/airflow/dags/bronze.py
[2026-02-09T17:16:11.034+0000] {processor.py:830} INFO - Processing file /opt/airflow/dags/bronze.py for tasks to queue
[2026-02-09T17:16:11.061+0000] {logging_mixin.py:188} INFO - [2026-02-09T17:16:11.055+0000] {dagbag.py:545} INFO - Filling up the DagBag from /opt/airflow/dags/bronze.py
[2026-02-09T17:16:11.279+0000] {processor.py:840} INFO - DAG(s) 'flights_ops_medallions_pipeline' retrieved from /opt/airflow/dags/bronze.py
[2026-02-09T17:16:11.471+0000] {logging_mixin.py:188} INFO - [2026-02-09T17:16:11.468+0000] {dag.py:3089} INFO - Sync 1 DAGs
[2026-02-09T17:16:11.667+0000] {logging_mixin.py:188} INFO - [2026-02-09T17:16:11.667+0000] {dag.py:3947} INFO - Setting next_dagrun for flights_ops_medallions_pipeline to 2026-02-09 17:15:00+00:00, run_after=2026-02-09 17:20:00+00:00
[2026-02-09T17:16:11.801+0000] {processor.py:183} INFO - Processing /opt/airflow/dags/bronze.py took 0.825 seconds
[2026-02-09T17:16:42.454+0000] {processor.py:161} INFO - Started process (PID=184) to work on /opt/airflow/dags/bronze.py
[2026-02-09T17:16:42.456+0000] {processor.py:830} INFO - Processing file /opt/airflow/dags/bronze.py for tasks to queue
[2026-02-09T17:16:42.462+0000] {logging_mixin.py:188} INFO - [2026-02-09T17:16:42.461+0000] {dagbag.py:545} INFO - Filling up the DagBag from /opt/airflow/dags/bronze.py
[2026-02-09T17:16:42.584+0000] {processor.py:840} INFO - DAG(s) 'flights_ops_medallions_pipeline' retrieved from /opt/airflow/dags/bronze.py
[2026-02-09T17:16:42.697+0000] {logging_mixin.py:188} INFO - [2026-02-09T17:16:42.696+0000] {dag.py:3089} INFO - Sync 1 DAGs
[2026-02-09T17:16:42.832+0000] {logging_mixin.py:188} INFO - [2026-02-09T17:16:42.828+0000] {dag.py:3947} INFO - Setting next_dagrun for flights_ops_medallions_pipeline to 2026-02-09 17:15:00+00:00, run_after=2026-02-09 17:20:00+00:00
[2026-02-09T17:16:42.969+0000] {processor.py:183} INFO - Processing /opt/airflow/dags/bronze.py took 0.536 seconds
[2026-02-09T17:17:13.660+0000] {processor.py:161} INFO - Started process (PID=185) to work on /opt/airflow/dags/bronze.py
[2026-02-09T17:17:13.664+0000] {processor.py:830} INFO - Processing file /opt/airflow/dags/bronze.py for tasks to queue
[2026-02-09T17:17:13.673+0000] {logging_mixin.py:188} INFO - [2026-02-09T17:17:13.672+0000] {dagbag.py:545} INFO - Filling up the DagBag from /opt/airflow/dags/bronze.py
[2026-02-09T17:17:13.805+0000] {processor.py:840} INFO - DAG(s) 'flights_ops_medallions_pipeline' retrieved from /opt/airflow/dags/bronze.py
[2026-02-09T17:17:14.054+0000] {logging_mixin.py:188} INFO - [2026-02-09T17:17:14.053+0000] {dag.py:3089} INFO - Sync 1 DAGs
[2026-02-09T17:17:14.316+0000] {logging_mixin.py:188} INFO - [2026-02-09T17:17:14.315+0000] {dag.py:3947} INFO - Setting next_dagrun for flights_ops_medallions_pipeline to 2026-02-09 17:15:00+00:00, run_after=2026-02-09 17:20:00+00:00
[2026-02-09T17:17:14.450+0000] {processor.py:183} INFO - Processing /opt/airflow/dags/bronze.py took 0.812 seconds
[2026-02-09T17:17:45.016+0000] {processor.py:161} INFO - Started process (PID=186) to work on /opt/airflow/dags/bronze.py
[2026-02-09T17:17:45.021+0000] {processor.py:830} INFO - Processing file /opt/airflow/dags/bronze.py for tasks to queue
[2026-02-09T17:17:45.027+0000] {logging_mixin.py:188} INFO - [2026-02-09T17:17:45.026+0000] {dagbag.py:545} INFO - Filling up the DagBag from /opt/airflow/dags/bronze.py
[2026-02-09T17:17:45.125+0000] {processor.py:840} INFO - DAG(s) 'flights_ops_medallions_pipeline' retrieved from /opt/airflow/dags/bronze.py
[2026-02-09T17:17:45.271+0000] {logging_mixin.py:188} INFO - [2026-02-09T17:17:45.270+0000] {dag.py:3089} INFO - Sync 1 DAGs
[2026-02-09T17:17:45.360+0000] {logging_mixin.py:188} INFO - [2026-02-09T17:17:45.359+0000] {dag.py:3947} INFO - Setting next_dagrun for flights_ops_medallions_pipeline to 2026-02-09 17:15:00+00:00, run_after=2026-02-09 17:20:00+00:00
[2026-02-09T17:17:45.457+0000] {processor.py:183} INFO - Processing /opt/airflow/dags/bronze.py took 0.473 seconds
[2026-02-09T17:18:15.901+0000] {processor.py:161} INFO - Started process (PID=187) to work on /opt/airflow/dags/bronze.py
[2026-02-09T17:18:15.909+0000] {processor.py:830} INFO - Processing file /opt/airflow/dags/bronze.py for tasks to queue
[2026-02-09T17:18:15.916+0000] {logging_mixin.py:188} INFO - [2026-02-09T17:18:15.915+0000] {dagbag.py:545} INFO - Filling up the DagBag from /opt/airflow/dags/bronze.py
[2026-02-09T17:18:16.041+0000] {processor.py:840} INFO - DAG(s) 'flights_ops_medallions_pipeline' retrieved from /opt/airflow/dags/bronze.py
[2026-02-09T17:18:16.196+0000] {logging_mixin.py:188} INFO - [2026-02-09T17:18:16.195+0000] {dag.py:3089} INFO - Sync 1 DAGs
[2026-02-09T17:18:16.361+0000] {logging_mixin.py:188} INFO - [2026-02-09T17:18:16.360+0000] {dag.py:3947} INFO - Setting next_dagrun for flights_ops_medallions_pipeline to 2026-02-09 17:15:00+00:00, run_after=2026-02-09 17:20:00+00:00
[2026-02-09T17:18:16.462+0000] {processor.py:183} INFO - Processing /opt/airflow/dags/bronze.py took 0.591 seconds
[2026-02-09T17:18:46.998+0000] {processor.py:161} INFO - Started process (PID=188) to work on /opt/airflow/dags/bronze.py
[2026-02-09T17:18:47.006+0000] {processor.py:830} INFO - Processing file /opt/airflow/dags/bronze.py for tasks to queue
[2026-02-09T17:18:47.023+0000] {logging_mixin.py:188} INFO - [2026-02-09T17:18:47.021+0000] {dagbag.py:545} INFO - Filling up the DagBag from /opt/airflow/dags/bronze.py
[2026-02-09T17:18:47.199+0000] {processor.py:840} INFO - DAG(s) 'flights_ops_medallions_pipeline' retrieved from /opt/airflow/dags/bronze.py
[2026-02-09T17:18:47.540+0000] {logging_mixin.py:188} INFO - [2026-02-09T17:18:47.540+0000] {dag.py:3089} INFO - Sync 1 DAGs
[2026-02-09T17:18:47.825+0000] {logging_mixin.py:188} INFO - [2026-02-09T17:18:47.824+0000] {dag.py:3947} INFO - Setting next_dagrun for flights_ops_medallions_pipeline to 2026-02-09 17:15:00+00:00, run_after=2026-02-09 17:20:00+00:00
[2026-02-09T17:18:47.958+0000] {processor.py:183} INFO - Processing /opt/airflow/dags/bronze.py took 1.016 seconds
[2026-02-09T17:19:18.441+0000] {processor.py:161} INFO - Started process (PID=189) to work on /opt/airflow/dags/bronze.py
[2026-02-09T17:19:18.447+0000] {processor.py:830} INFO - Processing file /opt/airflow/dags/bronze.py for tasks to queue
[2026-02-09T17:19:18.460+0000] {logging_mixin.py:188} INFO - [2026-02-09T17:19:18.457+0000] {dagbag.py:545} INFO - Filling up the DagBag from /opt/airflow/dags/bronze.py
[2026-02-09T17:19:18.754+0000] {processor.py:840} INFO - DAG(s) 'flights_ops_medallions_pipeline' retrieved from /opt/airflow/dags/bronze.py
[2026-02-09T17:19:19.085+0000] {logging_mixin.py:188} INFO - [2026-02-09T17:19:19.084+0000] {dag.py:3089} INFO - Sync 1 DAGs
[2026-02-09T17:19:19.298+0000] {logging_mixin.py:188} INFO - [2026-02-09T17:19:19.298+0000] {dag.py:3947} INFO - Setting next_dagrun for flights_ops_medallions_pipeline to 2026-02-09 17:15:00+00:00, run_after=2026-02-09 17:20:00+00:00
[2026-02-09T17:19:19.433+0000] {processor.py:183} INFO - Processing /opt/airflow/dags/bronze.py took 1.031 seconds
