[2026-02-10T10:46:09.217+0000] {local_task_job_runner.py:120} INFO - ::group::Pre task execution logs
[2026-02-10T10:46:09.395+0000] {taskinstance.py:2076} INFO - Dependencies all met for dep_context=non-requeueable deps ti=<TaskInstance: flights_ops_medallions_pipeline.gold_agg scheduled__2026-02-10T10:40:00+00:00 [queued]>
[2026-02-10T10:46:09.436+0000] {taskinstance.py:2076} INFO - Dependencies all met for dep_context=requeueable deps ti=<TaskInstance: flights_ops_medallions_pipeline.gold_agg scheduled__2026-02-10T10:40:00+00:00 [queued]>
[2026-02-10T10:46:09.438+0000] {taskinstance.py:2306} INFO - Starting attempt 1 of 1
[2026-02-10T10:46:09.514+0000] {taskinstance.py:2330} INFO - Executing <Task(PythonOperator): gold_agg> on 2026-02-10 10:40:00+00:00
[2026-02-10T10:46:09.535+0000] {standard_task_runner.py:64} INFO - Started process 3893 to run task
[2026-02-10T10:46:09.543+0000] {standard_task_runner.py:90} INFO - Running: ['airflow', 'tasks', 'run', '***_ops_medallions_pipeline', 'gold_agg', 'scheduled__2026-02-10T10:40:00+00:00', '--job-id', '261', '--raw', '--subdir', 'DAGS_FOLDER/flight_pipeline.py', '--cfg-path', '/tmp/tmpkfhgzmba']
[2026-02-10T10:46:09.558+0000] {standard_task_runner.py:91} INFO - Job 261: Subtask gold_agg
[2026-02-10T10:46:09.825+0000] {task_command.py:426} INFO - Running <TaskInstance: flights_ops_medallions_pipeline.gold_agg scheduled__2026-02-10T10:40:00+00:00 [running]> on host 7d9a94309692
[2026-02-10T10:46:10.103+0000] {taskinstance.py:2648} INFO - Exporting env vars: AIRFLOW_CTX_DAG_OWNER='airflow' AIRFLOW_CTX_DAG_ID='***_ops_medallions_pipeline' AIRFLOW_CTX_TASK_ID='gold_agg' AIRFLOW_CTX_EXECUTION_DATE='2026-02-10T10:40:00+00:00' AIRFLOW_CTX_TRY_NUMBER='1' AIRFLOW_CTX_DAG_RUN_ID='scheduled__2026-02-10T10:40:00+00:00'
[2026-02-10T10:46:10.106+0000] {taskinstance.py:430} INFO - ::endgroup::
[2026-02-10T10:46:10.178+0000] {logging_mixin.py:188} INFO - [gold] Lecture du fichier : /opt/airflow/data/silver/***_silver_20260210.csv
[2026-02-10T10:46:10.296+0000] {logging_mixin.py:188} INFO - [gold] Sauvegarde vers : /opt/airflow/data/gold/***_gold_20260210.csv
[2026-02-10T10:46:10.356+0000] {logging_mixin.py:188} INFO - [gold] Succès – fichier créé et poussé : /opt/airflow/data/gold/***_gold_20260210.csv
[2026-02-10T10:46:10.357+0000] {python.py:237} INFO - Done. Returned value was: None
[2026-02-10T10:46:10.358+0000] {taskinstance.py:441} INFO - ::group::Post task execution logs
[2026-02-10T10:46:10.394+0000] {taskinstance.py:1206} INFO - Marking task as SUCCESS. dag_id=***_ops_medallions_pipeline, task_id=gold_agg, run_id=scheduled__2026-02-10T10:40:00+00:00, execution_date=20260210T104000, start_date=20260210T104609, end_date=20260210T104610
[2026-02-10T10:46:10.453+0000] {local_task_job_runner.py:243} INFO - Task exited with return code 0
[2026-02-10T10:46:10.501+0000] {taskinstance.py:3503} INFO - 0 downstream tasks scheduled from follow-on schedule check
[2026-02-10T10:46:10.505+0000] {local_task_job_runner.py:222} INFO - ::endgroup::
