[2026-02-09T18:31:08.956+0000] {local_task_job_runner.py:120} INFO - ::group::Pre task execution logs
[2026-02-09T18:31:09.044+0000] {taskinstance.py:2076} INFO - Dependencies all met for dep_context=non-requeueable deps ti=<TaskInstance: flights_ops_medallions_pipeline.gold_agg scheduled__2026-02-09T18:25:00+00:00 [queued]>
[2026-02-09T18:31:09.063+0000] {taskinstance.py:2076} INFO - Dependencies all met for dep_context=requeueable deps ti=<TaskInstance: flights_ops_medallions_pipeline.gold_agg scheduled__2026-02-09T18:25:00+00:00 [queued]>
[2026-02-09T18:31:09.064+0000] {taskinstance.py:2306} INFO - Starting attempt 1 of 1
[2026-02-09T18:31:09.094+0000] {taskinstance.py:2330} INFO - Executing <Task(PythonOperator): gold_agg> on 2026-02-09 18:25:00+00:00
[2026-02-09T18:31:09.104+0000] {standard_task_runner.py:64} INFO - Started process 538 to run task
[2026-02-09T18:31:09.112+0000] {standard_task_runner.py:90} INFO - Running: ['airflow', 'tasks', 'run', '***_ops_medallions_pipeline', 'gold_agg', 'scheduled__2026-02-09T18:25:00+00:00', '--job-id', '39', '--raw', '--subdir', 'DAGS_FOLDER/flight_pipeline.py', '--cfg-path', '/tmp/tmp1gktotey']
[2026-02-09T18:31:09.117+0000] {standard_task_runner.py:91} INFO - Job 39: Subtask gold_agg
[2026-02-09T18:31:09.257+0000] {task_command.py:426} INFO - Running <TaskInstance: flights_ops_medallions_pipeline.gold_agg scheduled__2026-02-09T18:25:00+00:00 [running]> on host 7d9a94309692
[2026-02-09T18:31:09.498+0000] {taskinstance.py:2648} INFO - Exporting env vars: AIRFLOW_CTX_DAG_OWNER='airflow' AIRFLOW_CTX_DAG_ID='***_ops_medallions_pipeline' AIRFLOW_CTX_TASK_ID='gold_agg' AIRFLOW_CTX_EXECUTION_DATE='2026-02-09T18:25:00+00:00' AIRFLOW_CTX_TRY_NUMBER='1' AIRFLOW_CTX_DAG_RUN_ID='scheduled__2026-02-09T18:25:00+00:00'
[2026-02-09T18:31:09.501+0000] {taskinstance.py:430} INFO - ::endgroup::
[2026-02-09T18:31:09.576+0000] {taskinstance.py:441} INFO - ::group::Post task execution logs
[2026-02-09T18:31:09.578+0000] {taskinstance.py:2905} ERROR - Task failed with exception
Traceback (most recent call last):
  File "/home/airflow/.local/lib/python3.12/site-packages/airflow/models/taskinstance.py", line 465, in _execute_task
    result = _execute_callable(context=context, **execute_callable_kwargs)
             ^^^^^^^^^^^^^^^^^^^^^^^^^^^^^^^^^^^^^^^^^^^^^^^^^^^^^^^^^^^^^
  File "/home/airflow/.local/lib/python3.12/site-packages/airflow/models/taskinstance.py", line 432, in _execute_callable
    return execute_callable(context=context, **execute_callable_kwargs)
           ^^^^^^^^^^^^^^^^^^^^^^^^^^^^^^^^^^^^^^^^^^^^^^^^^^^^^^^^^^^^
  File "/home/airflow/.local/lib/python3.12/site-packages/airflow/models/baseoperator.py", line 401, in wrapper
    return func(self, *args, **kwargs)
           ^^^^^^^^^^^^^^^^^^^^^^^^^^^
  File "/home/airflow/.local/lib/python3.12/site-packages/airflow/operators/python.py", line 235, in execute
    return_value = self.execute_callable()
                   ^^^^^^^^^^^^^^^^^^^^^^^
  File "/home/airflow/.local/lib/python3.12/site-packages/airflow/operators/python.py", line 252, in execute_callable
    return self.python_callable(*self.op_args, **self.op_kwargs)
           ^^^^^^^^^^^^^^^^^^^^^^^^^^^^^^^^^^^^^^^^^^^^^^^^^^^^^
  File "/opt/airflow/scripts/gold_aggregation.py", line 14, in run_gold_aggregate
    .agg(
     ^^^^
  File "/home/airflow/.local/lib/python3.12/site-packages/pandas/core/groupby/generic.py", line 1445, in aggregate
    result = op.agg()
             ^^^^^^^^
  File "/home/airflow/.local/lib/python3.12/site-packages/pandas/core/apply.py", line 175, in agg
    return self.agg_dict_like()
           ^^^^^^^^^^^^^^^^^^^^
  File "/home/airflow/.local/lib/python3.12/site-packages/pandas/core/apply.py", line 406, in agg_dict_like
    return self.agg_or_apply_dict_like(op_name="agg")
           ^^^^^^^^^^^^^^^^^^^^^^^^^^^^^^^^^^^^^^^^^^
  File "/home/airflow/.local/lib/python3.12/site-packages/pandas/core/apply.py", line 1390, in agg_or_apply_dict_like
    result_index, result_data = self.compute_dict_like(
                                ^^^^^^^^^^^^^^^^^^^^^^^
  File "/home/airflow/.local/lib/python3.12/site-packages/pandas/core/apply.py", line 445, in compute_dict_like
    func = self.normalize_dictlike_arg(op_name, selected_obj, func)
           ^^^^^^^^^^^^^^^^^^^^^^^^^^^^^^^^^^^^^^^^^^^^^^^^^^^^^^^^
  File "/home/airflow/.local/lib/python3.12/site-packages/pandas/core/apply.py", line 639, in normalize_dictlike_arg
    raise KeyError(f"Column(s) {list(cols)} do not exist")
KeyError: "Column(s) ['icao24', 'velocity'] do not exist"
[2026-02-09T18:31:09.629+0000] {taskinstance.py:1206} INFO - Marking task as FAILED. dag_id=***_ops_medallions_pipeline, task_id=gold_agg, run_id=scheduled__2026-02-09T18:25:00+00:00, execution_date=20260209T182500, start_date=20260209T183109, end_date=20260209T183109
[2026-02-09T18:31:09.649+0000] {standard_task_runner.py:110} ERROR - Failed to execute job 39 for task gold_agg ("Column(s) ['icao24', 'velocity'] do not exist"; 538)
[2026-02-09T18:31:09.689+0000] {local_task_job_runner.py:243} INFO - Task exited with return code 1
[2026-02-09T18:31:09.727+0000] {taskinstance.py:3503} INFO - 0 downstream tasks scheduled from follow-on schedule check
[2026-02-09T18:31:09.730+0000] {local_task_job_runner.py:222} INFO - ::endgroup::
