[2026-02-10T12:45:30.178+0000] {local_task_job_runner.py:120} INFO - ::group::Pre task execution logs
[2026-02-10T12:45:30.252+0000] {taskinstance.py:2076} INFO - Dependencies all met for dep_context=non-requeueable deps ti=<TaskInstance: flights_ops_medallions_pipeline.gold_agg scheduled__2026-02-10T12:40:00+00:00 [queued]>
[2026-02-10T12:45:30.275+0000] {taskinstance.py:2076} INFO - Dependencies all met for dep_context=requeueable deps ti=<TaskInstance: flights_ops_medallions_pipeline.gold_agg scheduled__2026-02-10T12:40:00+00:00 [queued]>
[2026-02-10T12:45:30.278+0000] {taskinstance.py:2306} INFO - Starting attempt 1 of 1
[2026-02-10T12:45:30.326+0000] {taskinstance.py:2330} INFO - Executing <Task(PythonOperator): gold_agg> on 2026-02-10 12:40:00+00:00
[2026-02-10T12:45:30.342+0000] {standard_task_runner.py:64} INFO - Started process 5492 to run task
[2026-02-10T12:45:30.350+0000] {standard_task_runner.py:90} INFO - Running: ['airflow', 'tasks', 'run', '***_ops_medallions_pipeline', 'gold_agg', 'scheduled__2026-02-10T12:40:00+00:00', '--job-id', '365', '--raw', '--subdir', 'DAGS_FOLDER/flight_pipeline.py', '--cfg-path', '/tmp/tmpu_tq4pxi']
[2026-02-10T12:45:30.359+0000] {standard_task_runner.py:91} INFO - Job 365: Subtask gold_agg
[2026-02-10T12:45:30.511+0000] {task_command.py:426} INFO - Running <TaskInstance: flights_ops_medallions_pipeline.gold_agg scheduled__2026-02-10T12:40:00+00:00 [running]> on host 7d9a94309692
[2026-02-10T12:45:30.732+0000] {taskinstance.py:2648} INFO - Exporting env vars: AIRFLOW_CTX_DAG_OWNER='airflow' AIRFLOW_CTX_DAG_ID='***_ops_medallions_pipeline' AIRFLOW_CTX_TASK_ID='gold_agg' AIRFLOW_CTX_EXECUTION_DATE='2026-02-10T12:40:00+00:00' AIRFLOW_CTX_TRY_NUMBER='1' AIRFLOW_CTX_DAG_RUN_ID='scheduled__2026-02-10T12:40:00+00:00'
[2026-02-10T12:45:30.734+0000] {taskinstance.py:430} INFO - ::endgroup::
[2026-02-10T12:45:30.799+0000] {logging_mixin.py:188} INFO - [gold] Lecture du fichier : /opt/airflow/data/silver/***_silver_20260210.csv
[2026-02-10T12:45:30.869+0000] {logging_mixin.py:188} INFO - [gold] Sauvegarde vers : /opt/airflow/data/gold/***_gold_20260210.csv
[2026-02-10T12:45:30.925+0000] {logging_mixin.py:188} INFO - [gold] Succès – fichier créé et poussé : /opt/airflow/data/gold/***_gold_20260210.csv
[2026-02-10T12:45:30.927+0000] {python.py:237} INFO - Done. Returned value was: None
[2026-02-10T12:45:30.928+0000] {taskinstance.py:441} INFO - ::group::Post task execution logs
[2026-02-10T12:45:31.036+0000] {taskinstance.py:1206} INFO - Marking task as SUCCESS. dag_id=***_ops_medallions_pipeline, task_id=gold_agg, run_id=scheduled__2026-02-10T12:40:00+00:00, execution_date=20260210T124000, start_date=20260210T124530, end_date=20260210T124531
[2026-02-10T12:45:31.169+0000] {local_task_job_runner.py:243} INFO - Task exited with return code 0
[2026-02-10T12:45:31.245+0000] {taskinstance.py:3503} INFO - 1 downstream tasks scheduled from follow-on schedule check
[2026-02-10T12:45:31.251+0000] {local_task_job_runner.py:222} INFO - ::endgroup::
