[2026-02-09T21:26:45.172+0000] {local_task_job_runner.py:120} INFO - ::group::Pre task execution logs
[2026-02-09T21:26:45.276+0000] {taskinstance.py:2076} INFO - Dependencies all met for dep_context=non-requeueable deps ti=<TaskInstance: flights_ops_medallions_pipeline.gold_agg scheduled__2026-02-09T21:05:00+00:00 [queued]>
[2026-02-09T21:26:45.301+0000] {taskinstance.py:2076} INFO - Dependencies all met for dep_context=requeueable deps ti=<TaskInstance: flights_ops_medallions_pipeline.gold_agg scheduled__2026-02-09T21:05:00+00:00 [queued]>
[2026-02-09T21:26:45.302+0000] {taskinstance.py:2306} INFO - Starting attempt 1 of 1
[2026-02-09T21:26:45.334+0000] {taskinstance.py:2330} INFO - Executing <Task(PythonOperator): gold_agg> on 2026-02-09 21:05:00+00:00
[2026-02-09T21:26:45.347+0000] {standard_task_runner.py:64} INFO - Started process 1988 to run task
[2026-02-09T21:26:45.352+0000] {standard_task_runner.py:90} INFO - Running: ['airflow', 'tasks', 'run', '***_ops_medallions_pipeline', 'gold_agg', 'scheduled__2026-02-09T21:05:00+00:00', '--job-id', '135', '--raw', '--subdir', 'DAGS_FOLDER/flight_pipeline.py', '--cfg-path', '/tmp/tmppe7oln2l']
[2026-02-09T21:26:45.358+0000] {standard_task_runner.py:91} INFO - Job 135: Subtask gold_agg
[2026-02-09T21:26:45.538+0000] {task_command.py:426} INFO - Running <TaskInstance: flights_ops_medallions_pipeline.gold_agg scheduled__2026-02-09T21:05:00+00:00 [running]> on host 7d9a94309692
[2026-02-09T21:26:45.877+0000] {taskinstance.py:2648} INFO - Exporting env vars: AIRFLOW_CTX_DAG_OWNER='airflow' AIRFLOW_CTX_DAG_ID='***_ops_medallions_pipeline' AIRFLOW_CTX_TASK_ID='gold_agg' AIRFLOW_CTX_EXECUTION_DATE='2026-02-09T21:05:00+00:00' AIRFLOW_CTX_TRY_NUMBER='1' AIRFLOW_CTX_DAG_RUN_ID='scheduled__2026-02-09T21:05:00+00:00'
[2026-02-09T21:26:45.880+0000] {taskinstance.py:430} INFO - ::endgroup::
[2026-02-09T21:26:45.995+0000] {logging_mixin.py:188} INFO - [gold] Lecture du fichier : /opt/airflow/data/silver/***_silver_20260209.csv
[2026-02-09T21:26:46.232+0000] {logging_mixin.py:188} INFO - [gold] Sauvegarde vers : /opt/airflow/data/gold/***_gold_20260209.csv
[2026-02-09T21:26:46.311+0000] {logging_mixin.py:188} INFO - [gold] Succès – fichier créé et poussé : /opt/airflow/data/gold/***_gold_20260209.csv
[2026-02-09T21:26:46.314+0000] {python.py:237} INFO - Done. Returned value was: None
[2026-02-09T21:26:46.316+0000] {taskinstance.py:441} INFO - ::group::Post task execution logs
[2026-02-09T21:26:46.366+0000] {taskinstance.py:1206} INFO - Marking task as SUCCESS. dag_id=***_ops_medallions_pipeline, task_id=gold_agg, run_id=scheduled__2026-02-09T21:05:00+00:00, execution_date=20260209T210500, start_date=20260209T212645, end_date=20260209T212646
[2026-02-09T21:26:46.428+0000] {local_task_job_runner.py:243} INFO - Task exited with return code 0
[2026-02-09T21:26:46.507+0000] {taskinstance.py:3503} INFO - 0 downstream tasks scheduled from follow-on schedule check
[2026-02-09T21:26:46.511+0000] {local_task_job_runner.py:222} INFO - ::endgroup::
