[2026-02-09T18:28:23.205+0000] {local_task_job_runner.py:120} INFO - ::group::Pre task execution logs
[2026-02-09T18:28:23.392+0000] {taskinstance.py:2076} INFO - Dependencies all met for dep_context=non-requeueable deps ti=<TaskInstance: flights_ops_medallions_pipeline.gold_agg manual__2026-02-09T18:27:29.043002+00:00 [queued]>
[2026-02-09T18:28:23.433+0000] {taskinstance.py:2076} INFO - Dependencies all met for dep_context=requeueable deps ti=<TaskInstance: flights_ops_medallions_pipeline.gold_agg manual__2026-02-09T18:27:29.043002+00:00 [queued]>
[2026-02-09T18:28:23.437+0000] {taskinstance.py:2306} INFO - Starting attempt 1 of 1
[2026-02-09T18:28:23.495+0000] {taskinstance.py:2330} INFO - Executing <Task(PythonOperator): gold_agg> on 2026-02-09 18:27:29.043002+00:00
[2026-02-09T18:28:23.533+0000] {standard_task_runner.py:64} INFO - Started process 468 to run task
[2026-02-09T18:28:23.547+0000] {standard_task_runner.py:90} INFO - Running: ['airflow', 'tasks', 'run', '***_ops_medallions_pipeline', 'gold_agg', 'manual__2026-02-09T18:27:29.043002+00:00', '--job-id', '33', '--raw', '--subdir', 'DAGS_FOLDER/flight_pipeline.py', '--cfg-path', '/tmp/tmpfx53g58i']
[2026-02-09T18:28:23.569+0000] {standard_task_runner.py:91} INFO - Job 33: Subtask gold_agg
[2026-02-09T18:28:23.881+0000] {task_command.py:426} INFO - Running <TaskInstance: flights_ops_medallions_pipeline.gold_agg manual__2026-02-09T18:27:29.043002+00:00 [running]> on host 7d9a94309692
[2026-02-09T18:28:24.433+0000] {taskinstance.py:2648} INFO - Exporting env vars: AIRFLOW_CTX_DAG_OWNER='airflow' AIRFLOW_CTX_DAG_ID='***_ops_medallions_pipeline' AIRFLOW_CTX_TASK_ID='gold_agg' AIRFLOW_CTX_EXECUTION_DATE='2026-02-09T18:27:29.043002+00:00' AIRFLOW_CTX_TRY_NUMBER='1' AIRFLOW_CTX_DAG_RUN_ID='manual__2026-02-09T18:27:29.043002+00:00'
[2026-02-09T18:28:24.436+0000] {taskinstance.py:430} INFO - ::endgroup::
[2026-02-09T18:28:24.616+0000] {taskinstance.py:441} INFO - ::group::Post task execution logs
[2026-02-09T18:28:24.618+0000] {taskinstance.py:2905} ERROR - Task failed with exception
Traceback (most recent call last):
  File "/home/airflow/.local/lib/python3.12/site-packages/airflow/models/taskinstance.py", line 465, in _execute_task
    result = _execute_callable(context=context, **execute_callable_kwargs)
             ^^^^^^^^^^^^^^^^^^^^^^^^^^^^^^^^^^^^^^^^^^^^^^^^^^^^^^^^^^^^^
  File "/home/airflow/.local/lib/python3.12/site-packages/airflow/models/taskinstance.py", line 432, in _execute_callable
    return execute_callable(context=context, **execute_callable_kwargs)
           ^^^^^^^^^^^^^^^^^^^^^^^^^^^^^^^^^^^^^^^^^^^^^^^^^^^^^^^^^^^^
  File "/home/airflow/.local/lib/python3.12/site-packages/airflow/models/baseoperator.py", line 401, in wrapper
    return func(self, *args, **kwargs)
           ^^^^^^^^^^^^^^^^^^^^^^^^^^^
  File "/home/airflow/.local/lib/python3.12/site-packages/airflow/operators/python.py", line 235, in execute
    return_value = self.execute_callable()
                   ^^^^^^^^^^^^^^^^^^^^^^^
  File "/home/airflow/.local/lib/python3.12/site-packages/airflow/operators/python.py", line 252, in execute_callable
    return self.python_callable(*self.op_args, **self.op_kwargs)
           ^^^^^^^^^^^^^^^^^^^^^^^^^^^^^^^^^^^^^^^^^^^^^^^^^^^^^
  File "/opt/airflow/scripts/gold_aggregation.py", line 12, in run_gold_aggregate
    agg = (df.groupby("origin_country").agg(total_flights = ("icao24","count"),avg_velocity = ("velocity","mean"),on_ground=("on_ground","sum").reset_index()))
                                                                                                                            ^^^^^^^^^^^^^^^^^^^^^^^^^^^^^^^
AttributeError: 'tuple' object has no attribute 'reset_index'
[2026-02-09T18:28:24.663+0000] {taskinstance.py:1206} INFO - Marking task as FAILED. dag_id=***_ops_medallions_pipeline, task_id=gold_agg, run_id=manual__2026-02-09T18:27:29.043002+00:00, execution_date=20260209T182729, start_date=20260209T182823, end_date=20260209T182824
[2026-02-09T18:28:24.692+0000] {standard_task_runner.py:110} ERROR - Failed to execute job 33 for task gold_agg ('tuple' object has no attribute 'reset_index'; 468)
[2026-02-09T18:28:24.745+0000] {local_task_job_runner.py:243} INFO - Task exited with return code 1
[2026-02-09T18:28:24.793+0000] {taskinstance.py:3503} INFO - 0 downstream tasks scheduled from follow-on schedule check
[2026-02-09T18:28:24.797+0000] {local_task_job_runner.py:222} INFO - ::endgroup::
